ARM GAS  C:\Users\Surface\AppData\Local\Temp\ccx2DInB.s 			page 1


   1              		.syntax unified
   2              		.cpu cortex-m0
   3              		.fpu softvfp
   4              		.eabi_attribute 20, 1
   5              		.eabi_attribute 21, 1
   6              		.eabi_attribute 23, 3
   7              		.eabi_attribute 24, 1
   8              		.eabi_attribute 25, 1
   9              		.eabi_attribute 26, 1
  10              		.eabi_attribute 30, 1
  11              		.eabi_attribute 34, 0
  12              		.eabi_attribute 18, 4
  13              		.thumb
  14              		.syntax unified
  15              		.file	"cyfitter_cfg.c"
  16              		.text
  17              	.Ltext0:
  18              		.cfi_sections	.debug_frame
  19              		.section	.text.CYMEMZERO,"ax",%progbits
  20              		.align	2
  21              		.code	16
  22              		.thumb_func
  23              		.type	CYMEMZERO, %function
  24              	CYMEMZERO:
  25              	.LFB2:
  26              		.file 1 "Generated_Source\\PSoC4\\cyfitter_cfg.c"
   1:Generated_Source\PSoC4/cyfitter_cfg.c **** 
   2:Generated_Source\PSoC4/cyfitter_cfg.c **** /*******************************************************************************
   3:Generated_Source\PSoC4/cyfitter_cfg.c **** * File Name: cyfitter_cfg.c
   4:Generated_Source\PSoC4/cyfitter_cfg.c **** * 
   5:Generated_Source\PSoC4/cyfitter_cfg.c **** * PSoC Creator  4.4
   6:Generated_Source\PSoC4/cyfitter_cfg.c **** *
   7:Generated_Source\PSoC4/cyfitter_cfg.c **** * Description:
   8:Generated_Source\PSoC4/cyfitter_cfg.c **** * This file contains device initialization code.
   9:Generated_Source\PSoC4/cyfitter_cfg.c **** * Except for the user defined sections in CyClockStartupError(), this file should not be modified.
  10:Generated_Source\PSoC4/cyfitter_cfg.c **** * This file is automatically generated by PSoC Creator.
  11:Generated_Source\PSoC4/cyfitter_cfg.c **** *
  12:Generated_Source\PSoC4/cyfitter_cfg.c **** ********************************************************************************
  13:Generated_Source\PSoC4/cyfitter_cfg.c **** * Copyright (c) 2007-2020 Cypress Semiconductor.  All rights reserved.
  14:Generated_Source\PSoC4/cyfitter_cfg.c **** * You may use this file only in accordance with the license, terms, conditions, 
  15:Generated_Source\PSoC4/cyfitter_cfg.c **** * disclaimers, and limitations in the end user license agreement accompanying 
  16:Generated_Source\PSoC4/cyfitter_cfg.c **** * the software package with which this file was provided.
  17:Generated_Source\PSoC4/cyfitter_cfg.c **** ********************************************************************************/
  18:Generated_Source\PSoC4/cyfitter_cfg.c **** 
  19:Generated_Source\PSoC4/cyfitter_cfg.c **** #include <string.h>
  20:Generated_Source\PSoC4/cyfitter_cfg.c **** #include "cytypes.h"
  21:Generated_Source\PSoC4/cyfitter_cfg.c **** #include "cydevice_trm.h"
  22:Generated_Source\PSoC4/cyfitter_cfg.c **** #include "cyfitter.h"
  23:Generated_Source\PSoC4/cyfitter_cfg.c **** #include "CyLib.h"
  24:Generated_Source\PSoC4/cyfitter_cfg.c **** #include "CyLFClk.h"
  25:Generated_Source\PSoC4/cyfitter_cfg.c **** #include "cyfitter_cfg.h"
  26:Generated_Source\PSoC4/cyfitter_cfg.c **** #include "cyapicallbacks.h"
  27:Generated_Source\PSoC4/cyfitter_cfg.c **** 
  28:Generated_Source\PSoC4/cyfitter_cfg.c **** 
  29:Generated_Source\PSoC4/cyfitter_cfg.c **** #if defined(__GNUC__) || defined(__ARMCC_VERSION)
  30:Generated_Source\PSoC4/cyfitter_cfg.c ****     #define CYPACKED 
  31:Generated_Source\PSoC4/cyfitter_cfg.c ****     #define CYPACKED_ATTR __attribute__ ((packed))
ARM GAS  C:\Users\Surface\AppData\Local\Temp\ccx2DInB.s 			page 2


  32:Generated_Source\PSoC4/cyfitter_cfg.c ****     #define CYALIGNED __attribute__ ((aligned))
  33:Generated_Source\PSoC4/cyfitter_cfg.c ****     #define CY_CFG_UNUSED __attribute__ ((unused))
  34:Generated_Source\PSoC4/cyfitter_cfg.c ****     #ifndef CY_CFG_SECTION
  35:Generated_Source\PSoC4/cyfitter_cfg.c ****         #define CY_CFG_SECTION __attribute__ ((section(".psocinit")))
  36:Generated_Source\PSoC4/cyfitter_cfg.c ****     #endif
  37:Generated_Source\PSoC4/cyfitter_cfg.c ****     
  38:Generated_Source\PSoC4/cyfitter_cfg.c ****     #if defined(__ARMCC_VERSION)
  39:Generated_Source\PSoC4/cyfitter_cfg.c ****         #define CY_CFG_MEMORY_BARRIER() __memory_changed()
  40:Generated_Source\PSoC4/cyfitter_cfg.c ****     #else
  41:Generated_Source\PSoC4/cyfitter_cfg.c ****         #define CY_CFG_MEMORY_BARRIER() __sync_synchronize()
  42:Generated_Source\PSoC4/cyfitter_cfg.c ****     #endif
  43:Generated_Source\PSoC4/cyfitter_cfg.c ****     
  44:Generated_Source\PSoC4/cyfitter_cfg.c **** #elif defined(__ICCARM__)
  45:Generated_Source\PSoC4/cyfitter_cfg.c ****     #include <intrinsics.h>
  46:Generated_Source\PSoC4/cyfitter_cfg.c **** 
  47:Generated_Source\PSoC4/cyfitter_cfg.c ****     #define CYPACKED __packed
  48:Generated_Source\PSoC4/cyfitter_cfg.c ****     #define CYPACKED_ATTR 
  49:Generated_Source\PSoC4/cyfitter_cfg.c ****     #define CYALIGNED _Pragma("data_alignment=4")
  50:Generated_Source\PSoC4/cyfitter_cfg.c ****     #define CY_CFG_UNUSED _Pragma("diag_suppress=Pe177")
  51:Generated_Source\PSoC4/cyfitter_cfg.c ****     #define CY_CFG_SECTION _Pragma("location=\".psocinit\"")
  52:Generated_Source\PSoC4/cyfitter_cfg.c ****     
  53:Generated_Source\PSoC4/cyfitter_cfg.c ****     #define CY_CFG_MEMORY_BARRIER() __DMB()
  54:Generated_Source\PSoC4/cyfitter_cfg.c ****     
  55:Generated_Source\PSoC4/cyfitter_cfg.c **** #else
  56:Generated_Source\PSoC4/cyfitter_cfg.c ****     #error Unsupported toolchain
  57:Generated_Source\PSoC4/cyfitter_cfg.c **** #endif
  58:Generated_Source\PSoC4/cyfitter_cfg.c **** 
  59:Generated_Source\PSoC4/cyfitter_cfg.c **** #ifndef CYCODE
  60:Generated_Source\PSoC4/cyfitter_cfg.c ****     #define CYCODE
  61:Generated_Source\PSoC4/cyfitter_cfg.c **** #endif
  62:Generated_Source\PSoC4/cyfitter_cfg.c **** #ifndef CYDATA
  63:Generated_Source\PSoC4/cyfitter_cfg.c ****     #define CYDATA
  64:Generated_Source\PSoC4/cyfitter_cfg.c **** #endif
  65:Generated_Source\PSoC4/cyfitter_cfg.c **** #ifndef CYFAR
  66:Generated_Source\PSoC4/cyfitter_cfg.c ****     #define CYFAR
  67:Generated_Source\PSoC4/cyfitter_cfg.c **** #endif
  68:Generated_Source\PSoC4/cyfitter_cfg.c **** #ifndef CYXDATA
  69:Generated_Source\PSoC4/cyfitter_cfg.c ****     #define CYXDATA
  70:Generated_Source\PSoC4/cyfitter_cfg.c **** #endif
  71:Generated_Source\PSoC4/cyfitter_cfg.c **** 
  72:Generated_Source\PSoC4/cyfitter_cfg.c **** 
  73:Generated_Source\PSoC4/cyfitter_cfg.c **** CY_CFG_UNUSED
  74:Generated_Source\PSoC4/cyfitter_cfg.c **** static void CYMEMZERO(void *s, size_t n);
  75:Generated_Source\PSoC4/cyfitter_cfg.c **** CY_CFG_UNUSED
  76:Generated_Source\PSoC4/cyfitter_cfg.c **** static void CYMEMZERO(void *s, size_t n)
  77:Generated_Source\PSoC4/cyfitter_cfg.c **** {
  27              		.loc 1 77 0
  28              		.cfi_startproc
  29              		@ args = 0, pretend = 0, frame = 0
  30              		@ frame_needed = 0, uses_anonymous_args = 0
  31              	.LVL0:
  32 0000 10B5     		push	{r4, lr}
  33              		.cfi_def_cfa_offset 8
  34              		.cfi_offset 4, -8
  35              		.cfi_offset 14, -4
  36 0002 0A00     		movs	r2, r1
  78:Generated_Source\PSoC4/cyfitter_cfg.c **** 	(void)memset(s, 0, n);
ARM GAS  C:\Users\Surface\AppData\Local\Temp\ccx2DInB.s 			page 3


  37              		.loc 1 78 0
  38 0004 0021     		movs	r1, #0
  39              	.LVL1:
  40 0006 FFF7FEFF 		bl	memset
  41              	.LVL2:
  79:Generated_Source\PSoC4/cyfitter_cfg.c **** }
  42              		.loc 1 79 0
  43              		@ sp needed
  44 000a 10BD     		pop	{r4, pc}
  45              		.cfi_endproc
  46              	.LFE2:
  47              		.size	CYMEMZERO, .-CYMEMZERO
  48              		.section	.psocinit,"ax",%progbits
  49              		.align	2
  50              		.code	16
  51              		.thumb_func
  52              		.type	ClockSetup, %function
  53              	ClockSetup:
  54              	.LFB5:
  80:Generated_Source\PSoC4/cyfitter_cfg.c **** CY_CFG_UNUSED
  81:Generated_Source\PSoC4/cyfitter_cfg.c **** static void CYCONFIGCPY(void *dest, const void *src, size_t n);
  82:Generated_Source\PSoC4/cyfitter_cfg.c **** CY_CFG_UNUSED
  83:Generated_Source\PSoC4/cyfitter_cfg.c **** static void CYCONFIGCPY(void *dest, const void *src, size_t n)
  84:Generated_Source\PSoC4/cyfitter_cfg.c **** {
  85:Generated_Source\PSoC4/cyfitter_cfg.c **** 	(void)memcpy(dest, src, n);
  86:Generated_Source\PSoC4/cyfitter_cfg.c **** }
  87:Generated_Source\PSoC4/cyfitter_cfg.c **** CY_CFG_UNUSED
  88:Generated_Source\PSoC4/cyfitter_cfg.c **** static void CYCONFIGCPYCODE(void *dest, const void *src, size_t n);
  89:Generated_Source\PSoC4/cyfitter_cfg.c **** CY_CFG_UNUSED
  90:Generated_Source\PSoC4/cyfitter_cfg.c **** static void CYCONFIGCPYCODE(void *dest, const void *src, size_t n)
  91:Generated_Source\PSoC4/cyfitter_cfg.c **** {
  92:Generated_Source\PSoC4/cyfitter_cfg.c **** 	(void)memcpy(dest, src, n);
  93:Generated_Source\PSoC4/cyfitter_cfg.c **** }
  94:Generated_Source\PSoC4/cyfitter_cfg.c **** 
  95:Generated_Source\PSoC4/cyfitter_cfg.c **** 
  96:Generated_Source\PSoC4/cyfitter_cfg.c **** 
  97:Generated_Source\PSoC4/cyfitter_cfg.c **** 
  98:Generated_Source\PSoC4/cyfitter_cfg.c **** /* Clock startup error codes                                                   */
  99:Generated_Source\PSoC4/cyfitter_cfg.c **** #define CYCLOCKSTART_NO_ERROR    0u
 100:Generated_Source\PSoC4/cyfitter_cfg.c **** #define CYCLOCKSTART_XTAL_ERROR  1u
 101:Generated_Source\PSoC4/cyfitter_cfg.c **** #define CYCLOCKSTART_32KHZ_ERROR 2u
 102:Generated_Source\PSoC4/cyfitter_cfg.c **** #define CYCLOCKSTART_PLL_ERROR   3u
 103:Generated_Source\PSoC4/cyfitter_cfg.c **** #define CYCLOCKSTART_FLL_ERROR   4u
 104:Generated_Source\PSoC4/cyfitter_cfg.c **** #define CYCLOCKSTART_WCO_ERROR   5u
 105:Generated_Source\PSoC4/cyfitter_cfg.c **** 
 106:Generated_Source\PSoC4/cyfitter_cfg.c **** 
 107:Generated_Source\PSoC4/cyfitter_cfg.c **** #ifdef CY_NEED_CYCLOCKSTARTUPERROR
 108:Generated_Source\PSoC4/cyfitter_cfg.c **** /*******************************************************************************
 109:Generated_Source\PSoC4/cyfitter_cfg.c **** * Function Name: CyClockStartupError
 110:Generated_Source\PSoC4/cyfitter_cfg.c **** ********************************************************************************
 111:Generated_Source\PSoC4/cyfitter_cfg.c **** * Summary:
 112:Generated_Source\PSoC4/cyfitter_cfg.c **** *  If an error is encountered during clock configuration (crystal startup error,
 113:Generated_Source\PSoC4/cyfitter_cfg.c **** *  PLL lock error, etc.), the system will end up here.  Unless reimplemented by
 114:Generated_Source\PSoC4/cyfitter_cfg.c **** *  the customer, this function will stop in an infinite loop.
 115:Generated_Source\PSoC4/cyfitter_cfg.c **** *
 116:Generated_Source\PSoC4/cyfitter_cfg.c **** * Parameters:
 117:Generated_Source\PSoC4/cyfitter_cfg.c **** *   void
ARM GAS  C:\Users\Surface\AppData\Local\Temp\ccx2DInB.s 			page 4


 118:Generated_Source\PSoC4/cyfitter_cfg.c **** *
 119:Generated_Source\PSoC4/cyfitter_cfg.c **** * Return:
 120:Generated_Source\PSoC4/cyfitter_cfg.c **** *   void
 121:Generated_Source\PSoC4/cyfitter_cfg.c **** *
 122:Generated_Source\PSoC4/cyfitter_cfg.c **** *******************************************************************************/
 123:Generated_Source\PSoC4/cyfitter_cfg.c **** CY_CFG_UNUSED
 124:Generated_Source\PSoC4/cyfitter_cfg.c **** static void CyClockStartupError(uint8 errorCode);
 125:Generated_Source\PSoC4/cyfitter_cfg.c **** CY_CFG_UNUSED
 126:Generated_Source\PSoC4/cyfitter_cfg.c **** static void CyClockStartupError(uint8 errorCode)
 127:Generated_Source\PSoC4/cyfitter_cfg.c **** {
 128:Generated_Source\PSoC4/cyfitter_cfg.c ****     /* To remove the compiler warning if errorCode not used.                */
 129:Generated_Source\PSoC4/cyfitter_cfg.c ****     errorCode = errorCode;
 130:Generated_Source\PSoC4/cyfitter_cfg.c **** 
 131:Generated_Source\PSoC4/cyfitter_cfg.c ****     /* If we have a clock startup error (bad MHz crystal, PLL lock, etc.),  */
 132:Generated_Source\PSoC4/cyfitter_cfg.c ****     /* we will end up here to allow the customer to implement something to  */
 133:Generated_Source\PSoC4/cyfitter_cfg.c ****     /* deal with the clock condition.                                       */
 134:Generated_Source\PSoC4/cyfitter_cfg.c **** 
 135:Generated_Source\PSoC4/cyfitter_cfg.c **** #ifdef CY_CFG_CLOCK_STARTUP_ERROR_CALLBACK
 136:Generated_Source\PSoC4/cyfitter_cfg.c ****     CY_CFG_Clock_Startup_ErrorCallback();
 137:Generated_Source\PSoC4/cyfitter_cfg.c **** #else
 138:Generated_Source\PSoC4/cyfitter_cfg.c ****     /*  If not using CY_CFG_CLOCK_STARTUP_ERROR_CALLBACK, place your clock startup code here. */
 139:Generated_Source\PSoC4/cyfitter_cfg.c ****     /* `#START CyClockStartupError` */
 140:Generated_Source\PSoC4/cyfitter_cfg.c **** 
 141:Generated_Source\PSoC4/cyfitter_cfg.c **** 
 142:Generated_Source\PSoC4/cyfitter_cfg.c **** 
 143:Generated_Source\PSoC4/cyfitter_cfg.c ****     /* `#END` */
 144:Generated_Source\PSoC4/cyfitter_cfg.c **** 
 145:Generated_Source\PSoC4/cyfitter_cfg.c ****     while(1) {}
 146:Generated_Source\PSoC4/cyfitter_cfg.c **** #endif /* CY_CFG_CLOCK_STARTUP_ERROR_CALLBACK */
 147:Generated_Source\PSoC4/cyfitter_cfg.c **** }
 148:Generated_Source\PSoC4/cyfitter_cfg.c **** #endif
 149:Generated_Source\PSoC4/cyfitter_cfg.c **** 
 150:Generated_Source\PSoC4/cyfitter_cfg.c **** 
 151:Generated_Source\PSoC4/cyfitter_cfg.c **** 
 152:Generated_Source\PSoC4/cyfitter_cfg.c **** /*******************************************************************************
 153:Generated_Source\PSoC4/cyfitter_cfg.c **** * Function Name: ClockSetup
 154:Generated_Source\PSoC4/cyfitter_cfg.c **** ********************************************************************************
 155:Generated_Source\PSoC4/cyfitter_cfg.c **** *
 156:Generated_Source\PSoC4/cyfitter_cfg.c **** * Summary:
 157:Generated_Source\PSoC4/cyfitter_cfg.c **** *   Performs the initialization of all of the clocks in the device based on the
 158:Generated_Source\PSoC4/cyfitter_cfg.c **** *   settings in the Clock tab of the DWR.  This includes enabling the requested
 159:Generated_Source\PSoC4/cyfitter_cfg.c **** *   clocks and setting the necessary dividers to produce the desired frequency. 
 160:Generated_Source\PSoC4/cyfitter_cfg.c **** *
 161:Generated_Source\PSoC4/cyfitter_cfg.c **** * Parameters:
 162:Generated_Source\PSoC4/cyfitter_cfg.c **** *   void
 163:Generated_Source\PSoC4/cyfitter_cfg.c **** *
 164:Generated_Source\PSoC4/cyfitter_cfg.c **** * Return:
 165:Generated_Source\PSoC4/cyfitter_cfg.c **** *   void
 166:Generated_Source\PSoC4/cyfitter_cfg.c **** *
 167:Generated_Source\PSoC4/cyfitter_cfg.c **** *******************************************************************************/
 168:Generated_Source\PSoC4/cyfitter_cfg.c **** static void ClockSetup(void);
 169:Generated_Source\PSoC4/cyfitter_cfg.c **** CY_CFG_SECTION
 170:Generated_Source\PSoC4/cyfitter_cfg.c **** static void ClockSetup(void)
 171:Generated_Source\PSoC4/cyfitter_cfg.c **** {
  55              		.loc 1 171 0
  56              		.cfi_startproc
  57              		@ args = 0, pretend = 0, frame = 0
ARM GAS  C:\Users\Surface\AppData\Local\Temp\ccx2DInB.s 			page 5


  58              		@ frame_needed = 0, uses_anonymous_args = 0
  59 0000 70B5     		push	{r4, r5, r6, lr}
  60              		.cfi_def_cfa_offset 16
  61              		.cfi_offset 4, -16
  62              		.cfi_offset 5, -12
  63              		.cfi_offset 6, -8
  64              		.cfi_offset 14, -4
 172:Generated_Source\PSoC4/cyfitter_cfg.c **** 
 173:Generated_Source\PSoC4/cyfitter_cfg.c **** 	/* Set Flash Cycles based on max possible frequency in case a glitch occurs during ClockSetup(). *
 174:Generated_Source\PSoC4/cyfitter_cfg.c **** 	CY_SET_REG32((void CYXDATA *)(CYREG_CPUSS_FLASH_CTL), (0x0012u));
  65              		.loc 1 174 0
  66 0002 1222     		movs	r2, #18
  67 0004 304B     		ldr	r3, .L3
  68 0006 1A60     		str	r2, [r3]
 175:Generated_Source\PSoC4/cyfitter_cfg.c **** 
 176:Generated_Source\PSoC4/cyfitter_cfg.c **** 	/* Start the WCO */
 177:Generated_Source\PSoC4/cyfitter_cfg.c **** 	CySysClkWcoStart();
  69              		.loc 1 177 0
  70 0008 FFF7FEFF 		bl	CySysClkWcoStart
  71              	.LVL3:
 178:Generated_Source\PSoC4/cyfitter_cfg.c **** 	CyDelayCycles(12000000u); /* WCO may take up to 500ms to start */
  72              		.loc 1 178 0
  73 000c 2F48     		ldr	r0, .L3+4
  74 000e FFF7FEFF 		bl	CyDelayCycles
  75              	.LVL4:
 179:Generated_Source\PSoC4/cyfitter_cfg.c **** 	(void)CySysClkWcoSetPowerMode(CY_SYS_CLK_WCO_LPM);    /* Switch to the low power mode */
  76              		.loc 1 179 0
  77 0012 0120     		movs	r0, #1
  78 0014 FFF7FEFF 		bl	CySysClkWcoSetPowerMode
  79              	.LVL5:
 180:Generated_Source\PSoC4/cyfitter_cfg.c **** 
 181:Generated_Source\PSoC4/cyfitter_cfg.c **** 	/* Setup and trim IMO based on desired frequency. */
 182:Generated_Source\PSoC4/cyfitter_cfg.c **** 	CySysClkWriteImoFreq(48u);
  80              		.loc 1 182 0
  81 0018 3020     		movs	r0, #48
  82 001a FFF7FEFF 		bl	CySysClkWriteImoFreq
  83              	.LVL6:
 183:Generated_Source\PSoC4/cyfitter_cfg.c **** 	/* CYDEV_CLK_ILO_CONFIG Starting address: CYDEV_CLK_ILO_CONFIG */
 184:Generated_Source\PSoC4/cyfitter_cfg.c **** 	CY_SET_REG32((void *)(CYREG_CLK_ILO_CONFIG), 0x80000006u);
  84              		.loc 1 184 0
  85 001e 2C4A     		ldr	r2, .L3+8
  86 0020 2C4B     		ldr	r3, .L3+12
  87 0022 1A60     		str	r2, [r3]
 185:Generated_Source\PSoC4/cyfitter_cfg.c **** 
 186:Generated_Source\PSoC4/cyfitter_cfg.c **** 	/* CYDEV_WDT_CONFIG Starting address: CYDEV_WDT_CONFIG */
 187:Generated_Source\PSoC4/cyfitter_cfg.c **** 	CY_SET_REG32((void *)(CYREG_WDT_CONFIG), 0x40000000u);
  88              		.loc 1 187 0
  89 0024 2C4C     		ldr	r4, .L3+16
  90 0026 8025     		movs	r5, #128
  91 0028 ED05     		lsls	r5, r5, #23
  92 002a 2560     		str	r5, [r4]
 188:Generated_Source\PSoC4/cyfitter_cfg.c **** 
 189:Generated_Source\PSoC4/cyfitter_cfg.c **** 
 190:Generated_Source\PSoC4/cyfitter_cfg.c **** 	/* Enable fast start mode for XO */
 191:Generated_Source\PSoC4/cyfitter_cfg.c **** 	CY_SET_REG32((void*)CYREG_BLE_BLERD_BB_XO, CY_GET_REG32((void*)CYREG_BLE_BLERD_BB_XO) | (uint32)0x
  93              		.loc 1 191 0
  94 002c 2B4A     		ldr	r2, .L3+20
ARM GAS  C:\Users\Surface\AppData\Local\Temp\ccx2DInB.s 			page 6


  95 002e 1168     		ldr	r1, [r2]
  96 0030 0223     		movs	r3, #2
  97 0032 0B43     		orrs	r3, r1
  98 0034 1360     		str	r3, [r2]
 192:Generated_Source\PSoC4/cyfitter_cfg.c **** 	CY_SET_REG32((void *)(CYREG_BLE_BLERD_BB_XO_CAPTRIM), 0x00003E2Du);
  99              		.loc 1 192 0
 100 0036 2A4A     		ldr	r2, .L3+24
 101 0038 2A4B     		ldr	r3, .L3+28
 102 003a 1A60     		str	r2, [r3]
 193:Generated_Source\PSoC4/cyfitter_cfg.c **** 	/*Set XTAL(ECO) divider*/
 194:Generated_Source\PSoC4/cyfitter_cfg.c **** 	CY_SET_REG32((void *)(CYREG_BLE_BLESS_XTAL_CLK_DIV_CONFIG), 0x00000000u);
 103              		.loc 1 194 0
 104 003c 0022     		movs	r2, #0
 105 003e 2A4B     		ldr	r3, .L3+32
 106 0040 1A60     		str	r2, [r3]
 195:Generated_Source\PSoC4/cyfitter_cfg.c **** 	/* Disable Crystal Stable Interrupt before enabling ECO */
 196:Generated_Source\PSoC4/cyfitter_cfg.c **** 	CY_SET_REG32((void*)CYREG_BLE_BLESS_LL_DSM_CTRL, CY_GET_REG32((void*)CYREG_BLE_BLESS_LL_DSM_CTRL) 
 107              		.loc 1 196 0
 108 0042 2A4A     		ldr	r2, .L3+36
 109 0044 1368     		ldr	r3, [r2]
 110 0046 0821     		movs	r1, #8
 111 0048 8B43     		bics	r3, r1
 112 004a 1360     		str	r3, [r2]
 197:Generated_Source\PSoC4/cyfitter_cfg.c **** 	/* Start the ECO and do not check status since it is not needed for HFCLK */
 198:Generated_Source\PSoC4/cyfitter_cfg.c **** 	(void)CySysClkEcoStart(2000u);
 113              		.loc 1 198 0
 114 004c FA20     		movs	r0, #250
 115 004e C000     		lsls	r0, r0, #3
 116 0050 FFF7FEFF 		bl	CySysClkEcoStart
 117              	.LVL7:
 199:Generated_Source\PSoC4/cyfitter_cfg.c **** 	CyDelayUs(1500u); /* Wait to stabilize */
 118              		.loc 1 199 0
 119 0054 2648     		ldr	r0, .L3+40
 120 0056 FFF7FEFF 		bl	CyDelayUs
 121              	.LVL8:
 200:Generated_Source\PSoC4/cyfitter_cfg.c **** 
 201:Generated_Source\PSoC4/cyfitter_cfg.c **** 	/* Setup phase aligned clocks */
 202:Generated_Source\PSoC4/cyfitter_cfg.c **** 	CY_SET_REG32((void *)CYREG_PERI_DIV_16_CTL3, 0x00004800u);
 122              		.loc 1 202 0
 123 005a 9022     		movs	r2, #144
 124 005c D201     		lsls	r2, r2, #7
 125 005e 254B     		ldr	r3, .L3+44
 126 0060 1A60     		str	r2, [r3]
 203:Generated_Source\PSoC4/cyfitter_cfg.c **** 	CY_SET_REG32((void *)CYREG_PERI_DIV_CMD, 0x8000FF43u);
 127              		.loc 1 203 0
 128 0062 254B     		ldr	r3, .L3+48
 129 0064 254A     		ldr	r2, .L3+52
 130 0066 1A60     		str	r2, [r3]
 204:Generated_Source\PSoC4/cyfitter_cfg.c **** 	CY_SET_REG32((void *)CYREG_PERI_DIV_16_CTL1, 0x00001D00u);
 131              		.loc 1 204 0
 132 0068 E821     		movs	r1, #232
 133 006a 4901     		lsls	r1, r1, #5
 134 006c 244A     		ldr	r2, .L3+56
 135 006e 1160     		str	r1, [r2]
 205:Generated_Source\PSoC4/cyfitter_cfg.c **** 	CY_SET_REG32((void *)CYREG_PERI_DIV_CMD, 0x8000FF41u);
 136              		.loc 1 205 0
 137 0070 244A     		ldr	r2, .L3+60
ARM GAS  C:\Users\Surface\AppData\Local\Temp\ccx2DInB.s 			page 7


 138 0072 1A60     		str	r2, [r3]
 206:Generated_Source\PSoC4/cyfitter_cfg.c **** 	CY_SET_REG32((void *)CYREG_PERI_DIV_16_CTL0, 0x00000B00u);
 139              		.loc 1 206 0
 140 0074 B021     		movs	r1, #176
 141 0076 0901     		lsls	r1, r1, #4
 142 0078 234A     		ldr	r2, .L3+64
 143 007a 1160     		str	r1, [r2]
 207:Generated_Source\PSoC4/cyfitter_cfg.c **** 	CY_SET_REG32((void *)CYREG_PERI_DIV_CMD, 0x8000FF40u);
 144              		.loc 1 207 0
 145 007c 234A     		ldr	r2, .L3+68
 146 007e 1A60     		str	r2, [r3]
 208:Generated_Source\PSoC4/cyfitter_cfg.c **** 	CY_SET_REG32((void *)CYREG_PERI_DIV_16_CTL2, 0x00002200u);
 147              		.loc 1 208 0
 148 0080 8821     		movs	r1, #136
 149 0082 8901     		lsls	r1, r1, #6
 150 0084 224A     		ldr	r2, .L3+72
 151 0086 1160     		str	r1, [r2]
 209:Generated_Source\PSoC4/cyfitter_cfg.c **** 	CY_SET_REG32((void *)CYREG_PERI_DIV_CMD, 0x8000FF42u);
 152              		.loc 1 209 0
 153 0088 224A     		ldr	r2, .L3+76
 154 008a 1A60     		str	r2, [r3]
 210:Generated_Source\PSoC4/cyfitter_cfg.c **** 
 211:Generated_Source\PSoC4/cyfitter_cfg.c **** 	/* CYDEV_CLK_IMO_CONFIG Starting address: CYDEV_CLK_IMO_CONFIG */
 212:Generated_Source\PSoC4/cyfitter_cfg.c **** 	CY_SET_REG32((void *)(CYREG_CLK_IMO_CONFIG), 0x82000000u);
 155              		.loc 1 212 0
 156 008c 8222     		movs	r2, #130
 157 008e 1206     		lsls	r2, r2, #24
 158 0090 214B     		ldr	r3, .L3+80
 159 0092 1A60     		str	r2, [r3]
 213:Generated_Source\PSoC4/cyfitter_cfg.c **** 
 214:Generated_Source\PSoC4/cyfitter_cfg.c **** 	/* CYDEV_CLK_SELECT Starting address: CYDEV_CLK_SELECT */
 215:Generated_Source\PSoC4/cyfitter_cfg.c **** 	CY_SET_REG32((void *)(CYREG_CLK_SELECT), 0x00040000u);
 160              		.loc 1 215 0
 161 0094 8022     		movs	r2, #128
 162 0096 D202     		lsls	r2, r2, #11
 163 0098 204B     		ldr	r3, .L3+84
 164 009a 1A60     		str	r2, [r3]
 216:Generated_Source\PSoC4/cyfitter_cfg.c **** 
 217:Generated_Source\PSoC4/cyfitter_cfg.c **** 	/* CYDEV_PERI_PCLK_CTL7 Starting address: CYDEV_PERI_PCLK_CTL7 */
 218:Generated_Source\PSoC4/cyfitter_cfg.c **** 	CY_SET_REG32((void *)(CYREG_PERI_PCLK_CTL7), 0x00000043u);
 165              		.loc 1 218 0
 166 009c 4322     		movs	r2, #67
 167 009e 204B     		ldr	r3, .L3+88
 168 00a0 1A60     		str	r2, [r3]
 219:Generated_Source\PSoC4/cyfitter_cfg.c **** 
 220:Generated_Source\PSoC4/cyfitter_cfg.c **** 	/* CYDEV_PERI_PCLK_CTL6 Starting address: CYDEV_PERI_PCLK_CTL6 */
 221:Generated_Source\PSoC4/cyfitter_cfg.c **** 	CY_SET_REG32((void *)(CYREG_PERI_PCLK_CTL6), 0x00000041u);
 169              		.loc 1 221 0
 170 00a2 023A     		subs	r2, r2, #2
 171 00a4 1F4B     		ldr	r3, .L3+92
 172 00a6 1A60     		str	r2, [r3]
 222:Generated_Source\PSoC4/cyfitter_cfg.c **** 
 223:Generated_Source\PSoC4/cyfitter_cfg.c **** 	/* CYDEV_PERI_PCLK_CTL2 Starting address: CYDEV_PERI_PCLK_CTL2 */
 224:Generated_Source\PSoC4/cyfitter_cfg.c **** 	CY_SET_REG32((void *)(CYREG_PERI_PCLK_CTL2), 0x00000040u);
 173              		.loc 1 224 0
 174 00a8 013A     		subs	r2, r2, #1
 175 00aa 1F4B     		ldr	r3, .L3+96
ARM GAS  C:\Users\Surface\AppData\Local\Temp\ccx2DInB.s 			page 8


 176 00ac 1A60     		str	r2, [r3]
 225:Generated_Source\PSoC4/cyfitter_cfg.c **** 
 226:Generated_Source\PSoC4/cyfitter_cfg.c **** 	/* CYDEV_PERI_PCLK_CTL1 Starting address: CYDEV_PERI_PCLK_CTL1 */
 227:Generated_Source\PSoC4/cyfitter_cfg.c **** 	CY_SET_REG32((void *)(CYREG_PERI_PCLK_CTL1), 0x00000042u);
 177              		.loc 1 227 0
 178 00ae 0232     		adds	r2, r2, #2
 179 00b0 1E4B     		ldr	r3, .L3+100
 180 00b2 1A60     		str	r2, [r3]
 228:Generated_Source\PSoC4/cyfitter_cfg.c **** 
 229:Generated_Source\PSoC4/cyfitter_cfg.c **** 	(void)CyIntSetVector(8u, &CySysWdtIsr);
 181              		.loc 1 229 0
 182 00b4 1E49     		ldr	r1, .L3+104
 183 00b6 0820     		movs	r0, #8
 184 00b8 FFF7FEFF 		bl	CyIntSetVector
 185              	.LVL9:
 230:Generated_Source\PSoC4/cyfitter_cfg.c **** 	CyIntEnable(8u);
 186              		.loc 1 230 0
 187 00bc 0820     		movs	r0, #8
 188 00be FFF7FEFF 		bl	CyIntEnable
 189              	.LVL10:
 231:Generated_Source\PSoC4/cyfitter_cfg.c **** 	CY_SET_REG32((void *)(CYREG_WDT_CONFIG), 0x40000000u);
 190              		.loc 1 231 0
 191 00c2 2560     		str	r5, [r4]
 232:Generated_Source\PSoC4/cyfitter_cfg.c **** }
 192              		.loc 1 232 0
 193              		@ sp needed
 194 00c4 70BD     		pop	{r4, r5, r6, pc}
 195              	.L4:
 196 00c6 C046     		.align	2
 197              	.L3:
 198 00c8 30001040 		.word	1074790448
 199 00cc 001BB700 		.word	12000000
 200 00d0 06000080 		.word	-2147483642
 201 00d4 04010B40 		.word	1074462980
 202 00d8 0C020B40 		.word	1074463244
 203 00dc 78002E40 		.word	1076756600
 204 00e0 2D3E0000 		.word	15917
 205 00e4 7C002E40 		.word	1076756604
 206 00e8 64F02E40 		.word	1076818020
 207 00ec 6CF02E40 		.word	1076818028
 208 00f0 DC050000 		.word	1500
 209 00f4 0C030140 		.word	1073808140
 210 00f8 00000140 		.word	1073807360
 211 00fc 43FF0080 		.word	-2147418301
 212 0100 04030140 		.word	1073808132
 213 0104 41FF0080 		.word	-2147418303
 214 0108 00030140 		.word	1073808128
 215 010c 40FF0080 		.word	-2147418304
 216 0110 08030140 		.word	1073808136
 217 0114 42FF0080 		.word	-2147418302
 218 0118 08010B40 		.word	1074462984
 219 011c 00010B40 		.word	1074462976
 220 0120 1C010140 		.word	1073807644
 221 0124 18010140 		.word	1073807640
 222 0128 08010140 		.word	1073807624
 223 012c 04010140 		.word	1073807620
 224 0130 00000000 		.word	CySysWdtIsr
ARM GAS  C:\Users\Surface\AppData\Local\Temp\ccx2DInB.s 			page 9


 225              		.cfi_endproc
 226              	.LFE5:
 227              		.size	ClockSetup, .-ClockSetup
 228              		.section	.text.SetAnalogRoutingPumps,"ax",%progbits
 229              		.align	2
 230              		.global	SetAnalogRoutingPumps
 231              		.code	16
 232              		.thumb_func
 233              		.type	SetAnalogRoutingPumps, %function
 234              	SetAnalogRoutingPumps:
 235              	.LFB7:
 233:Generated_Source\PSoC4/cyfitter_cfg.c **** 
 234:Generated_Source\PSoC4/cyfitter_cfg.c **** 
 235:Generated_Source\PSoC4/cyfitter_cfg.c **** /* Analog API Functions */
 236:Generated_Source\PSoC4/cyfitter_cfg.c **** 
 237:Generated_Source\PSoC4/cyfitter_cfg.c **** 
 238:Generated_Source\PSoC4/cyfitter_cfg.c **** /*******************************************************************************
 239:Generated_Source\PSoC4/cyfitter_cfg.c **** * Function Name: AnalogSetDefault
 240:Generated_Source\PSoC4/cyfitter_cfg.c **** ********************************************************************************
 241:Generated_Source\PSoC4/cyfitter_cfg.c **** *
 242:Generated_Source\PSoC4/cyfitter_cfg.c **** * Summary:
 243:Generated_Source\PSoC4/cyfitter_cfg.c **** *  Sets up the analog portions of the chip to default values based on chip
 244:Generated_Source\PSoC4/cyfitter_cfg.c **** *  configuration options from the project.
 245:Generated_Source\PSoC4/cyfitter_cfg.c **** *
 246:Generated_Source\PSoC4/cyfitter_cfg.c **** * Parameters:
 247:Generated_Source\PSoC4/cyfitter_cfg.c **** *  void
 248:Generated_Source\PSoC4/cyfitter_cfg.c **** *
 249:Generated_Source\PSoC4/cyfitter_cfg.c **** * Return:
 250:Generated_Source\PSoC4/cyfitter_cfg.c **** *  void
 251:Generated_Source\PSoC4/cyfitter_cfg.c **** *
 252:Generated_Source\PSoC4/cyfitter_cfg.c **** *******************************************************************************/
 253:Generated_Source\PSoC4/cyfitter_cfg.c **** static void AnalogSetDefault(void);
 254:Generated_Source\PSoC4/cyfitter_cfg.c **** static void AnalogSetDefault(void)
 255:Generated_Source\PSoC4/cyfitter_cfg.c **** {
 256:Generated_Source\PSoC4/cyfitter_cfg.c **** 	CY_SET_XTND_REG32((void CYFAR *)CYREG_CTBM0_DFT_CTRL, 0x00000003u);
 257:Generated_Source\PSoC4/cyfitter_cfg.c **** 	CY_SET_XTND_REG32((void CYFAR *)CYREG_CTBM1_DFT_CTRL, 0x00000003u);
 258:Generated_Source\PSoC4/cyfitter_cfg.c **** 	CY_SET_XTND_REG32((void CYFAR *)CYREG_SAR_CTRL, 0x80000000u);
 259:Generated_Source\PSoC4/cyfitter_cfg.c **** 	CY_SET_XTND_REG32((void CYFAR *)CYREG_SAR_MUX_SWITCH0, 0x00000003u);
 260:Generated_Source\PSoC4/cyfitter_cfg.c **** 	CY_SET_XTND_REG32((void CYFAR *)CYREG_SAR_MUX_SWITCH_HW_CTRL, 0x00000003u);
 261:Generated_Source\PSoC4/cyfitter_cfg.c **** 	CY_SET_XTND_REG32((void CYFAR *)CYREG_PASS_DSAB_DSAB_CTRL, 0x00000000u);
 262:Generated_Source\PSoC4/cyfitter_cfg.c **** 	SetAnalogRoutingPumps(1);
 263:Generated_Source\PSoC4/cyfitter_cfg.c **** }
 264:Generated_Source\PSoC4/cyfitter_cfg.c **** 
 265:Generated_Source\PSoC4/cyfitter_cfg.c **** 
 266:Generated_Source\PSoC4/cyfitter_cfg.c **** /*******************************************************************************
 267:Generated_Source\PSoC4/cyfitter_cfg.c **** * Function Name: SetAnalogRoutingPumps
 268:Generated_Source\PSoC4/cyfitter_cfg.c **** ********************************************************************************
 269:Generated_Source\PSoC4/cyfitter_cfg.c **** *
 270:Generated_Source\PSoC4/cyfitter_cfg.c **** * Summary:
 271:Generated_Source\PSoC4/cyfitter_cfg.c **** * Enables or disables the analog pumps feeding analog routing switches.
 272:Generated_Source\PSoC4/cyfitter_cfg.c **** * Intended to be called at startup, based on the Vdda system configuration;
 273:Generated_Source\PSoC4/cyfitter_cfg.c **** * may be called during operation when the user informs us that the Vdda voltage crossed the pump th
 274:Generated_Source\PSoC4/cyfitter_cfg.c **** *
 275:Generated_Source\PSoC4/cyfitter_cfg.c **** * Parameters:
 276:Generated_Source\PSoC4/cyfitter_cfg.c **** *  enabled - 1 to enable the pumps, 0 to disable the pumps
 277:Generated_Source\PSoC4/cyfitter_cfg.c **** *
 278:Generated_Source\PSoC4/cyfitter_cfg.c **** * Return:
ARM GAS  C:\Users\Surface\AppData\Local\Temp\ccx2DInB.s 			page 10


 279:Generated_Source\PSoC4/cyfitter_cfg.c **** *  void
 280:Generated_Source\PSoC4/cyfitter_cfg.c **** *
 281:Generated_Source\PSoC4/cyfitter_cfg.c **** *******************************************************************************/
 282:Generated_Source\PSoC4/cyfitter_cfg.c **** void SetAnalogRoutingPumps(uint8 enabled)
 283:Generated_Source\PSoC4/cyfitter_cfg.c **** {
 236              		.loc 1 283 0
 237              		.cfi_startproc
 238              		@ args = 0, pretend = 0, frame = 0
 239              		@ frame_needed = 0, uses_anonymous_args = 0
 240              		@ link register save eliminated.
 241              	.LVL11:
 284:Generated_Source\PSoC4/cyfitter_cfg.c **** 	uint32 regValue = CY_GET_XTND_REG32((void *)(CYREG_SAR_PUMP_CTRL));
 242              		.loc 1 284 0
 243 0000 064B     		ldr	r3, .L8
 244 0002 1B68     		ldr	r3, [r3]
 245              	.LVL12:
 285:Generated_Source\PSoC4/cyfitter_cfg.c **** 	if (enabled != 0u)
 246              		.loc 1 285 0
 247 0004 0028     		cmp	r0, #0
 248 0006 03D0     		beq	.L6
 286:Generated_Source\PSoC4/cyfitter_cfg.c **** 	{
 287:Generated_Source\PSoC4/cyfitter_cfg.c **** 		regValue |= 0x80000000u;
 249              		.loc 1 287 0
 250 0008 8022     		movs	r2, #128
 251 000a 1206     		lsls	r2, r2, #24
 252 000c 1343     		orrs	r3, r2
 253              	.LVL13:
 254 000e 01E0     		b	.L7
 255              	.L6:
 288:Generated_Source\PSoC4/cyfitter_cfg.c **** 	}
 289:Generated_Source\PSoC4/cyfitter_cfg.c **** 	else
 290:Generated_Source\PSoC4/cyfitter_cfg.c **** 	{
 291:Generated_Source\PSoC4/cyfitter_cfg.c **** 		regValue &= ~0x80000000u;
 256              		.loc 1 291 0
 257 0010 5B00     		lsls	r3, r3, #1
 258              	.LVL14:
 259 0012 5B08     		lsrs	r3, r3, #1
 260              	.LVL15:
 261              	.L7:
 292:Generated_Source\PSoC4/cyfitter_cfg.c **** 	}
 293:Generated_Source\PSoC4/cyfitter_cfg.c **** 	CY_SET_XTND_REG32((void *)(CYREG_SAR_PUMP_CTRL), regValue);
 262              		.loc 1 293 0
 263 0014 014A     		ldr	r2, .L8
 264 0016 1360     		str	r3, [r2]
 294:Generated_Source\PSoC4/cyfitter_cfg.c **** }
 265              		.loc 1 294 0
 266              		@ sp needed
 267 0018 7047     		bx	lr
 268              	.L9:
 269 001a C046     		.align	2
 270              	.L8:
 271 001c 80033A40 		.word	1077543808
 272              		.cfi_endproc
 273              	.LFE7:
 274              		.size	SetAnalogRoutingPumps, .-SetAnalogRoutingPumps
 275              		.section	.text.AnalogSetDefault,"ax",%progbits
 276              		.align	2
ARM GAS  C:\Users\Surface\AppData\Local\Temp\ccx2DInB.s 			page 11


 277              		.code	16
 278              		.thumb_func
 279              		.type	AnalogSetDefault, %function
 280              	AnalogSetDefault:
 281              	.LFB6:
 255:Generated_Source\PSoC4/cyfitter_cfg.c **** 	CY_SET_XTND_REG32((void CYFAR *)CYREG_CTBM0_DFT_CTRL, 0x00000003u);
 282              		.loc 1 255 0
 283              		.cfi_startproc
 284              		@ args = 0, pretend = 0, frame = 0
 285              		@ frame_needed = 0, uses_anonymous_args = 0
 286 0000 10B5     		push	{r4, lr}
 287              		.cfi_def_cfa_offset 8
 288              		.cfi_offset 4, -8
 289              		.cfi_offset 14, -4
 256:Generated_Source\PSoC4/cyfitter_cfg.c **** 	CY_SET_XTND_REG32((void CYFAR *)CYREG_CTBM1_DFT_CTRL, 0x00000003u);
 290              		.loc 1 256 0
 291 0002 0323     		movs	r3, #3
 292 0004 094A     		ldr	r2, .L11
 293 0006 1360     		str	r3, [r2]
 257:Generated_Source\PSoC4/cyfitter_cfg.c **** 	CY_SET_XTND_REG32((void CYFAR *)CYREG_SAR_CTRL, 0x80000000u);
 294              		.loc 1 257 0
 295 0008 094A     		ldr	r2, .L11+4
 296 000a 1360     		str	r3, [r2]
 258:Generated_Source\PSoC4/cyfitter_cfg.c **** 	CY_SET_XTND_REG32((void CYFAR *)CYREG_SAR_MUX_SWITCH0, 0x00000003u);
 297              		.loc 1 258 0
 298 000c 8021     		movs	r1, #128
 299 000e 0906     		lsls	r1, r1, #24
 300 0010 084A     		ldr	r2, .L11+8
 301 0012 1160     		str	r1, [r2]
 259:Generated_Source\PSoC4/cyfitter_cfg.c **** 	CY_SET_XTND_REG32((void CYFAR *)CYREG_SAR_MUX_SWITCH_HW_CTRL, 0x00000003u);
 302              		.loc 1 259 0
 303 0014 084A     		ldr	r2, .L11+12
 304 0016 1360     		str	r3, [r2]
 260:Generated_Source\PSoC4/cyfitter_cfg.c **** 	CY_SET_XTND_REG32((void CYFAR *)CYREG_PASS_DSAB_DSAB_CTRL, 0x00000000u);
 305              		.loc 1 260 0
 306 0018 084A     		ldr	r2, .L11+16
 307 001a 1360     		str	r3, [r2]
 261:Generated_Source\PSoC4/cyfitter_cfg.c **** 	SetAnalogRoutingPumps(1);
 308              		.loc 1 261 0
 309 001c 0022     		movs	r2, #0
 310 001e 084B     		ldr	r3, .L11+20
 311 0020 1A60     		str	r2, [r3]
 262:Generated_Source\PSoC4/cyfitter_cfg.c **** }
 312              		.loc 1 262 0
 313 0022 0120     		movs	r0, #1
 314 0024 FFF7FEFF 		bl	SetAnalogRoutingPumps
 315              	.LVL16:
 263:Generated_Source\PSoC4/cyfitter_cfg.c **** 
 316              		.loc 1 263 0
 317              		@ sp needed
 318 0028 10BD     		pop	{r4, pc}
 319              	.L12:
 320 002a C046     		.align	2
 321              	.L11:
 322 002c 30003040 		.word	1076887600
 323 0030 30003140 		.word	1076953136
 324 0034 00003A40 		.word	1077542912
ARM GAS  C:\Users\Surface\AppData\Local\Temp\ccx2DInB.s 			page 12


 325 0038 00033A40 		.word	1077543680
 326 003c 40033A40 		.word	1077543744
 327 0040 000E3F40 		.word	1077874176
 328              		.cfi_endproc
 329              	.LFE6:
 330              		.size	AnalogSetDefault, .-AnalogSetDefault
 331              		.section	.psocinit
 332              		.align	2
 333              		.global	cyfitter_cfg
 334              		.code	16
 335              		.thumb_func
 336              		.type	cyfitter_cfg, %function
 337              	cyfitter_cfg:
 338              	.LFB8:
 295:Generated_Source\PSoC4/cyfitter_cfg.c **** 
 296:Generated_Source\PSoC4/cyfitter_cfg.c **** 
 297:Generated_Source\PSoC4/cyfitter_cfg.c **** 
 298:Generated_Source\PSoC4/cyfitter_cfg.c **** 
 299:Generated_Source\PSoC4/cyfitter_cfg.c **** /*******************************************************************************
 300:Generated_Source\PSoC4/cyfitter_cfg.c **** * Function Name: cyfitter_cfg
 301:Generated_Source\PSoC4/cyfitter_cfg.c **** ********************************************************************************
 302:Generated_Source\PSoC4/cyfitter_cfg.c **** * Summary:
 303:Generated_Source\PSoC4/cyfitter_cfg.c **** *  This function is called by the start-up code for the selected device. It
 304:Generated_Source\PSoC4/cyfitter_cfg.c **** *  performs all of the necessary device configuration based on the design
 305:Generated_Source\PSoC4/cyfitter_cfg.c **** *  settings.  This includes settings from the Design Wide Resources (DWR) such
 306:Generated_Source\PSoC4/cyfitter_cfg.c **** *  as Clocks and Pins as well as any component configuration that is necessary.
 307:Generated_Source\PSoC4/cyfitter_cfg.c **** *
 308:Generated_Source\PSoC4/cyfitter_cfg.c **** * Parameters:
 309:Generated_Source\PSoC4/cyfitter_cfg.c **** *   void
 310:Generated_Source\PSoC4/cyfitter_cfg.c **** *
 311:Generated_Source\PSoC4/cyfitter_cfg.c **** * Return:
 312:Generated_Source\PSoC4/cyfitter_cfg.c **** *   void
 313:Generated_Source\PSoC4/cyfitter_cfg.c **** *
 314:Generated_Source\PSoC4/cyfitter_cfg.c **** *******************************************************************************/
 315:Generated_Source\PSoC4/cyfitter_cfg.c **** CY_CFG_SECTION
 316:Generated_Source\PSoC4/cyfitter_cfg.c **** void cyfitter_cfg(void)
 317:Generated_Source\PSoC4/cyfitter_cfg.c **** {
 339              		.loc 1 317 0
 340              		.cfi_startproc
 341              		@ args = 0, pretend = 0, frame = 0
 342              		@ frame_needed = 0, uses_anonymous_args = 0
 343 0134 10B5     		push	{r4, lr}
 344              		.cfi_def_cfa_offset 8
 345              		.cfi_offset 4, -8
 346              		.cfi_offset 14, -4
 318:Generated_Source\PSoC4/cyfitter_cfg.c **** 	/* Disable interrupts by default. Let user enable if/when they want. */
 319:Generated_Source\PSoC4/cyfitter_cfg.c **** 	CyGlobalIntDisable;
 347              		.loc 1 319 0
 348              		.syntax divided
 349              	@ 319 "Generated_Source\PSoC4\cyfitter_cfg.c" 1
 350 0136 72B6     		CPSID   i
 351              	@ 0 "" 2
 320:Generated_Source\PSoC4/cyfitter_cfg.c **** 
 321:Generated_Source\PSoC4/cyfitter_cfg.c **** 	CY_SET_REG32((void *)(CYREG_BLE_BLESS_LL_DSM_CTRL), 0x00000000u);
 352              		.loc 1 321 0
 353              		.thumb
 354              		.syntax unified
ARM GAS  C:\Users\Surface\AppData\Local\Temp\ccx2DInB.s 			page 13


 355 0138 0022     		movs	r2, #0
 356 013a 264B     		ldr	r3, .L16
 357 013c 1A60     		str	r2, [r3]
 358              	.LVL17:
 359              	.LBB2:
 322:Generated_Source\PSoC4/cyfitter_cfg.c **** 
 323:Generated_Source\PSoC4/cyfitter_cfg.c **** 	{
 324:Generated_Source\PSoC4/cyfitter_cfg.c **** 
 325:Generated_Source\PSoC4/cyfitter_cfg.c **** 		CYPACKED typedef struct {
 326:Generated_Source\PSoC4/cyfitter_cfg.c **** 			void CYFAR *address;
 327:Generated_Source\PSoC4/cyfitter_cfg.c **** 			uint16 size;
 328:Generated_Source\PSoC4/cyfitter_cfg.c **** 		} CYPACKED_ATTR cfg_memset_t;
 329:Generated_Source\PSoC4/cyfitter_cfg.c **** 
 330:Generated_Source\PSoC4/cyfitter_cfg.c **** 		static const cfg_memset_t CYCODE cfg_memset_list[] = {
 331:Generated_Source\PSoC4/cyfitter_cfg.c **** 			/* address, size */
 332:Generated_Source\PSoC4/cyfitter_cfg.c **** 			{(void CYFAR *)(CYDEV_UDB_P0_U0_BASE), 1024u},
 333:Generated_Source\PSoC4/cyfitter_cfg.c **** 			{(void CYFAR *)(CYDEV_UDB_DSI0_BASE), 1024u},
 334:Generated_Source\PSoC4/cyfitter_cfg.c **** 		};
 335:Generated_Source\PSoC4/cyfitter_cfg.c **** 
 336:Generated_Source\PSoC4/cyfitter_cfg.c **** 		uint8 CYDATA i;
 337:Generated_Source\PSoC4/cyfitter_cfg.c **** 
 338:Generated_Source\PSoC4/cyfitter_cfg.c **** 		/* Zero out critical memory blocks before beginning configuration */
 339:Generated_Source\PSoC4/cyfitter_cfg.c **** 		for (i = 0u; i < (sizeof(cfg_memset_list)/sizeof(cfg_memset_list[0])); i++)
 360              		.loc 1 339 0
 361 013e 0024     		movs	r4, #0
 362 0140 0FE0     		b	.L14
 363              	.LVL18:
 364              	.L15:
 365              	.LBB3:
 340:Generated_Source\PSoC4/cyfitter_cfg.c **** 		{
 341:Generated_Source\PSoC4/cyfitter_cfg.c **** 			const cfg_memset_t CYCODE * CYDATA ms = &cfg_memset_list[i];
 342:Generated_Source\PSoC4/cyfitter_cfg.c **** 			CYMEMZERO(ms->address, (size_t)(uint32)(ms->size));
 366              		.loc 1 342 0 discriminator 3
 367 0142 2548     		ldr	r0, .L16+4
 368 0144 6200     		lsls	r2, r4, #1
 369 0146 1319     		adds	r3, r2, r4
 370 0148 5900     		lsls	r1, r3, #1
 371 014a 0B00     		movs	r3, r1
 372 014c 4118     		adds	r1, r0, r1
 373 014e 8988     		ldrh	r1, [r1, #4]
 374 0150 1A5A     		ldrh	r2, [r3, r0]
 375 0152 C318     		adds	r3, r0, r3
 376 0154 5888     		ldrh	r0, [r3, #2]
 377 0156 0004     		lsls	r0, r0, #16
 378 0158 1043     		orrs	r0, r2
 379 015a FFF7FEFF 		bl	CYMEMZERO
 380              	.LVL19:
 381              	.LBE3:
 339:Generated_Source\PSoC4/cyfitter_cfg.c **** 		{
 382              		.loc 1 339 0 discriminator 3
 383 015e 0134     		adds	r4, r4, #1
 384              	.LVL20:
 385 0160 E4B2     		uxtb	r4, r4
 386              	.LVL21:
 387              	.L14:
 339:Generated_Source\PSoC4/cyfitter_cfg.c **** 		{
 388              		.loc 1 339 0 is_stmt 0 discriminator 1
ARM GAS  C:\Users\Surface\AppData\Local\Temp\ccx2DInB.s 			page 14


 389 0162 012C     		cmp	r4, #1
 390 0164 EDD9     		bls	.L15
 343:Generated_Source\PSoC4/cyfitter_cfg.c **** 		}
 344:Generated_Source\PSoC4/cyfitter_cfg.c **** 
 345:Generated_Source\PSoC4/cyfitter_cfg.c **** 		/* HSIOM Starting address: CYDEV_HSIOM_BASE */
 346:Generated_Source\PSoC4/cyfitter_cfg.c **** 		CY_SET_REG32((void *)(CYDEV_HSIOM_BASE), 0xEE99FFFFu);
 391              		.loc 1 346 0 is_stmt 1
 392 0166 1D4A     		ldr	r2, .L16+8
 393 0168 1D4B     		ldr	r3, .L16+12
 394 016a 1A60     		str	r2, [r3]
 347:Generated_Source\PSoC4/cyfitter_cfg.c **** 		CY_SET_REG32((void *)(CYREG_HSIOM_PORT_SEL1), 0x0000FFF0u);
 395              		.loc 1 347 0
 396 016c 1D4A     		ldr	r2, .L16+16
 397 016e 1E4B     		ldr	r3, .L16+20
 398 0170 1A60     		str	r2, [r3]
 348:Generated_Source\PSoC4/cyfitter_cfg.c **** 
 349:Generated_Source\PSoC4/cyfitter_cfg.c **** 		/* UDB_PA_0 Starting address: CYDEV_UDB_PA0_BASE */
 350:Generated_Source\PSoC4/cyfitter_cfg.c **** 		CY_SET_REG32((void *)(CYDEV_UDB_PA0_BASE), 0x00990000u);
 399              		.loc 1 350 0
 400 0172 9923     		movs	r3, #153
 401 0174 1B04     		lsls	r3, r3, #16
 402 0176 1D4A     		ldr	r2, .L16+24
 403 0178 1360     		str	r3, [r2]
 351:Generated_Source\PSoC4/cyfitter_cfg.c **** 
 352:Generated_Source\PSoC4/cyfitter_cfg.c **** 		/* UDB_PA_1 Starting address: CYDEV_UDB_PA1_BASE */
 353:Generated_Source\PSoC4/cyfitter_cfg.c **** 		CY_SET_REG32((void *)(CYDEV_UDB_PA1_BASE), 0x00990000u);
 404              		.loc 1 353 0
 405 017a 1D4A     		ldr	r2, .L16+28
 406 017c 1360     		str	r3, [r2]
 354:Generated_Source\PSoC4/cyfitter_cfg.c **** 
 355:Generated_Source\PSoC4/cyfitter_cfg.c **** 		/* UDB_PA_2 Starting address: CYDEV_UDB_PA2_BASE */
 356:Generated_Source\PSoC4/cyfitter_cfg.c **** 		CY_SET_REG32((void *)(CYDEV_UDB_PA2_BASE), 0x00990000u);
 407              		.loc 1 356 0
 408 017e 1D4A     		ldr	r2, .L16+32
 409 0180 1360     		str	r3, [r2]
 357:Generated_Source\PSoC4/cyfitter_cfg.c **** 
 358:Generated_Source\PSoC4/cyfitter_cfg.c **** 		/* UDB_PA_3 Starting address: CYDEV_UDB_PA3_BASE */
 359:Generated_Source\PSoC4/cyfitter_cfg.c **** 		CY_SET_REG32((void *)(CYDEV_UDB_PA3_BASE), 0x00990000u);
 410              		.loc 1 359 0
 411 0182 1D4A     		ldr	r2, .L16+36
 412 0184 1360     		str	r3, [r2]
 360:Generated_Source\PSoC4/cyfitter_cfg.c **** 
 361:Generated_Source\PSoC4/cyfitter_cfg.c **** 		/* Enable digital routing */
 362:Generated_Source\PSoC4/cyfitter_cfg.c **** 		CY_SET_XTND_REG8((void *)CYREG_UDB_UDBIF_BANK_CTL, (uint8)(CY_GET_XTND_REG8((void *)CYREG_UDB_UDB
 413              		.loc 1 362 0
 414 0186 1D4A     		ldr	r2, .L16+40
 415 0188 1178     		ldrb	r1, [r2]
 416 018a 0623     		movs	r3, #6
 417 018c 0B43     		orrs	r3, r1
 418 018e DBB2     		uxtb	r3, r3
 419 0190 1370     		strb	r3, [r2]
 420              	.LBE2:
 363:Generated_Source\PSoC4/cyfitter_cfg.c **** 	}
 364:Generated_Source\PSoC4/cyfitter_cfg.c **** 
 365:Generated_Source\PSoC4/cyfitter_cfg.c **** 	/* Perform second pass device configuration. These items must be configured in specific order afte
 366:Generated_Source\PSoC4/cyfitter_cfg.c **** 	/* IOPINS0_0 Starting address: CYDEV_GPIO_PRT0_BASE */
 367:Generated_Source\PSoC4/cyfitter_cfg.c **** 	CY_SET_REG32((void *)(CYDEV_GPIO_PRT0_BASE), 0x0000002Du);
ARM GAS  C:\Users\Surface\AppData\Local\Temp\ccx2DInB.s 			page 15


 421              		.loc 1 367 0
 422 0192 2D23     		movs	r3, #45
 423 0194 1A4A     		ldr	r2, .L16+44
 424 0196 1360     		str	r3, [r2]
 368:Generated_Source\PSoC4/cyfitter_cfg.c **** 	CY_SET_REG32((void *)(CYREG_GPIO_PRT0_PC), 0x00DB1D8Eu);
 425              		.loc 1 368 0
 426 0198 1A49     		ldr	r1, .L16+48
 427 019a 1B4A     		ldr	r2, .L16+52
 428 019c 1160     		str	r1, [r2]
 369:Generated_Source\PSoC4/cyfitter_cfg.c **** 	CY_SET_REG32((void *)(CYREG_GPIO_PRT0_PC2), 0x0000002Du);
 429              		.loc 1 369 0
 430 019e 1B4A     		ldr	r2, .L16+56
 431 01a0 1360     		str	r3, [r2]
 370:Generated_Source\PSoC4/cyfitter_cfg.c **** 
 371:Generated_Source\PSoC4/cyfitter_cfg.c **** 	/* IOPINS0_1 Starting address: CYDEV_GPIO_PRT1_BASE */
 372:Generated_Source\PSoC4/cyfitter_cfg.c **** 	CY_SET_REG32((void *)(CYDEV_GPIO_PRT1_BASE), 0x0000000Eu);
 432              		.loc 1 372 0
 433 01a2 1F3B     		subs	r3, r3, #31
 434 01a4 1A4A     		ldr	r2, .L16+60
 435 01a6 1360     		str	r3, [r2]
 373:Generated_Source\PSoC4/cyfitter_cfg.c **** 	CY_SET_REG32((void *)(CYREG_GPIO_PRT1_PC), 0x00C76DB6u);
 436              		.loc 1 373 0
 437 01a8 1A49     		ldr	r1, .L16+64
 438 01aa 1B4A     		ldr	r2, .L16+68
 439 01ac 1160     		str	r1, [r2]
 374:Generated_Source\PSoC4/cyfitter_cfg.c **** 	CY_SET_REG32((void *)(CYREG_GPIO_PRT1_PC2), 0x0000000Eu);
 440              		.loc 1 374 0
 441 01ae 1B4A     		ldr	r2, .L16+72
 442 01b0 1360     		str	r3, [r2]
 375:Generated_Source\PSoC4/cyfitter_cfg.c **** 
 376:Generated_Source\PSoC4/cyfitter_cfg.c **** 	/* IOPINS0_2 Starting address: CYDEV_GPIO_PRT2_BASE */
 377:Generated_Source\PSoC4/cyfitter_cfg.c **** 	CY_SET_REG32((void *)(CYREG_GPIO_PRT2_PC), 0x00180006u);
 443              		.loc 1 377 0
 444 01b2 1B4A     		ldr	r2, .L16+76
 445 01b4 1B4B     		ldr	r3, .L16+80
 446 01b6 1A60     		str	r2, [r3]
 378:Generated_Source\PSoC4/cyfitter_cfg.c **** 
 379:Generated_Source\PSoC4/cyfitter_cfg.c **** 	/* IOPINS0_3 Starting address: CYDEV_GPIO_PRT3_BASE */
 380:Generated_Source\PSoC4/cyfitter_cfg.c **** 	CY_SET_REG32((void *)(CYDEV_GPIO_PRT3_BASE), 0x00000003u);
 447              		.loc 1 380 0
 448 01b8 0323     		movs	r3, #3
 449 01ba 1B4A     		ldr	r2, .L16+84
 450 01bc 1360     		str	r3, [r2]
 381:Generated_Source\PSoC4/cyfitter_cfg.c **** 	CY_SET_REG32((void *)(CYREG_GPIO_PRT3_PC), 0x00008000u);
 451              		.loc 1 381 0
 452 01be 8021     		movs	r1, #128
 453 01c0 0902     		lsls	r1, r1, #8
 454 01c2 1A4A     		ldr	r2, .L16+88
 455 01c4 1160     		str	r1, [r2]
 382:Generated_Source\PSoC4/cyfitter_cfg.c **** 	CY_SET_REG32((void *)(CYREG_GPIO_PRT3_PC2), 0x00000003u);
 456              		.loc 1 382 0
 457 01c6 1A4A     		ldr	r2, .L16+92
 458 01c8 1360     		str	r3, [r2]
 383:Generated_Source\PSoC4/cyfitter_cfg.c **** 
 384:Generated_Source\PSoC4/cyfitter_cfg.c **** 
 385:Generated_Source\PSoC4/cyfitter_cfg.c **** 	/* Setup clocks based on selections from Clock DWR */
 386:Generated_Source\PSoC4/cyfitter_cfg.c **** 	ClockSetup();
ARM GAS  C:\Users\Surface\AppData\Local\Temp\ccx2DInB.s 			page 16


 459              		.loc 1 386 0
 460 01ca FFF719FF 		bl	ClockSetup
 461              	.LVL22:
 387:Generated_Source\PSoC4/cyfitter_cfg.c **** 
 388:Generated_Source\PSoC4/cyfitter_cfg.c **** 	/* Perform basic analog initialization to defaults */
 389:Generated_Source\PSoC4/cyfitter_cfg.c **** 	AnalogSetDefault();
 462              		.loc 1 389 0
 463 01ce FFF7FEFF 		bl	AnalogSetDefault
 464              	.LVL23:
 390:Generated_Source\PSoC4/cyfitter_cfg.c **** 
 391:Generated_Source\PSoC4/cyfitter_cfg.c **** }
 465              		.loc 1 391 0
 466              		@ sp needed
 467              	.LVL24:
 468 01d2 10BD     		pop	{r4, pc}
 469              	.L17:
 470              		.align	2
 471              	.L16:
 472 01d4 6CF02E40 		.word	1076818028
 473 01d8 00000000 		.word	.LANCHOR0
 474 01dc FFFF99EE 		.word	-291897345
 475 01e0 00000240 		.word	1073872896
 476 01e4 F0FF0000 		.word	65520
 477 01e8 00010240 		.word	1073873152
 478 01ec 00500F40 		.word	1074745344
 479 01f0 10500F40 		.word	1074745360
 480 01f4 20500F40 		.word	1074745376
 481 01f8 30500F40 		.word	1074745392
 482 01fc 00700F40 		.word	1074753536
 483 0200 00000440 		.word	1074003968
 484 0204 8E1DDB00 		.word	14359950
 485 0208 08000440 		.word	1074003976
 486 020c 18000440 		.word	1074003992
 487 0210 00010440 		.word	1074004224
 488 0214 B66DC700 		.word	13069750
 489 0218 08010440 		.word	1074004232
 490 021c 18010440 		.word	1074004248
 491 0220 06001800 		.word	1572870
 492 0224 08020440 		.word	1074004488
 493 0228 00030440 		.word	1074004736
 494 022c 08030440 		.word	1074004744
 495 0230 18030440 		.word	1074004760
 496              		.cfi_endproc
 497              	.LFE8:
 498              		.size	cyfitter_cfg, .-cyfitter_cfg
 499              		.section	.rodata
 500              		.align	2
 501              		.set	.LANCHOR0,. + 0
 502              		.type	cfg_memset_list.4899, %object
 503              		.size	cfg_memset_list.4899, 12
 504              	cfg_memset_list.4899:
 505 0000 00300F40 		.word	1074737152
 506 0004 0004     		.short	1024
 507 0006 00400F40 		.4byte	1074741248
 508 000a 0004     		.short	1024
 509              		.text
 510              	.Letext0:
ARM GAS  C:\Users\Surface\AppData\Local\Temp\ccx2DInB.s 			page 17


 511              		.file 2 "c:\\program files (x86)\\cypress\\psoc creator\\4.4\\psoc creator\\import\\gnu\\arm\\5.4.
 512              		.file 3 "Generated_Source\\PSoC4\\cytypes.h"
 513              		.file 4 "Generated_Source\\PSoC4\\CyLFClk.h"
 514              		.file 5 "Generated_Source\\PSoC4\\CyLib.h"
 515              		.section	.debug_info,"",%progbits
 516              	.Ldebug_info0:
 517 0000 72030000 		.4byte	0x372
 518 0004 0400     		.2byte	0x4
 519 0006 00000000 		.4byte	.Ldebug_abbrev0
 520 000a 04       		.byte	0x4
 521 000b 01       		.uleb128 0x1
 522 000c 49010000 		.4byte	.LASF39
 523 0010 0C       		.byte	0xc
 524 0011 63020000 		.4byte	.LASF40
 525 0015 92020000 		.4byte	.LASF41
 526 0019 00000000 		.4byte	.Ldebug_ranges0+0
 527 001d 00000000 		.4byte	0
 528 0021 00000000 		.4byte	.Ldebug_line0
 529 0025 02       		.uleb128 0x2
 530 0026 04       		.byte	0x4
 531 0027 05       		.byte	0x5
 532 0028 696E7400 		.ascii	"int\000"
 533 002c 03       		.uleb128 0x3
 534 002d 14000000 		.4byte	.LASF12
 535 0031 02       		.byte	0x2
 536 0032 D8       		.byte	0xd8
 537 0033 37000000 		.4byte	0x37
 538 0037 04       		.uleb128 0x4
 539 0038 04       		.byte	0x4
 540 0039 07       		.byte	0x7
 541 003a 10010000 		.4byte	.LASF0
 542 003e 04       		.uleb128 0x4
 543 003f 08       		.byte	0x8
 544 0040 05       		.byte	0x5
 545 0041 ED010000 		.4byte	.LASF1
 546 0045 04       		.uleb128 0x4
 547 0046 08       		.byte	0x8
 548 0047 04       		.byte	0x4
 549 0048 4B020000 		.4byte	.LASF2
 550 004c 04       		.uleb128 0x4
 551 004d 01       		.byte	0x1
 552 004e 06       		.byte	0x6
 553 004f 57020000 		.4byte	.LASF3
 554 0053 04       		.uleb128 0x4
 555 0054 01       		.byte	0x1
 556 0055 08       		.byte	0x8
 557 0056 DA000000 		.4byte	.LASF4
 558 005a 04       		.uleb128 0x4
 559 005b 02       		.byte	0x2
 560 005c 05       		.byte	0x5
 561 005d 23020000 		.4byte	.LASF5
 562 0061 04       		.uleb128 0x4
 563 0062 02       		.byte	0x2
 564 0063 07       		.byte	0x7
 565 0064 56000000 		.4byte	.LASF6
 566 0068 04       		.uleb128 0x4
 567 0069 04       		.byte	0x4
ARM GAS  C:\Users\Surface\AppData\Local\Temp\ccx2DInB.s 			page 18


 568 006a 05       		.byte	0x5
 569 006b 42020000 		.4byte	.LASF7
 570 006f 04       		.uleb128 0x4
 571 0070 04       		.byte	0x4
 572 0071 07       		.byte	0x7
 573 0072 91000000 		.4byte	.LASF8
 574 0076 04       		.uleb128 0x4
 575 0077 08       		.byte	0x8
 576 0078 07       		.byte	0x7
 577 0079 32010000 		.4byte	.LASF9
 578 007d 04       		.uleb128 0x4
 579 007e 04       		.byte	0x4
 580 007f 07       		.byte	0x7
 581 0080 E4010000 		.4byte	.LASF10
 582 0084 05       		.uleb128 0x5
 583 0085 04       		.byte	0x4
 584 0086 04       		.uleb128 0x4
 585 0087 01       		.byte	0x1
 586 0088 08       		.byte	0x8
 587 0089 05020000 		.4byte	.LASF11
 588 008d 06       		.uleb128 0x6
 589 008e A3000000 		.4byte	.LASF13
 590 0092 03       		.byte	0x3
 591 0093 FC01     		.2byte	0x1fc
 592 0095 53000000 		.4byte	0x53
 593 0099 06       		.uleb128 0x6
 594 009a 02010000 		.4byte	.LASF14
 595 009e 03       		.byte	0x3
 596 009f FD01     		.2byte	0x1fd
 597 00a1 61000000 		.4byte	0x61
 598 00a5 06       		.uleb128 0x6
 599 00a6 09010000 		.4byte	.LASF15
 600 00aa 03       		.byte	0x3
 601 00ab FE01     		.2byte	0x1fe
 602 00ad 6F000000 		.4byte	0x6f
 603 00b1 04       		.uleb128 0x4
 604 00b2 04       		.byte	0x4
 605 00b3 04       		.byte	0x4
 606 00b4 69000000 		.4byte	.LASF16
 607 00b8 04       		.uleb128 0x4
 608 00b9 08       		.byte	0x8
 609 00ba 04       		.byte	0x4
 610 00bb EF000000 		.4byte	.LASF17
 611 00bf 06       		.uleb128 0x6
 612 00c0 8C000000 		.4byte	.LASF18
 613 00c4 03       		.byte	0x3
 614 00c5 A602     		.2byte	0x2a6
 615 00c7 CB000000 		.4byte	0xcb
 616 00cb 07       		.uleb128 0x7
 617 00cc 8D000000 		.4byte	0x8d
 618 00d0 06       		.uleb128 0x6
 619 00d1 0E000000 		.4byte	.LASF19
 620 00d5 03       		.byte	0x3
 621 00d6 A802     		.2byte	0x2a8
 622 00d8 DC000000 		.4byte	0xdc
 623 00dc 07       		.uleb128 0x7
 624 00dd A5000000 		.4byte	0xa5
ARM GAS  C:\Users\Surface\AppData\Local\Temp\ccx2DInB.s 			page 19


 625 00e1 08       		.uleb128 0x8
 626 00e2 BA000000 		.4byte	.LASF20
 627 00e6 01       		.byte	0x1
 628 00e7 4C       		.byte	0x4c
 629 00e8 00000000 		.4byte	.LFB2
 630 00ec 0C000000 		.4byte	.LFE2-.LFB2
 631 00f0 01       		.uleb128 0x1
 632 00f1 9C       		.byte	0x9c
 633 00f2 2E010000 		.4byte	0x12e
 634 00f6 09       		.uleb128 0x9
 635 00f7 7300     		.ascii	"s\000"
 636 00f9 01       		.byte	0x1
 637 00fa 4C       		.byte	0x4c
 638 00fb 84000000 		.4byte	0x84
 639 00ff 00000000 		.4byte	.LLST0
 640 0103 09       		.uleb128 0x9
 641 0104 6E00     		.ascii	"n\000"
 642 0106 01       		.byte	0x1
 643 0107 4C       		.byte	0x4c
 644 0108 2C000000 		.4byte	0x2c
 645 010c 21000000 		.4byte	.LLST1
 646 0110 0A       		.uleb128 0xa
 647 0111 0A000000 		.4byte	.LVL2
 648 0115 14030000 		.4byte	0x314
 649 0119 0B       		.uleb128 0xb
 650 011a 01       		.uleb128 0x1
 651 011b 50       		.byte	0x50
 652 011c 03       		.uleb128 0x3
 653 011d F3       		.byte	0xf3
 654 011e 01       		.uleb128 0x1
 655 011f 50       		.byte	0x50
 656 0120 0B       		.uleb128 0xb
 657 0121 01       		.uleb128 0x1
 658 0122 51       		.byte	0x51
 659 0123 01       		.uleb128 0x1
 660 0124 30       		.byte	0x30
 661 0125 0B       		.uleb128 0xb
 662 0126 01       		.uleb128 0x1
 663 0127 52       		.byte	0x52
 664 0128 03       		.uleb128 0x3
 665 0129 F3       		.byte	0xf3
 666 012a 01       		.uleb128 0x1
 667 012b 51       		.byte	0x51
 668 012c 00       		.byte	0
 669 012d 00       		.byte	0
 670 012e 08       		.uleb128 0x8
 671 012f 4B000000 		.4byte	.LASF21
 672 0133 01       		.byte	0x1
 673 0134 AA       		.byte	0xaa
 674 0135 00000000 		.4byte	.LFB5
 675 0139 34010000 		.4byte	.LFE5-.LFB5
 676 013d 01       		.uleb128 0x1
 677 013e 9C       		.byte	0x9c
 678 013f D7010000 		.4byte	0x1d7
 679 0143 0C       		.uleb128 0xc
 680 0144 0C000000 		.4byte	.LVL3
 681 0148 1D030000 		.4byte	0x31d
ARM GAS  C:\Users\Surface\AppData\Local\Temp\ccx2DInB.s 			page 20


 682 014c 0D       		.uleb128 0xd
 683 014d 12000000 		.4byte	.LVL4
 684 0151 28030000 		.4byte	0x328
 685 0155 63010000 		.4byte	0x163
 686 0159 0B       		.uleb128 0xb
 687 015a 01       		.uleb128 0x1
 688 015b 50       		.byte	0x50
 689 015c 05       		.uleb128 0x5
 690 015d 0C       		.byte	0xc
 691 015e 001BB700 		.4byte	0xb71b00
 692 0162 00       		.byte	0
 693 0163 0D       		.uleb128 0xd
 694 0164 18000000 		.4byte	.LVL5
 695 0168 33030000 		.4byte	0x333
 696 016c 76010000 		.4byte	0x176
 697 0170 0B       		.uleb128 0xb
 698 0171 01       		.uleb128 0x1
 699 0172 50       		.byte	0x50
 700 0173 01       		.uleb128 0x1
 701 0174 31       		.byte	0x31
 702 0175 00       		.byte	0
 703 0176 0D       		.uleb128 0xd
 704 0177 1E000000 		.4byte	.LVL6
 705 017b 3E030000 		.4byte	0x33e
 706 017f 8A010000 		.4byte	0x18a
 707 0183 0B       		.uleb128 0xb
 708 0184 01       		.uleb128 0x1
 709 0185 50       		.byte	0x50
 710 0186 02       		.uleb128 0x2
 711 0187 08       		.byte	0x8
 712 0188 30       		.byte	0x30
 713 0189 00       		.byte	0
 714 018a 0D       		.uleb128 0xd
 715 018b 54000000 		.4byte	.LVL7
 716 018f 49030000 		.4byte	0x349
 717 0193 9F010000 		.4byte	0x19f
 718 0197 0B       		.uleb128 0xb
 719 0198 01       		.uleb128 0x1
 720 0199 50       		.byte	0x50
 721 019a 03       		.uleb128 0x3
 722 019b 0A       		.byte	0xa
 723 019c D007     		.2byte	0x7d0
 724 019e 00       		.byte	0
 725 019f 0D       		.uleb128 0xd
 726 01a0 5A000000 		.4byte	.LVL8
 727 01a4 54030000 		.4byte	0x354
 728 01a8 B4010000 		.4byte	0x1b4
 729 01ac 0B       		.uleb128 0xb
 730 01ad 01       		.uleb128 0x1
 731 01ae 50       		.byte	0x50
 732 01af 03       		.uleb128 0x3
 733 01b0 0A       		.byte	0xa
 734 01b1 DC05     		.2byte	0x5dc
 735 01b3 00       		.byte	0
 736 01b4 0D       		.uleb128 0xd
 737 01b5 BC000000 		.4byte	.LVL9
 738 01b9 5F030000 		.4byte	0x35f
ARM GAS  C:\Users\Surface\AppData\Local\Temp\ccx2DInB.s 			page 21


 739 01bd C7010000 		.4byte	0x1c7
 740 01c1 0B       		.uleb128 0xb
 741 01c2 01       		.uleb128 0x1
 742 01c3 50       		.byte	0x50
 743 01c4 01       		.uleb128 0x1
 744 01c5 38       		.byte	0x38
 745 01c6 00       		.byte	0
 746 01c7 0A       		.uleb128 0xa
 747 01c8 C2000000 		.4byte	.LVL10
 748 01cc 6A030000 		.4byte	0x36a
 749 01d0 0B       		.uleb128 0xb
 750 01d1 01       		.uleb128 0x1
 751 01d2 50       		.byte	0x50
 752 01d3 01       		.uleb128 0x1
 753 01d4 38       		.byte	0x38
 754 01d5 00       		.byte	0
 755 01d6 00       		.byte	0
 756 01d7 0E       		.uleb128 0xe
 757 01d8 C4000000 		.4byte	.LASF24
 758 01dc 01       		.byte	0x1
 759 01dd 1A01     		.2byte	0x11a
 760 01df 00000000 		.4byte	.LFB7
 761 01e3 20000000 		.4byte	.LFE7-.LFB7
 762 01e7 01       		.uleb128 0x1
 763 01e8 9C       		.byte	0x9c
 764 01e9 0C020000 		.4byte	0x20c
 765 01ed 0F       		.uleb128 0xf
 766 01ee 1B020000 		.4byte	.LASF22
 767 01f2 01       		.byte	0x1
 768 01f3 1A01     		.2byte	0x11a
 769 01f5 8D000000 		.4byte	0x8d
 770 01f9 01       		.uleb128 0x1
 771 01fa 50       		.byte	0x50
 772 01fb 10       		.uleb128 0x10
 773 01fc 89020000 		.4byte	.LASF29
 774 0200 01       		.byte	0x1
 775 0201 1C01     		.2byte	0x11c
 776 0203 A5000000 		.4byte	0xa5
 777 0207 4D000000 		.4byte	.LLST2
 778 020b 00       		.byte	0
 779 020c 08       		.uleb128 0x8
 780 020d 1B000000 		.4byte	.LASF23
 781 0211 01       		.byte	0x1
 782 0212 FE       		.byte	0xfe
 783 0213 00000000 		.4byte	.LFB6
 784 0217 44000000 		.4byte	.LFE6-.LFB6
 785 021b 01       		.uleb128 0x1
 786 021c 9C       		.byte	0x9c
 787 021d 31020000 		.4byte	0x231
 788 0221 0A       		.uleb128 0xa
 789 0222 28000000 		.4byte	.LVL16
 790 0226 D7010000 		.4byte	0x1d7
 791 022a 0B       		.uleb128 0xb
 792 022b 01       		.uleb128 0x1
 793 022c 50       		.byte	0x50
 794 022d 01       		.uleb128 0x1
 795 022e 31       		.byte	0x31
ARM GAS  C:\Users\Surface\AppData\Local\Temp\ccx2DInB.s 			page 22


 796 022f 00       		.byte	0
 797 0230 00       		.byte	0
 798 0231 0E       		.uleb128 0xe
 799 0232 1D010000 		.4byte	.LASF25
 800 0236 01       		.byte	0x1
 801 0237 3C01     		.2byte	0x13c
 802 0239 34010000 		.4byte	.LFB8
 803 023d 00010000 		.4byte	.LFE8-.LFB8
 804 0241 01       		.uleb128 0x1
 805 0242 9C       		.byte	0x9c
 806 0243 14030000 		.4byte	0x314
 807 0247 11       		.uleb128 0x11
 808 0248 3E010000 		.4byte	.LBB2
 809 024c 54000000 		.4byte	.LBE2-.LBB2
 810 0250 01030000 		.4byte	0x301
 811 0254 12       		.uleb128 0x12
 812 0255 06       		.byte	0x6
 813 0256 01       		.byte	0x1
 814 0257 4501     		.2byte	0x145
 815 0259 78020000 		.4byte	0x278
 816 025d 13       		.uleb128 0x13
 817 025e 2A010000 		.4byte	.LASF26
 818 0262 01       		.byte	0x1
 819 0263 4601     		.2byte	0x146
 820 0265 84000000 		.4byte	0x84
 821 0269 00       		.byte	0
 822 026a 13       		.uleb128 0x13
 823 026b 6F000000 		.4byte	.LASF27
 824 026f 01       		.byte	0x1
 825 0270 4701     		.2byte	0x147
 826 0272 99000000 		.4byte	0x99
 827 0276 04       		.byte	0x4
 828 0277 00       		.byte	0
 829 0278 06       		.uleb128 0x6
 830 0279 D7010000 		.4byte	.LASF28
 831 027d 01       		.byte	0x1
 832 027e 4801     		.2byte	0x148
 833 0280 54020000 		.4byte	0x254
 834 0284 14       		.uleb128 0x14
 835 0285 94020000 		.4byte	0x294
 836 0289 94020000 		.4byte	0x294
 837 028d 15       		.uleb128 0x15
 838 028e 7D000000 		.4byte	0x7d
 839 0292 01       		.byte	0x1
 840 0293 00       		.byte	0
 841 0294 16       		.uleb128 0x16
 842 0295 78020000 		.4byte	0x278
 843 0299 17       		.uleb128 0x17
 844 029a 3B000000 		.4byte	.LASF30
 845 029e 01       		.byte	0x1
 846 029f 4A01     		.2byte	0x14a
 847 02a1 AB020000 		.4byte	0x2ab
 848 02a5 05       		.uleb128 0x5
 849 02a6 03       		.byte	0x3
 850 02a7 00000000 		.4byte	cfg_memset_list.4899
 851 02ab 16       		.uleb128 0x16
 852 02ac 84020000 		.4byte	0x284
ARM GAS  C:\Users\Surface\AppData\Local\Temp\ccx2DInB.s 			page 23


 853 02b0 18       		.uleb128 0x18
 854 02b1 6900     		.ascii	"i\000"
 855 02b3 01       		.byte	0x1
 856 02b4 5001     		.2byte	0x150
 857 02b6 8D000000 		.4byte	0x8d
 858 02ba 6B000000 		.4byte	.LLST3
 859 02be 19       		.uleb128 0x19
 860 02bf 42010000 		.4byte	.LBB3
 861 02c3 1C000000 		.4byte	.LBE3-.LBB3
 862 02c7 18       		.uleb128 0x18
 863 02c8 6D7300   		.ascii	"ms\000"
 864 02cb 01       		.byte	0x1
 865 02cc 5501     		.2byte	0x155
 866 02ce D6020000 		.4byte	0x2d6
 867 02d2 95000000 		.4byte	.LLST4
 868 02d6 1A       		.uleb128 0x1a
 869 02d7 04       		.byte	0x4
 870 02d8 94020000 		.4byte	0x294
 871 02dc 0A       		.uleb128 0xa
 872 02dd 5E010000 		.4byte	.LVL19
 873 02e1 E1000000 		.4byte	0xe1
 874 02e5 0B       		.uleb128 0xb
 875 02e6 01       		.uleb128 0x1
 876 02e7 51       		.byte	0x51
 877 02e8 15       		.uleb128 0x15
 878 02e9 74       		.byte	0x74
 879 02ea 00       		.sleb128 0
 880 02eb 31       		.byte	0x31
 881 02ec 24       		.byte	0x24
 882 02ed 74       		.byte	0x74
 883 02ee 00       		.sleb128 0
 884 02ef 22       		.byte	0x22
 885 02f0 31       		.byte	0x31
 886 02f1 24       		.byte	0x24
 887 02f2 03       		.byte	0x3
 888 02f3 04000000 		.4byte	.LANCHOR0+4
 889 02f7 22       		.byte	0x22
 890 02f8 94       		.byte	0x94
 891 02f9 02       		.byte	0x2
 892 02fa 0A       		.byte	0xa
 893 02fb FFFF     		.2byte	0xffff
 894 02fd 1A       		.byte	0x1a
 895 02fe 00       		.byte	0
 896 02ff 00       		.byte	0
 897 0300 00       		.byte	0
 898 0301 0C       		.uleb128 0xc
 899 0302 CE010000 		.4byte	.LVL22
 900 0306 2E010000 		.4byte	0x12e
 901 030a 0C       		.uleb128 0xc
 902 030b D2010000 		.4byte	.LVL23
 903 030f 0C020000 		.4byte	0x20c
 904 0313 00       		.byte	0
 905 0314 1B       		.uleb128 0x1b
 906 0315 E8000000 		.4byte	.LASF42
 907 0319 E8000000 		.4byte	.LASF42
 908 031d 1C       		.uleb128 0x1c
 909 031e A9000000 		.4byte	.LASF31
ARM GAS  C:\Users\Surface\AppData\Local\Temp\ccx2DInB.s 			page 24


 910 0322 A9000000 		.4byte	.LASF31
 911 0326 04       		.byte	0x4
 912 0327 4E       		.byte	0x4e
 913 0328 1C       		.uleb128 0x1c
 914 0329 00000000 		.4byte	.LASF32
 915 032d 00000000 		.4byte	.LASF32
 916 0331 05       		.byte	0x5
 917 0332 EF       		.byte	0xef
 918 0333 1C       		.uleb128 0x1c
 919 0334 74000000 		.4byte	.LASF33
 920 0338 74000000 		.4byte	.LASF33
 921 033c 04       		.byte	0x4
 922 033d 50       		.byte	0x50
 923 033e 1C       		.uleb128 0x1c
 924 033f 2D020000 		.4byte	.LASF34
 925 0343 2D020000 		.4byte	.LASF34
 926 0347 05       		.byte	0x5
 927 0348 6C       		.byte	0x6c
 928 0349 1C       		.uleb128 0x1c
 929 034a 0A020000 		.4byte	.LASF35
 930 034e 0A020000 		.4byte	.LASF35
 931 0352 05       		.byte	0x5
 932 0353 84       		.byte	0x84
 933 0354 1C       		.uleb128 0x1c
 934 0355 FB010000 		.4byte	.LASF36
 935 0359 FB010000 		.4byte	.LASF36
 936 035d 05       		.byte	0x5
 937 035e ED       		.byte	0xed
 938 035f 1C       		.uleb128 0x1c
 939 0360 2C000000 		.4byte	.LASF37
 940 0364 2C000000 		.4byte	.LASF37
 941 0368 05       		.byte	0x5
 942 0369 D0       		.byte	0xd0
 943 036a 1C       		.uleb128 0x1c
 944 036b F6000000 		.4byte	.LASF38
 945 036f F6000000 		.4byte	.LASF38
 946 0373 05       		.byte	0x5
 947 0374 D6       		.byte	0xd6
 948 0375 00       		.byte	0
 949              		.section	.debug_abbrev,"",%progbits
 950              	.Ldebug_abbrev0:
 951 0000 01       		.uleb128 0x1
 952 0001 11       		.uleb128 0x11
 953 0002 01       		.byte	0x1
 954 0003 25       		.uleb128 0x25
 955 0004 0E       		.uleb128 0xe
 956 0005 13       		.uleb128 0x13
 957 0006 0B       		.uleb128 0xb
 958 0007 03       		.uleb128 0x3
 959 0008 0E       		.uleb128 0xe
 960 0009 1B       		.uleb128 0x1b
 961 000a 0E       		.uleb128 0xe
 962 000b 55       		.uleb128 0x55
 963 000c 17       		.uleb128 0x17
 964 000d 11       		.uleb128 0x11
 965 000e 01       		.uleb128 0x1
 966 000f 10       		.uleb128 0x10
ARM GAS  C:\Users\Surface\AppData\Local\Temp\ccx2DInB.s 			page 25


 967 0010 17       		.uleb128 0x17
 968 0011 00       		.byte	0
 969 0012 00       		.byte	0
 970 0013 02       		.uleb128 0x2
 971 0014 24       		.uleb128 0x24
 972 0015 00       		.byte	0
 973 0016 0B       		.uleb128 0xb
 974 0017 0B       		.uleb128 0xb
 975 0018 3E       		.uleb128 0x3e
 976 0019 0B       		.uleb128 0xb
 977 001a 03       		.uleb128 0x3
 978 001b 08       		.uleb128 0x8
 979 001c 00       		.byte	0
 980 001d 00       		.byte	0
 981 001e 03       		.uleb128 0x3
 982 001f 16       		.uleb128 0x16
 983 0020 00       		.byte	0
 984 0021 03       		.uleb128 0x3
 985 0022 0E       		.uleb128 0xe
 986 0023 3A       		.uleb128 0x3a
 987 0024 0B       		.uleb128 0xb
 988 0025 3B       		.uleb128 0x3b
 989 0026 0B       		.uleb128 0xb
 990 0027 49       		.uleb128 0x49
 991 0028 13       		.uleb128 0x13
 992 0029 00       		.byte	0
 993 002a 00       		.byte	0
 994 002b 04       		.uleb128 0x4
 995 002c 24       		.uleb128 0x24
 996 002d 00       		.byte	0
 997 002e 0B       		.uleb128 0xb
 998 002f 0B       		.uleb128 0xb
 999 0030 3E       		.uleb128 0x3e
 1000 0031 0B       		.uleb128 0xb
 1001 0032 03       		.uleb128 0x3
 1002 0033 0E       		.uleb128 0xe
 1003 0034 00       		.byte	0
 1004 0035 00       		.byte	0
 1005 0036 05       		.uleb128 0x5
 1006 0037 0F       		.uleb128 0xf
 1007 0038 00       		.byte	0
 1008 0039 0B       		.uleb128 0xb
 1009 003a 0B       		.uleb128 0xb
 1010 003b 00       		.byte	0
 1011 003c 00       		.byte	0
 1012 003d 06       		.uleb128 0x6
 1013 003e 16       		.uleb128 0x16
 1014 003f 00       		.byte	0
 1015 0040 03       		.uleb128 0x3
 1016 0041 0E       		.uleb128 0xe
 1017 0042 3A       		.uleb128 0x3a
 1018 0043 0B       		.uleb128 0xb
 1019 0044 3B       		.uleb128 0x3b
 1020 0045 05       		.uleb128 0x5
 1021 0046 49       		.uleb128 0x49
 1022 0047 13       		.uleb128 0x13
 1023 0048 00       		.byte	0
ARM GAS  C:\Users\Surface\AppData\Local\Temp\ccx2DInB.s 			page 26


 1024 0049 00       		.byte	0
 1025 004a 07       		.uleb128 0x7
 1026 004b 35       		.uleb128 0x35
 1027 004c 00       		.byte	0
 1028 004d 49       		.uleb128 0x49
 1029 004e 13       		.uleb128 0x13
 1030 004f 00       		.byte	0
 1031 0050 00       		.byte	0
 1032 0051 08       		.uleb128 0x8
 1033 0052 2E       		.uleb128 0x2e
 1034 0053 01       		.byte	0x1
 1035 0054 03       		.uleb128 0x3
 1036 0055 0E       		.uleb128 0xe
 1037 0056 3A       		.uleb128 0x3a
 1038 0057 0B       		.uleb128 0xb
 1039 0058 3B       		.uleb128 0x3b
 1040 0059 0B       		.uleb128 0xb
 1041 005a 27       		.uleb128 0x27
 1042 005b 19       		.uleb128 0x19
 1043 005c 11       		.uleb128 0x11
 1044 005d 01       		.uleb128 0x1
 1045 005e 12       		.uleb128 0x12
 1046 005f 06       		.uleb128 0x6
 1047 0060 40       		.uleb128 0x40
 1048 0061 18       		.uleb128 0x18
 1049 0062 9742     		.uleb128 0x2117
 1050 0064 19       		.uleb128 0x19
 1051 0065 01       		.uleb128 0x1
 1052 0066 13       		.uleb128 0x13
 1053 0067 00       		.byte	0
 1054 0068 00       		.byte	0
 1055 0069 09       		.uleb128 0x9
 1056 006a 05       		.uleb128 0x5
 1057 006b 00       		.byte	0
 1058 006c 03       		.uleb128 0x3
 1059 006d 08       		.uleb128 0x8
 1060 006e 3A       		.uleb128 0x3a
 1061 006f 0B       		.uleb128 0xb
 1062 0070 3B       		.uleb128 0x3b
 1063 0071 0B       		.uleb128 0xb
 1064 0072 49       		.uleb128 0x49
 1065 0073 13       		.uleb128 0x13
 1066 0074 02       		.uleb128 0x2
 1067 0075 17       		.uleb128 0x17
 1068 0076 00       		.byte	0
 1069 0077 00       		.byte	0
 1070 0078 0A       		.uleb128 0xa
 1071 0079 898201   		.uleb128 0x4109
 1072 007c 01       		.byte	0x1
 1073 007d 11       		.uleb128 0x11
 1074 007e 01       		.uleb128 0x1
 1075 007f 31       		.uleb128 0x31
 1076 0080 13       		.uleb128 0x13
 1077 0081 00       		.byte	0
 1078 0082 00       		.byte	0
 1079 0083 0B       		.uleb128 0xb
 1080 0084 8A8201   		.uleb128 0x410a
ARM GAS  C:\Users\Surface\AppData\Local\Temp\ccx2DInB.s 			page 27


 1081 0087 00       		.byte	0
 1082 0088 02       		.uleb128 0x2
 1083 0089 18       		.uleb128 0x18
 1084 008a 9142     		.uleb128 0x2111
 1085 008c 18       		.uleb128 0x18
 1086 008d 00       		.byte	0
 1087 008e 00       		.byte	0
 1088 008f 0C       		.uleb128 0xc
 1089 0090 898201   		.uleb128 0x4109
 1090 0093 00       		.byte	0
 1091 0094 11       		.uleb128 0x11
 1092 0095 01       		.uleb128 0x1
 1093 0096 31       		.uleb128 0x31
 1094 0097 13       		.uleb128 0x13
 1095 0098 00       		.byte	0
 1096 0099 00       		.byte	0
 1097 009a 0D       		.uleb128 0xd
 1098 009b 898201   		.uleb128 0x4109
 1099 009e 01       		.byte	0x1
 1100 009f 11       		.uleb128 0x11
 1101 00a0 01       		.uleb128 0x1
 1102 00a1 31       		.uleb128 0x31
 1103 00a2 13       		.uleb128 0x13
 1104 00a3 01       		.uleb128 0x1
 1105 00a4 13       		.uleb128 0x13
 1106 00a5 00       		.byte	0
 1107 00a6 00       		.byte	0
 1108 00a7 0E       		.uleb128 0xe
 1109 00a8 2E       		.uleb128 0x2e
 1110 00a9 01       		.byte	0x1
 1111 00aa 3F       		.uleb128 0x3f
 1112 00ab 19       		.uleb128 0x19
 1113 00ac 03       		.uleb128 0x3
 1114 00ad 0E       		.uleb128 0xe
 1115 00ae 3A       		.uleb128 0x3a
 1116 00af 0B       		.uleb128 0xb
 1117 00b0 3B       		.uleb128 0x3b
 1118 00b1 05       		.uleb128 0x5
 1119 00b2 27       		.uleb128 0x27
 1120 00b3 19       		.uleb128 0x19
 1121 00b4 11       		.uleb128 0x11
 1122 00b5 01       		.uleb128 0x1
 1123 00b6 12       		.uleb128 0x12
 1124 00b7 06       		.uleb128 0x6
 1125 00b8 40       		.uleb128 0x40
 1126 00b9 18       		.uleb128 0x18
 1127 00ba 9742     		.uleb128 0x2117
 1128 00bc 19       		.uleb128 0x19
 1129 00bd 01       		.uleb128 0x1
 1130 00be 13       		.uleb128 0x13
 1131 00bf 00       		.byte	0
 1132 00c0 00       		.byte	0
 1133 00c1 0F       		.uleb128 0xf
 1134 00c2 05       		.uleb128 0x5
 1135 00c3 00       		.byte	0
 1136 00c4 03       		.uleb128 0x3
 1137 00c5 0E       		.uleb128 0xe
ARM GAS  C:\Users\Surface\AppData\Local\Temp\ccx2DInB.s 			page 28


 1138 00c6 3A       		.uleb128 0x3a
 1139 00c7 0B       		.uleb128 0xb
 1140 00c8 3B       		.uleb128 0x3b
 1141 00c9 05       		.uleb128 0x5
 1142 00ca 49       		.uleb128 0x49
 1143 00cb 13       		.uleb128 0x13
 1144 00cc 02       		.uleb128 0x2
 1145 00cd 18       		.uleb128 0x18
 1146 00ce 00       		.byte	0
 1147 00cf 00       		.byte	0
 1148 00d0 10       		.uleb128 0x10
 1149 00d1 34       		.uleb128 0x34
 1150 00d2 00       		.byte	0
 1151 00d3 03       		.uleb128 0x3
 1152 00d4 0E       		.uleb128 0xe
 1153 00d5 3A       		.uleb128 0x3a
 1154 00d6 0B       		.uleb128 0xb
 1155 00d7 3B       		.uleb128 0x3b
 1156 00d8 05       		.uleb128 0x5
 1157 00d9 49       		.uleb128 0x49
 1158 00da 13       		.uleb128 0x13
 1159 00db 02       		.uleb128 0x2
 1160 00dc 17       		.uleb128 0x17
 1161 00dd 00       		.byte	0
 1162 00de 00       		.byte	0
 1163 00df 11       		.uleb128 0x11
 1164 00e0 0B       		.uleb128 0xb
 1165 00e1 01       		.byte	0x1
 1166 00e2 11       		.uleb128 0x11
 1167 00e3 01       		.uleb128 0x1
 1168 00e4 12       		.uleb128 0x12
 1169 00e5 06       		.uleb128 0x6
 1170 00e6 01       		.uleb128 0x1
 1171 00e7 13       		.uleb128 0x13
 1172 00e8 00       		.byte	0
 1173 00e9 00       		.byte	0
 1174 00ea 12       		.uleb128 0x12
 1175 00eb 13       		.uleb128 0x13
 1176 00ec 01       		.byte	0x1
 1177 00ed 0B       		.uleb128 0xb
 1178 00ee 0B       		.uleb128 0xb
 1179 00ef 3A       		.uleb128 0x3a
 1180 00f0 0B       		.uleb128 0xb
 1181 00f1 3B       		.uleb128 0x3b
 1182 00f2 05       		.uleb128 0x5
 1183 00f3 01       		.uleb128 0x1
 1184 00f4 13       		.uleb128 0x13
 1185 00f5 00       		.byte	0
 1186 00f6 00       		.byte	0
 1187 00f7 13       		.uleb128 0x13
 1188 00f8 0D       		.uleb128 0xd
 1189 00f9 00       		.byte	0
 1190 00fa 03       		.uleb128 0x3
 1191 00fb 0E       		.uleb128 0xe
 1192 00fc 3A       		.uleb128 0x3a
 1193 00fd 0B       		.uleb128 0xb
 1194 00fe 3B       		.uleb128 0x3b
ARM GAS  C:\Users\Surface\AppData\Local\Temp\ccx2DInB.s 			page 29


 1195 00ff 05       		.uleb128 0x5
 1196 0100 49       		.uleb128 0x49
 1197 0101 13       		.uleb128 0x13
 1198 0102 38       		.uleb128 0x38
 1199 0103 0B       		.uleb128 0xb
 1200 0104 00       		.byte	0
 1201 0105 00       		.byte	0
 1202 0106 14       		.uleb128 0x14
 1203 0107 01       		.uleb128 0x1
 1204 0108 01       		.byte	0x1
 1205 0109 49       		.uleb128 0x49
 1206 010a 13       		.uleb128 0x13
 1207 010b 01       		.uleb128 0x1
 1208 010c 13       		.uleb128 0x13
 1209 010d 00       		.byte	0
 1210 010e 00       		.byte	0
 1211 010f 15       		.uleb128 0x15
 1212 0110 21       		.uleb128 0x21
 1213 0111 00       		.byte	0
 1214 0112 49       		.uleb128 0x49
 1215 0113 13       		.uleb128 0x13
 1216 0114 2F       		.uleb128 0x2f
 1217 0115 0B       		.uleb128 0xb
 1218 0116 00       		.byte	0
 1219 0117 00       		.byte	0
 1220 0118 16       		.uleb128 0x16
 1221 0119 26       		.uleb128 0x26
 1222 011a 00       		.byte	0
 1223 011b 49       		.uleb128 0x49
 1224 011c 13       		.uleb128 0x13
 1225 011d 00       		.byte	0
 1226 011e 00       		.byte	0
 1227 011f 17       		.uleb128 0x17
 1228 0120 34       		.uleb128 0x34
 1229 0121 00       		.byte	0
 1230 0122 03       		.uleb128 0x3
 1231 0123 0E       		.uleb128 0xe
 1232 0124 3A       		.uleb128 0x3a
 1233 0125 0B       		.uleb128 0xb
 1234 0126 3B       		.uleb128 0x3b
 1235 0127 05       		.uleb128 0x5
 1236 0128 49       		.uleb128 0x49
 1237 0129 13       		.uleb128 0x13
 1238 012a 02       		.uleb128 0x2
 1239 012b 18       		.uleb128 0x18
 1240 012c 00       		.byte	0
 1241 012d 00       		.byte	0
 1242 012e 18       		.uleb128 0x18
 1243 012f 34       		.uleb128 0x34
 1244 0130 00       		.byte	0
 1245 0131 03       		.uleb128 0x3
 1246 0132 08       		.uleb128 0x8
 1247 0133 3A       		.uleb128 0x3a
 1248 0134 0B       		.uleb128 0xb
 1249 0135 3B       		.uleb128 0x3b
 1250 0136 05       		.uleb128 0x5
 1251 0137 49       		.uleb128 0x49
ARM GAS  C:\Users\Surface\AppData\Local\Temp\ccx2DInB.s 			page 30


 1252 0138 13       		.uleb128 0x13
 1253 0139 02       		.uleb128 0x2
 1254 013a 17       		.uleb128 0x17
 1255 013b 00       		.byte	0
 1256 013c 00       		.byte	0
 1257 013d 19       		.uleb128 0x19
 1258 013e 0B       		.uleb128 0xb
 1259 013f 01       		.byte	0x1
 1260 0140 11       		.uleb128 0x11
 1261 0141 01       		.uleb128 0x1
 1262 0142 12       		.uleb128 0x12
 1263 0143 06       		.uleb128 0x6
 1264 0144 00       		.byte	0
 1265 0145 00       		.byte	0
 1266 0146 1A       		.uleb128 0x1a
 1267 0147 0F       		.uleb128 0xf
 1268 0148 00       		.byte	0
 1269 0149 0B       		.uleb128 0xb
 1270 014a 0B       		.uleb128 0xb
 1271 014b 49       		.uleb128 0x49
 1272 014c 13       		.uleb128 0x13
 1273 014d 00       		.byte	0
 1274 014e 00       		.byte	0
 1275 014f 1B       		.uleb128 0x1b
 1276 0150 2E       		.uleb128 0x2e
 1277 0151 00       		.byte	0
 1278 0152 3F       		.uleb128 0x3f
 1279 0153 19       		.uleb128 0x19
 1280 0154 3C       		.uleb128 0x3c
 1281 0155 19       		.uleb128 0x19
 1282 0156 6E       		.uleb128 0x6e
 1283 0157 0E       		.uleb128 0xe
 1284 0158 03       		.uleb128 0x3
 1285 0159 0E       		.uleb128 0xe
 1286 015a 00       		.byte	0
 1287 015b 00       		.byte	0
 1288 015c 1C       		.uleb128 0x1c
 1289 015d 2E       		.uleb128 0x2e
 1290 015e 00       		.byte	0
 1291 015f 3F       		.uleb128 0x3f
 1292 0160 19       		.uleb128 0x19
 1293 0161 3C       		.uleb128 0x3c
 1294 0162 19       		.uleb128 0x19
 1295 0163 6E       		.uleb128 0x6e
 1296 0164 0E       		.uleb128 0xe
 1297 0165 03       		.uleb128 0x3
 1298 0166 0E       		.uleb128 0xe
 1299 0167 3A       		.uleb128 0x3a
 1300 0168 0B       		.uleb128 0xb
 1301 0169 3B       		.uleb128 0x3b
 1302 016a 0B       		.uleb128 0xb
 1303 016b 00       		.byte	0
 1304 016c 00       		.byte	0
 1305 016d 00       		.byte	0
 1306              		.section	.debug_loc,"",%progbits
 1307              	.Ldebug_loc0:
 1308              	.LLST0:
ARM GAS  C:\Users\Surface\AppData\Local\Temp\ccx2DInB.s 			page 31


 1309 0000 00000000 		.4byte	.LVL0
 1310 0004 09000000 		.4byte	.LVL2-1
 1311 0008 0100     		.2byte	0x1
 1312 000a 50       		.byte	0x50
 1313 000b 09000000 		.4byte	.LVL2-1
 1314 000f 0C000000 		.4byte	.LFE2
 1315 0013 0400     		.2byte	0x4
 1316 0015 F3       		.byte	0xf3
 1317 0016 01       		.uleb128 0x1
 1318 0017 50       		.byte	0x50
 1319 0018 9F       		.byte	0x9f
 1320 0019 00000000 		.4byte	0
 1321 001d 00000000 		.4byte	0
 1322              	.LLST1:
 1323 0021 00000000 		.4byte	.LVL0
 1324 0025 06000000 		.4byte	.LVL1
 1325 0029 0100     		.2byte	0x1
 1326 002b 51       		.byte	0x51
 1327 002c 06000000 		.4byte	.LVL1
 1328 0030 09000000 		.4byte	.LVL2-1
 1329 0034 0100     		.2byte	0x1
 1330 0036 52       		.byte	0x52
 1331 0037 09000000 		.4byte	.LVL2-1
 1332 003b 0C000000 		.4byte	.LFE2
 1333 003f 0400     		.2byte	0x4
 1334 0041 F3       		.byte	0xf3
 1335 0042 01       		.uleb128 0x1
 1336 0043 51       		.byte	0x51
 1337 0044 9F       		.byte	0x9f
 1338 0045 00000000 		.4byte	0
 1339 0049 00000000 		.4byte	0
 1340              	.LLST2:
 1341 004d 04000000 		.4byte	.LVL12
 1342 0051 12000000 		.4byte	.LVL14
 1343 0055 0100     		.2byte	0x1
 1344 0057 53       		.byte	0x53
 1345 0058 14000000 		.4byte	.LVL15
 1346 005c 20000000 		.4byte	.LFE7
 1347 0060 0100     		.2byte	0x1
 1348 0062 53       		.byte	0x53
 1349 0063 00000000 		.4byte	0
 1350 0067 00000000 		.4byte	0
 1351              	.LLST3:
 1352 006b 3E010000 		.4byte	.LVL17
 1353 006f 42010000 		.4byte	.LVL18
 1354 0073 0200     		.2byte	0x2
 1355 0075 30       		.byte	0x30
 1356 0076 9F       		.byte	0x9f
 1357 0077 42010000 		.4byte	.LVL18
 1358 007b 60010000 		.4byte	.LVL20
 1359 007f 0100     		.2byte	0x1
 1360 0081 54       		.byte	0x54
 1361 0082 62010000 		.4byte	.LVL21
 1362 0086 D2010000 		.4byte	.LVL24
 1363 008a 0100     		.2byte	0x1
 1364 008c 54       		.byte	0x54
 1365 008d 00000000 		.4byte	0
ARM GAS  C:\Users\Surface\AppData\Local\Temp\ccx2DInB.s 			page 32


 1366 0091 00000000 		.4byte	0
 1367              	.LLST4:
 1368 0095 42010000 		.4byte	.LVL18
 1369 0099 60010000 		.4byte	.LVL20
 1370 009d 0B00     		.2byte	0xb
 1371 009f 74       		.byte	0x74
 1372 00a0 00       		.sleb128 0
 1373 00a1 36       		.byte	0x36
 1374 00a2 1E       		.byte	0x1e
 1375 00a3 03       		.byte	0x3
 1376 00a4 00000000 		.4byte	cfg_memset_list.4899
 1377 00a8 22       		.byte	0x22
 1378 00a9 9F       		.byte	0x9f
 1379 00aa 60010000 		.4byte	.LVL20
 1380 00ae 62010000 		.4byte	.LVL21
 1381 00b2 0B00     		.2byte	0xb
 1382 00b4 74       		.byte	0x74
 1383 00b5 7F       		.sleb128 -1
 1384 00b6 36       		.byte	0x36
 1385 00b7 1E       		.byte	0x1e
 1386 00b8 03       		.byte	0x3
 1387 00b9 00000000 		.4byte	cfg_memset_list.4899
 1388 00bd 22       		.byte	0x22
 1389 00be 9F       		.byte	0x9f
 1390 00bf 00000000 		.4byte	0
 1391 00c3 00000000 		.4byte	0
 1392              		.section	.debug_aranges,"",%progbits
 1393 0000 3C000000 		.4byte	0x3c
 1394 0004 0200     		.2byte	0x2
 1395 0006 00000000 		.4byte	.Ldebug_info0
 1396 000a 04       		.byte	0x4
 1397 000b 00       		.byte	0
 1398 000c 0000     		.2byte	0
 1399 000e 0000     		.2byte	0
 1400 0010 00000000 		.4byte	.LFB2
 1401 0014 0C000000 		.4byte	.LFE2-.LFB2
 1402 0018 00000000 		.4byte	.LFB5
 1403 001c 34010000 		.4byte	.LFE5-.LFB5
 1404 0020 00000000 		.4byte	.LFB7
 1405 0024 20000000 		.4byte	.LFE7-.LFB7
 1406 0028 00000000 		.4byte	.LFB6
 1407 002c 44000000 		.4byte	.LFE6-.LFB6
 1408 0030 34010000 		.4byte	.LFB8
 1409 0034 00010000 		.4byte	.LFE8-.LFB8
 1410 0038 00000000 		.4byte	0
 1411 003c 00000000 		.4byte	0
 1412              		.section	.debug_ranges,"",%progbits
 1413              	.Ldebug_ranges0:
 1414 0000 00000000 		.4byte	.LFB2
 1415 0004 0C000000 		.4byte	.LFE2
 1416 0008 00000000 		.4byte	.LFB5
 1417 000c 34010000 		.4byte	.LFE5
 1418 0010 00000000 		.4byte	.LFB7
 1419 0014 20000000 		.4byte	.LFE7
 1420 0018 00000000 		.4byte	.LFB6
 1421 001c 44000000 		.4byte	.LFE6
 1422 0020 34010000 		.4byte	.LFB8
ARM GAS  C:\Users\Surface\AppData\Local\Temp\ccx2DInB.s 			page 33


 1423 0024 34020000 		.4byte	.LFE8
 1424 0028 00000000 		.4byte	0
 1425 002c 00000000 		.4byte	0
 1426              		.section	.debug_line,"",%progbits
 1427              	.Ldebug_line0:
 1428 0000 88010000 		.section	.debug_str,"MS",%progbits,1
 1428      0200E300 
 1428      00000201 
 1428      FB0E0D00 
 1428      01010101 
 1429              	.LASF32:
 1430 0000 43794465 		.ascii	"CyDelayCycles\000"
 1430      6C617943 
 1430      79636C65 
 1430      7300
 1431              	.LASF19:
 1432 000e 72656733 		.ascii	"reg32\000"
 1432      3200
 1433              	.LASF12:
 1434 0014 73697A65 		.ascii	"size_t\000"
 1434      5F7400
 1435              	.LASF23:
 1436 001b 416E616C 		.ascii	"AnalogSetDefault\000"
 1436      6F675365 
 1436      74446566 
 1436      61756C74 
 1436      00
 1437              	.LASF37:
 1438 002c 4379496E 		.ascii	"CyIntSetVector\000"
 1438      74536574 
 1438      56656374 
 1438      6F7200
 1439              	.LASF30:
 1440 003b 6366675F 		.ascii	"cfg_memset_list\000"
 1440      6D656D73 
 1440      65745F6C 
 1440      69737400 
 1441              	.LASF21:
 1442 004b 436C6F63 		.ascii	"ClockSetup\000"
 1442      6B536574 
 1442      757000
 1443              	.LASF6:
 1444 0056 73686F72 		.ascii	"short unsigned int\000"
 1444      7420756E 
 1444      7369676E 
 1444      65642069 
 1444      6E7400
 1445              	.LASF16:
 1446 0069 666C6F61 		.ascii	"float\000"
 1446      7400
 1447              	.LASF27:
 1448 006f 73697A65 		.ascii	"size\000"
 1448      00
 1449              	.LASF33:
 1450 0074 43795379 		.ascii	"CySysClkWcoSetPowerMode\000"
 1450      73436C6B 
 1450      57636F53 
ARM GAS  C:\Users\Surface\AppData\Local\Temp\ccx2DInB.s 			page 34


 1450      6574506F 
 1450      7765724D 
 1451              	.LASF18:
 1452 008c 72656738 		.ascii	"reg8\000"
 1452      00
 1453              	.LASF8:
 1454 0091 6C6F6E67 		.ascii	"long unsigned int\000"
 1454      20756E73 
 1454      69676E65 
 1454      6420696E 
 1454      7400
 1455              	.LASF13:
 1456 00a3 75696E74 		.ascii	"uint8\000"
 1456      3800
 1457              	.LASF31:
 1458 00a9 43795379 		.ascii	"CySysClkWcoStart\000"
 1458      73436C6B 
 1458      57636F53 
 1458      74617274 
 1458      00
 1459              	.LASF20:
 1460 00ba 43594D45 		.ascii	"CYMEMZERO\000"
 1460      4D5A4552 
 1460      4F00
 1461              	.LASF24:
 1462 00c4 53657441 		.ascii	"SetAnalogRoutingPumps\000"
 1462      6E616C6F 
 1462      67526F75 
 1462      74696E67 
 1462      50756D70 
 1463              	.LASF4:
 1464 00da 756E7369 		.ascii	"unsigned char\000"
 1464      676E6564 
 1464      20636861 
 1464      7200
 1465              	.LASF42:
 1466 00e8 6D656D73 		.ascii	"memset\000"
 1466      657400
 1467              	.LASF17:
 1468 00ef 646F7562 		.ascii	"double\000"
 1468      6C6500
 1469              	.LASF38:
 1470 00f6 4379496E 		.ascii	"CyIntEnable\000"
 1470      74456E61 
 1470      626C6500 
 1471              	.LASF14:
 1472 0102 75696E74 		.ascii	"uint16\000"
 1472      313600
 1473              	.LASF15:
 1474 0109 75696E74 		.ascii	"uint32\000"
 1474      333200
 1475              	.LASF0:
 1476 0110 756E7369 		.ascii	"unsigned int\000"
 1476      676E6564 
 1476      20696E74 
 1476      00
 1477              	.LASF25:
ARM GAS  C:\Users\Surface\AppData\Local\Temp\ccx2DInB.s 			page 35


 1478 011d 63796669 		.ascii	"cyfitter_cfg\000"
 1478      74746572 
 1478      5F636667 
 1478      00
 1479              	.LASF26:
 1480 012a 61646472 		.ascii	"address\000"
 1480      65737300 
 1481              	.LASF9:
 1482 0132 6C6F6E67 		.ascii	"long long unsigned int\000"
 1482      206C6F6E 
 1482      6720756E 
 1482      7369676E 
 1482      65642069 
 1483              	.LASF39:
 1484 0149 474E5520 		.ascii	"GNU C11 5.4.1 20160609 (release) [ARM/embedded-5-br"
 1484      43313120 
 1484      352E342E 
 1484      31203230 
 1484      31363036 
 1485 017c 616E6368 		.ascii	"anch revision 237715] -mcpu=cortex-m0 -mthumb -g -O"
 1485      20726576 
 1485      6973696F 
 1485      6E203233 
 1485      37373135 
 1486 01af 67202D66 		.ascii	"g -ffunction-sections -ffat-lto-objects\000"
 1486      66756E63 
 1486      74696F6E 
 1486      2D736563 
 1486      74696F6E 
 1487              	.LASF28:
 1488 01d7 6366675F 		.ascii	"cfg_memset_t\000"
 1488      6D656D73 
 1488      65745F74 
 1488      00
 1489              	.LASF10:
 1490 01e4 73697A65 		.ascii	"sizetype\000"
 1490      74797065 
 1490      00
 1491              	.LASF1:
 1492 01ed 6C6F6E67 		.ascii	"long long int\000"
 1492      206C6F6E 
 1492      6720696E 
 1492      7400
 1493              	.LASF36:
 1494 01fb 43794465 		.ascii	"CyDelayUs\000"
 1494      6C617955 
 1494      7300
 1495              	.LASF11:
 1496 0205 63686172 		.ascii	"char\000"
 1496      00
 1497              	.LASF35:
 1498 020a 43795379 		.ascii	"CySysClkEcoStart\000"
 1498      73436C6B 
 1498      45636F53 
 1498      74617274 
 1498      00
 1499              	.LASF22:
ARM GAS  C:\Users\Surface\AppData\Local\Temp\ccx2DInB.s 			page 36


 1500 021b 656E6162 		.ascii	"enabled\000"
 1500      6C656400 
 1501              	.LASF5:
 1502 0223 73686F72 		.ascii	"short int\000"
 1502      7420696E 
 1502      7400
 1503              	.LASF34:
 1504 022d 43795379 		.ascii	"CySysClkWriteImoFreq\000"
 1504      73436C6B 
 1504      57726974 
 1504      65496D6F 
 1504      46726571 
 1505              	.LASF7:
 1506 0242 6C6F6E67 		.ascii	"long int\000"
 1506      20696E74 
 1506      00
 1507              	.LASF2:
 1508 024b 6C6F6E67 		.ascii	"long double\000"
 1508      20646F75 
 1508      626C6500 
 1509              	.LASF3:
 1510 0257 7369676E 		.ascii	"signed char\000"
 1510      65642063 
 1510      68617200 
 1511              	.LASF40:
 1512 0263 47656E65 		.ascii	"Generated_Source\\PSoC4\\cyfitter_cfg.c\000"
 1512      72617465 
 1512      645F536F 
 1512      75726365 
 1512      5C50536F 
 1513              	.LASF29:
 1514 0289 72656756 		.ascii	"regValue\000"
 1514      616C7565 
 1514      00
 1515              	.LASF41:
 1516 0292 433A5C55 		.ascii	"C:\\Users\\Surface\\OneDrive\\Documents\\ECE\\ECE 4"
 1516      73657273 
 1516      5C537572 
 1516      66616365 
 1516      5C4F6E65 
 1517 02bf 30355F34 		.ascii	"05_406\\ECE_406\\SPI_Master.cydsn\000"
 1517      30365C45 
 1517      43455F34 
 1517      30365C53 
 1517      50495F4D 
 1518              		.ident	"GCC: (GNU Tools for ARM Embedded Processors) 5.4.1 20160609 (release) [ARM/embedded-5-bran
