ARM GAS  C:\Users\freem\AppData\Local\Temp\ccbPYJ7e.s 			page 1


   1              		.syntax unified
   2              		.cpu cortex-m0
   3              		.fpu softvfp
   4              		.eabi_attribute 20, 1
   5              		.eabi_attribute 21, 1
   6              		.eabi_attribute 23, 3
   7              		.eabi_attribute 24, 1
   8              		.eabi_attribute 25, 1
   9              		.eabi_attribute 26, 1
  10              		.eabi_attribute 30, 6
  11              		.eabi_attribute 34, 0
  12              		.eabi_attribute 18, 4
  13              		.thumb
  14              		.syntax unified
  15              		.file	"SDCard_SPIM_SPI.c"
  16              		.text
  17              	.Ltext0:
  18              		.cfi_sections	.debug_frame
  19              		.section	.text.SDCard_SPIM_SpiInit,"ax",%progbits
  20              		.align	2
  21              		.global	SDCard_SPIM_SpiInit
  22              		.code	16
  23              		.thumb_func
  24              		.type	SDCard_SPIM_SpiInit, %function
  25              	SDCard_SPIM_SpiInit:
  26              	.LFB2:
  27              		.file 1 "Generated_Source\\PSoC4\\SDCard_SPIM_SPI.c"
   1:Generated_Source\PSoC4/SDCard_SPIM_SPI.c **** /***************************************************************************//**
   2:Generated_Source\PSoC4/SDCard_SPIM_SPI.c **** * \file SDCard_SPIM_SPI.c
   3:Generated_Source\PSoC4/SDCard_SPIM_SPI.c **** * \version 4.0
   4:Generated_Source\PSoC4/SDCard_SPIM_SPI.c **** *
   5:Generated_Source\PSoC4/SDCard_SPIM_SPI.c **** * \brief
   6:Generated_Source\PSoC4/SDCard_SPIM_SPI.c **** *  This file provides the source code to the API for the SCB Component in
   7:Generated_Source\PSoC4/SDCard_SPIM_SPI.c **** *  SPI mode.
   8:Generated_Source\PSoC4/SDCard_SPIM_SPI.c **** *
   9:Generated_Source\PSoC4/SDCard_SPIM_SPI.c **** * Note:
  10:Generated_Source\PSoC4/SDCard_SPIM_SPI.c **** *
  11:Generated_Source\PSoC4/SDCard_SPIM_SPI.c **** *******************************************************************************
  12:Generated_Source\PSoC4/SDCard_SPIM_SPI.c **** * \copyright
  13:Generated_Source\PSoC4/SDCard_SPIM_SPI.c **** * Copyright 2013-2017, Cypress Semiconductor Corporation.  All rights reserved.
  14:Generated_Source\PSoC4/SDCard_SPIM_SPI.c **** * You may use this file only in accordance with the license, terms, conditions,
  15:Generated_Source\PSoC4/SDCard_SPIM_SPI.c **** * disclaimers, and limitations in the end user license agreement accompanying
  16:Generated_Source\PSoC4/SDCard_SPIM_SPI.c **** * the software package with which this file was provided.
  17:Generated_Source\PSoC4/SDCard_SPIM_SPI.c **** *******************************************************************************/
  18:Generated_Source\PSoC4/SDCard_SPIM_SPI.c **** 
  19:Generated_Source\PSoC4/SDCard_SPIM_SPI.c **** #include "SDCard_SPIM_PVT.h"
  20:Generated_Source\PSoC4/SDCard_SPIM_SPI.c **** #include "SDCard_SPIM_SPI_UART_PVT.h"
  21:Generated_Source\PSoC4/SDCard_SPIM_SPI.c **** 
  22:Generated_Source\PSoC4/SDCard_SPIM_SPI.c **** #if(SDCard_SPIM_SCB_MODE_UNCONFIG_CONST_CFG)
  23:Generated_Source\PSoC4/SDCard_SPIM_SPI.c **** 
  24:Generated_Source\PSoC4/SDCard_SPIM_SPI.c ****     /***************************************
  25:Generated_Source\PSoC4/SDCard_SPIM_SPI.c ****     *  Configuration Structure Initialization
  26:Generated_Source\PSoC4/SDCard_SPIM_SPI.c ****     ***************************************/
  27:Generated_Source\PSoC4/SDCard_SPIM_SPI.c **** 
  28:Generated_Source\PSoC4/SDCard_SPIM_SPI.c ****     const SDCard_SPIM_SPI_INIT_STRUCT SDCard_SPIM_configSpi =
  29:Generated_Source\PSoC4/SDCard_SPIM_SPI.c ****     {
  30:Generated_Source\PSoC4/SDCard_SPIM_SPI.c ****         SDCard_SPIM_SPI_MODE,
ARM GAS  C:\Users\freem\AppData\Local\Temp\ccbPYJ7e.s 			page 2


  31:Generated_Source\PSoC4/SDCard_SPIM_SPI.c ****         SDCard_SPIM_SPI_SUB_MODE,
  32:Generated_Source\PSoC4/SDCard_SPIM_SPI.c ****         SDCard_SPIM_SPI_CLOCK_MODE,
  33:Generated_Source\PSoC4/SDCard_SPIM_SPI.c ****         SDCard_SPIM_SPI_OVS_FACTOR,
  34:Generated_Source\PSoC4/SDCard_SPIM_SPI.c ****         SDCard_SPIM_SPI_MEDIAN_FILTER_ENABLE,
  35:Generated_Source\PSoC4/SDCard_SPIM_SPI.c ****         SDCard_SPIM_SPI_LATE_MISO_SAMPLE_ENABLE,
  36:Generated_Source\PSoC4/SDCard_SPIM_SPI.c ****         SDCard_SPIM_SPI_WAKE_ENABLE,
  37:Generated_Source\PSoC4/SDCard_SPIM_SPI.c ****         SDCard_SPIM_SPI_RX_DATA_BITS_NUM,
  38:Generated_Source\PSoC4/SDCard_SPIM_SPI.c ****         SDCard_SPIM_SPI_TX_DATA_BITS_NUM,
  39:Generated_Source\PSoC4/SDCard_SPIM_SPI.c ****         SDCard_SPIM_SPI_BITS_ORDER,
  40:Generated_Source\PSoC4/SDCard_SPIM_SPI.c ****         SDCard_SPIM_SPI_TRANSFER_SEPARATION,
  41:Generated_Source\PSoC4/SDCard_SPIM_SPI.c ****         0u,
  42:Generated_Source\PSoC4/SDCard_SPIM_SPI.c ****         NULL,
  43:Generated_Source\PSoC4/SDCard_SPIM_SPI.c ****         0u,
  44:Generated_Source\PSoC4/SDCard_SPIM_SPI.c ****         NULL,
  45:Generated_Source\PSoC4/SDCard_SPIM_SPI.c ****         (uint32) SDCard_SPIM_SCB_IRQ_INTERNAL,
  46:Generated_Source\PSoC4/SDCard_SPIM_SPI.c ****         SDCard_SPIM_SPI_INTR_RX_MASK,
  47:Generated_Source\PSoC4/SDCard_SPIM_SPI.c ****         SDCard_SPIM_SPI_RX_TRIGGER_LEVEL,
  48:Generated_Source\PSoC4/SDCard_SPIM_SPI.c ****         SDCard_SPIM_SPI_INTR_TX_MASK,
  49:Generated_Source\PSoC4/SDCard_SPIM_SPI.c ****         SDCard_SPIM_SPI_TX_TRIGGER_LEVEL,
  50:Generated_Source\PSoC4/SDCard_SPIM_SPI.c ****         (uint8) SDCard_SPIM_SPI_BYTE_MODE_ENABLE,
  51:Generated_Source\PSoC4/SDCard_SPIM_SPI.c ****         (uint8) SDCard_SPIM_SPI_FREE_RUN_SCLK_ENABLE,
  52:Generated_Source\PSoC4/SDCard_SPIM_SPI.c ****         (uint8) SDCard_SPIM_SPI_SS_POLARITY
  53:Generated_Source\PSoC4/SDCard_SPIM_SPI.c ****     };
  54:Generated_Source\PSoC4/SDCard_SPIM_SPI.c **** 
  55:Generated_Source\PSoC4/SDCard_SPIM_SPI.c **** 
  56:Generated_Source\PSoC4/SDCard_SPIM_SPI.c ****     /*******************************************************************************
  57:Generated_Source\PSoC4/SDCard_SPIM_SPI.c ****     * Function Name: SDCard_SPIM_SpiInit
  58:Generated_Source\PSoC4/SDCard_SPIM_SPI.c ****     ****************************************************************************//**
  59:Generated_Source\PSoC4/SDCard_SPIM_SPI.c ****     *
  60:Generated_Source\PSoC4/SDCard_SPIM_SPI.c ****     *  Configures the SDCard_SPIM for SPI operation.
  61:Generated_Source\PSoC4/SDCard_SPIM_SPI.c ****     *
  62:Generated_Source\PSoC4/SDCard_SPIM_SPI.c ****     *  This function is intended specifically to be used when the SDCard_SPIM 
  63:Generated_Source\PSoC4/SDCard_SPIM_SPI.c ****     *  configuration is set to “Unconfigured SDCard_SPIM” in the customizer. 
  64:Generated_Source\PSoC4/SDCard_SPIM_SPI.c ****     *  After initializing the SDCard_SPIM in SPI mode using this function, 
  65:Generated_Source\PSoC4/SDCard_SPIM_SPI.c ****     *  the component can be enabled using the SDCard_SPIM_Start() or 
  66:Generated_Source\PSoC4/SDCard_SPIM_SPI.c ****     * SDCard_SPIM_Enable() function.
  67:Generated_Source\PSoC4/SDCard_SPIM_SPI.c ****     *  This function uses a pointer to a structure that provides the configuration 
  68:Generated_Source\PSoC4/SDCard_SPIM_SPI.c ****     *  settings. This structure contains the same information that would otherwise 
  69:Generated_Source\PSoC4/SDCard_SPIM_SPI.c ****     *  be provided by the customizer settings.
  70:Generated_Source\PSoC4/SDCard_SPIM_SPI.c ****     *
  71:Generated_Source\PSoC4/SDCard_SPIM_SPI.c ****     *  \param config: pointer to a structure that contains the following list of 
  72:Generated_Source\PSoC4/SDCard_SPIM_SPI.c ****     *   fields. These fields match the selections available in the customizer. 
  73:Generated_Source\PSoC4/SDCard_SPIM_SPI.c ****     *   Refer to the customizer for further description of the settings.
  74:Generated_Source\PSoC4/SDCard_SPIM_SPI.c ****     *
  75:Generated_Source\PSoC4/SDCard_SPIM_SPI.c ****     *******************************************************************************/
  76:Generated_Source\PSoC4/SDCard_SPIM_SPI.c ****     void SDCard_SPIM_SpiInit(const SDCard_SPIM_SPI_INIT_STRUCT *config)
  77:Generated_Source\PSoC4/SDCard_SPIM_SPI.c ****     {
  78:Generated_Source\PSoC4/SDCard_SPIM_SPI.c ****         if(NULL == config)
  79:Generated_Source\PSoC4/SDCard_SPIM_SPI.c ****         {
  80:Generated_Source\PSoC4/SDCard_SPIM_SPI.c ****             CYASSERT(0u != 0u); /* Halt execution due to bad function parameter */
  81:Generated_Source\PSoC4/SDCard_SPIM_SPI.c ****         }
  82:Generated_Source\PSoC4/SDCard_SPIM_SPI.c ****         else
  83:Generated_Source\PSoC4/SDCard_SPIM_SPI.c ****         {
  84:Generated_Source\PSoC4/SDCard_SPIM_SPI.c ****             /* Configure pins */
  85:Generated_Source\PSoC4/SDCard_SPIM_SPI.c ****             SDCard_SPIM_SetPins(SDCard_SPIM_SCB_MODE_SPI, config->mode, SDCard_SPIM_DUMMY_PARAM);
  86:Generated_Source\PSoC4/SDCard_SPIM_SPI.c **** 
  87:Generated_Source\PSoC4/SDCard_SPIM_SPI.c ****             /* Store internal configuration */
ARM GAS  C:\Users\freem\AppData\Local\Temp\ccbPYJ7e.s 			page 3


  88:Generated_Source\PSoC4/SDCard_SPIM_SPI.c ****             SDCard_SPIM_scbMode       = (uint8) SDCard_SPIM_SCB_MODE_SPI;
  89:Generated_Source\PSoC4/SDCard_SPIM_SPI.c ****             SDCard_SPIM_scbEnableWake = (uint8) config->enableWake;
  90:Generated_Source\PSoC4/SDCard_SPIM_SPI.c ****             SDCard_SPIM_scbEnableIntr = (uint8) config->enableInterrupt;
  91:Generated_Source\PSoC4/SDCard_SPIM_SPI.c **** 
  92:Generated_Source\PSoC4/SDCard_SPIM_SPI.c ****             /* Set RX direction internal variables */
  93:Generated_Source\PSoC4/SDCard_SPIM_SPI.c ****             SDCard_SPIM_rxBuffer      =         config->rxBuffer;
  94:Generated_Source\PSoC4/SDCard_SPIM_SPI.c ****             SDCard_SPIM_rxDataBits    = (uint8) config->rxDataBits;
  95:Generated_Source\PSoC4/SDCard_SPIM_SPI.c ****             SDCard_SPIM_rxBufferSize  =         config->rxBufferSize;
  96:Generated_Source\PSoC4/SDCard_SPIM_SPI.c **** 
  97:Generated_Source\PSoC4/SDCard_SPIM_SPI.c ****             /* Set TX direction internal variables */
  98:Generated_Source\PSoC4/SDCard_SPIM_SPI.c ****             SDCard_SPIM_txBuffer      =         config->txBuffer;
  99:Generated_Source\PSoC4/SDCard_SPIM_SPI.c ****             SDCard_SPIM_txDataBits    = (uint8) config->txDataBits;
 100:Generated_Source\PSoC4/SDCard_SPIM_SPI.c ****             SDCard_SPIM_txBufferSize  =         config->txBufferSize;
 101:Generated_Source\PSoC4/SDCard_SPIM_SPI.c **** 
 102:Generated_Source\PSoC4/SDCard_SPIM_SPI.c ****             /* Configure SPI interface */
 103:Generated_Source\PSoC4/SDCard_SPIM_SPI.c ****             SDCard_SPIM_CTRL_REG     = SDCard_SPIM_GET_CTRL_OVS(config->oversample)           |
 104:Generated_Source\PSoC4/SDCard_SPIM_SPI.c ****                                             SDCard_SPIM_GET_CTRL_BYTE_MODE(config->enableByteMode) 
 105:Generated_Source\PSoC4/SDCard_SPIM_SPI.c ****                                             SDCard_SPIM_GET_CTRL_EC_AM_MODE(config->enableWake)    
 106:Generated_Source\PSoC4/SDCard_SPIM_SPI.c ****                                             SDCard_SPIM_CTRL_SPI;
 107:Generated_Source\PSoC4/SDCard_SPIM_SPI.c **** 
 108:Generated_Source\PSoC4/SDCard_SPIM_SPI.c ****             SDCard_SPIM_SPI_CTRL_REG = SDCard_SPIM_GET_SPI_CTRL_CONTINUOUS    (config->transferSepe
 109:Generated_Source\PSoC4/SDCard_SPIM_SPI.c ****                                             SDCard_SPIM_GET_SPI_CTRL_SELECT_PRECEDE(config->submode
 110:Generated_Source\PSoC4/SDCard_SPIM_SPI.c ****                                                                           SDCard_SPIM_SPI_MODE_TI_P
 111:Generated_Source\PSoC4/SDCard_SPIM_SPI.c ****                                             SDCard_SPIM_GET_SPI_CTRL_SCLK_MODE     (config->sclkMod
 112:Generated_Source\PSoC4/SDCard_SPIM_SPI.c ****                                             SDCard_SPIM_GET_SPI_CTRL_LATE_MISO_SAMPLE(config->enabl
 113:Generated_Source\PSoC4/SDCard_SPIM_SPI.c ****                                             SDCard_SPIM_GET_SPI_CTRL_SCLK_CONTINUOUS(config->enable
 114:Generated_Source\PSoC4/SDCard_SPIM_SPI.c ****                                             SDCard_SPIM_GET_SPI_CTRL_SSEL_POLARITY (config->polarit
 115:Generated_Source\PSoC4/SDCard_SPIM_SPI.c ****                                             SDCard_SPIM_GET_SPI_CTRL_SUB_MODE      (config->submode
 116:Generated_Source\PSoC4/SDCard_SPIM_SPI.c ****                                             SDCard_SPIM_GET_SPI_CTRL_MASTER_MODE   (config->mode);
 117:Generated_Source\PSoC4/SDCard_SPIM_SPI.c **** 
 118:Generated_Source\PSoC4/SDCard_SPIM_SPI.c ****             /* Configure RX direction */
 119:Generated_Source\PSoC4/SDCard_SPIM_SPI.c ****             SDCard_SPIM_RX_CTRL_REG     =  SDCard_SPIM_GET_RX_CTRL_DATA_WIDTH(config->rxDataBits)  
 120:Generated_Source\PSoC4/SDCard_SPIM_SPI.c ****                                                 SDCard_SPIM_GET_RX_CTRL_BIT_ORDER (config->bitOrder
 121:Generated_Source\PSoC4/SDCard_SPIM_SPI.c ****                                                 SDCard_SPIM_GET_RX_CTRL_MEDIAN    (config->enableMe
 122:Generated_Source\PSoC4/SDCard_SPIM_SPI.c ****                                                 SDCard_SPIM_SPI_RX_CTRL;
 123:Generated_Source\PSoC4/SDCard_SPIM_SPI.c **** 
 124:Generated_Source\PSoC4/SDCard_SPIM_SPI.c ****             SDCard_SPIM_RX_FIFO_CTRL_REG = SDCard_SPIM_GET_RX_FIFO_CTRL_TRIGGER_LEVEL(config->rxTri
 125:Generated_Source\PSoC4/SDCard_SPIM_SPI.c **** 
 126:Generated_Source\PSoC4/SDCard_SPIM_SPI.c ****             /* Configure TX direction */
 127:Generated_Source\PSoC4/SDCard_SPIM_SPI.c ****             SDCard_SPIM_TX_CTRL_REG      = SDCard_SPIM_GET_TX_CTRL_DATA_WIDTH(config->txDataBits) |
 128:Generated_Source\PSoC4/SDCard_SPIM_SPI.c ****                                                 SDCard_SPIM_GET_TX_CTRL_BIT_ORDER (config->bitOrder
 129:Generated_Source\PSoC4/SDCard_SPIM_SPI.c ****                                                 SDCard_SPIM_SPI_TX_CTRL;
 130:Generated_Source\PSoC4/SDCard_SPIM_SPI.c **** 
 131:Generated_Source\PSoC4/SDCard_SPIM_SPI.c ****             SDCard_SPIM_TX_FIFO_CTRL_REG = SDCard_SPIM_GET_TX_FIFO_CTRL_TRIGGER_LEVEL(config->txTri
 132:Generated_Source\PSoC4/SDCard_SPIM_SPI.c **** 
 133:Generated_Source\PSoC4/SDCard_SPIM_SPI.c ****             /* Configure interrupt with SPI handler but do not enable it */
 134:Generated_Source\PSoC4/SDCard_SPIM_SPI.c ****             CyIntDisable    (SDCard_SPIM_ISR_NUMBER);
 135:Generated_Source\PSoC4/SDCard_SPIM_SPI.c ****             CyIntSetPriority(SDCard_SPIM_ISR_NUMBER, SDCard_SPIM_ISR_PRIORITY);
 136:Generated_Source\PSoC4/SDCard_SPIM_SPI.c ****             (void) CyIntSetVector(SDCard_SPIM_ISR_NUMBER, &SDCard_SPIM_SPI_UART_ISR);
 137:Generated_Source\PSoC4/SDCard_SPIM_SPI.c **** 
 138:Generated_Source\PSoC4/SDCard_SPIM_SPI.c ****             /* Configure interrupt sources */
 139:Generated_Source\PSoC4/SDCard_SPIM_SPI.c ****             SDCard_SPIM_INTR_I2C_EC_MASK_REG = SDCard_SPIM_NO_INTR_SOURCES;
 140:Generated_Source\PSoC4/SDCard_SPIM_SPI.c ****             SDCard_SPIM_INTR_SPI_EC_MASK_REG = SDCard_SPIM_NO_INTR_SOURCES;
 141:Generated_Source\PSoC4/SDCard_SPIM_SPI.c ****             SDCard_SPIM_INTR_SLAVE_MASK_REG  = SDCard_SPIM_GET_SPI_INTR_SLAVE_MASK(config->rxInterr
 142:Generated_Source\PSoC4/SDCard_SPIM_SPI.c ****             SDCard_SPIM_INTR_MASTER_MASK_REG = SDCard_SPIM_GET_SPI_INTR_MASTER_MASK(config->txInter
 143:Generated_Source\PSoC4/SDCard_SPIM_SPI.c ****             SDCard_SPIM_INTR_RX_MASK_REG     = SDCard_SPIM_GET_SPI_INTR_RX_MASK(config->rxInterrupt
 144:Generated_Source\PSoC4/SDCard_SPIM_SPI.c ****             SDCard_SPIM_INTR_TX_MASK_REG     = SDCard_SPIM_GET_SPI_INTR_TX_MASK(config->txInterrupt
ARM GAS  C:\Users\freem\AppData\Local\Temp\ccbPYJ7e.s 			page 4


 145:Generated_Source\PSoC4/SDCard_SPIM_SPI.c ****             
 146:Generated_Source\PSoC4/SDCard_SPIM_SPI.c ****             /* Configure TX interrupt sources to restore. */
 147:Generated_Source\PSoC4/SDCard_SPIM_SPI.c ****             SDCard_SPIM_IntrTxMask = LO16(SDCard_SPIM_INTR_TX_MASK_REG);
 148:Generated_Source\PSoC4/SDCard_SPIM_SPI.c **** 
 149:Generated_Source\PSoC4/SDCard_SPIM_SPI.c ****             /* Set active SS0 */
 150:Generated_Source\PSoC4/SDCard_SPIM_SPI.c ****             SDCard_SPIM_SpiSetActiveSlaveSelect(SDCard_SPIM_SPI_SLAVE_SELECT0);
 151:Generated_Source\PSoC4/SDCard_SPIM_SPI.c **** 
 152:Generated_Source\PSoC4/SDCard_SPIM_SPI.c ****             /* Clear RX buffer indexes */
 153:Generated_Source\PSoC4/SDCard_SPIM_SPI.c ****             SDCard_SPIM_rxBufferHead     = 0u;
 154:Generated_Source\PSoC4/SDCard_SPIM_SPI.c ****             SDCard_SPIM_rxBufferTail     = 0u;
 155:Generated_Source\PSoC4/SDCard_SPIM_SPI.c ****             SDCard_SPIM_rxBufferOverflow = 0u;
 156:Generated_Source\PSoC4/SDCard_SPIM_SPI.c **** 
 157:Generated_Source\PSoC4/SDCard_SPIM_SPI.c ****             /* Clear TX buffer indexes */
 158:Generated_Source\PSoC4/SDCard_SPIM_SPI.c ****             SDCard_SPIM_txBufferHead = 0u;
 159:Generated_Source\PSoC4/SDCard_SPIM_SPI.c ****             SDCard_SPIM_txBufferTail = 0u;
 160:Generated_Source\PSoC4/SDCard_SPIM_SPI.c ****         }
 161:Generated_Source\PSoC4/SDCard_SPIM_SPI.c ****     }
 162:Generated_Source\PSoC4/SDCard_SPIM_SPI.c **** 
 163:Generated_Source\PSoC4/SDCard_SPIM_SPI.c **** #else
 164:Generated_Source\PSoC4/SDCard_SPIM_SPI.c **** 
 165:Generated_Source\PSoC4/SDCard_SPIM_SPI.c ****     /*******************************************************************************
 166:Generated_Source\PSoC4/SDCard_SPIM_SPI.c ****     * Function Name: SDCard_SPIM_SpiInit
 167:Generated_Source\PSoC4/SDCard_SPIM_SPI.c ****     ****************************************************************************//**
 168:Generated_Source\PSoC4/SDCard_SPIM_SPI.c ****     *
 169:Generated_Source\PSoC4/SDCard_SPIM_SPI.c ****     *  Configures the SCB for the SPI operation.
 170:Generated_Source\PSoC4/SDCard_SPIM_SPI.c ****     *
 171:Generated_Source\PSoC4/SDCard_SPIM_SPI.c ****     *******************************************************************************/
 172:Generated_Source\PSoC4/SDCard_SPIM_SPI.c ****     void SDCard_SPIM_SpiInit(void)
 173:Generated_Source\PSoC4/SDCard_SPIM_SPI.c ****     {
  28              		.loc 1 173 0
  29              		.cfi_startproc
  30              		@ args = 0, pretend = 0, frame = 0
  31              		@ frame_needed = 1, uses_anonymous_args = 0
  32 0000 80B5     		push	{r7, lr}
  33              		.cfi_def_cfa_offset 8
  34              		.cfi_offset 7, -8
  35              		.cfi_offset 14, -4
  36 0002 00AF     		add	r7, sp, #0
  37              		.cfi_def_cfa_register 7
 174:Generated_Source\PSoC4/SDCard_SPIM_SPI.c ****         /* Configure SPI interface */
 175:Generated_Source\PSoC4/SDCard_SPIM_SPI.c ****         SDCard_SPIM_CTRL_REG     = SDCard_SPIM_SPI_DEFAULT_CTRL;
  38              		.loc 1 175 0
  39 0004 1D4B     		ldr	r3, .L2
  40 0006 1E4A     		ldr	r2, .L2+4
  41 0008 1A60     		str	r2, [r3]
 176:Generated_Source\PSoC4/SDCard_SPIM_SPI.c ****         SDCard_SPIM_SPI_CTRL_REG = SDCard_SPIM_SPI_DEFAULT_SPI_CTRL;
  42              		.loc 1 176 0
  43 000a 1E4B     		ldr	r3, .L2+8
  44 000c 1E4A     		ldr	r2, .L2+12
  45 000e 1A60     		str	r2, [r3]
 177:Generated_Source\PSoC4/SDCard_SPIM_SPI.c **** 
 178:Generated_Source\PSoC4/SDCard_SPIM_SPI.c ****         /* Configure TX and RX direction */
 179:Generated_Source\PSoC4/SDCard_SPIM_SPI.c ****         SDCard_SPIM_RX_CTRL_REG      = SDCard_SPIM_SPI_DEFAULT_RX_CTRL;
  46              		.loc 1 179 0
  47 0010 1E4B     		ldr	r3, .L2+16
  48 0012 1F4A     		ldr	r2, .L2+20
  49 0014 1A60     		str	r2, [r3]
ARM GAS  C:\Users\freem\AppData\Local\Temp\ccbPYJ7e.s 			page 5


 180:Generated_Source\PSoC4/SDCard_SPIM_SPI.c ****         SDCard_SPIM_RX_FIFO_CTRL_REG = SDCard_SPIM_SPI_DEFAULT_RX_FIFO_CTRL;
  50              		.loc 1 180 0
  51 0016 1F4B     		ldr	r3, .L2+24
  52 0018 0722     		movs	r2, #7
  53 001a 1A60     		str	r2, [r3]
 181:Generated_Source\PSoC4/SDCard_SPIM_SPI.c **** 
 182:Generated_Source\PSoC4/SDCard_SPIM_SPI.c ****         /* Configure TX and RX direction */
 183:Generated_Source\PSoC4/SDCard_SPIM_SPI.c ****         SDCard_SPIM_TX_CTRL_REG      = SDCard_SPIM_SPI_DEFAULT_TX_CTRL;
  54              		.loc 1 183 0
  55 001c 1E4B     		ldr	r3, .L2+28
  56 001e 1C4A     		ldr	r2, .L2+20
  57 0020 1A60     		str	r2, [r3]
 184:Generated_Source\PSoC4/SDCard_SPIM_SPI.c ****         SDCard_SPIM_TX_FIFO_CTRL_REG = SDCard_SPIM_SPI_DEFAULT_TX_FIFO_CTRL;
  58              		.loc 1 184 0
  59 0022 1E4B     		ldr	r3, .L2+32
  60 0024 0022     		movs	r2, #0
  61 0026 1A60     		str	r2, [r3]
 185:Generated_Source\PSoC4/SDCard_SPIM_SPI.c **** 
 186:Generated_Source\PSoC4/SDCard_SPIM_SPI.c ****         /* Configure interrupt with SPI handler but do not enable it */
 187:Generated_Source\PSoC4/SDCard_SPIM_SPI.c ****     #if(SDCard_SPIM_SCB_IRQ_INTERNAL)
 188:Generated_Source\PSoC4/SDCard_SPIM_SPI.c ****             CyIntDisable    (SDCard_SPIM_ISR_NUMBER);
  62              		.loc 1 188 0
  63 0028 0920     		movs	r0, #9
  64 002a FFF7FEFF 		bl	CyIntDisable
 189:Generated_Source\PSoC4/SDCard_SPIM_SPI.c ****             CyIntSetPriority(SDCard_SPIM_ISR_NUMBER, SDCard_SPIM_ISR_PRIORITY);
  65              		.loc 1 189 0
  66 002e 0321     		movs	r1, #3
  67 0030 0920     		movs	r0, #9
  68 0032 FFF7FEFF 		bl	CyIntSetPriority
 190:Generated_Source\PSoC4/SDCard_SPIM_SPI.c ****             (void) CyIntSetVector(SDCard_SPIM_ISR_NUMBER, &SDCard_SPIM_SPI_UART_ISR);
  69              		.loc 1 190 0
  70 0036 1A4B     		ldr	r3, .L2+36
  71 0038 1900     		movs	r1, r3
  72 003a 0920     		movs	r0, #9
  73 003c FFF7FEFF 		bl	CyIntSetVector
 191:Generated_Source\PSoC4/SDCard_SPIM_SPI.c ****     #endif /* (SDCard_SPIM_SCB_IRQ_INTERNAL) */
 192:Generated_Source\PSoC4/SDCard_SPIM_SPI.c **** 
 193:Generated_Source\PSoC4/SDCard_SPIM_SPI.c ****         /* Configure interrupt sources */
 194:Generated_Source\PSoC4/SDCard_SPIM_SPI.c ****         SDCard_SPIM_INTR_I2C_EC_MASK_REG = SDCard_SPIM_SPI_DEFAULT_INTR_I2C_EC_MASK;
  74              		.loc 1 194 0
  75 0040 184B     		ldr	r3, .L2+40
  76 0042 0022     		movs	r2, #0
  77 0044 1A60     		str	r2, [r3]
 195:Generated_Source\PSoC4/SDCard_SPIM_SPI.c ****         SDCard_SPIM_INTR_SPI_EC_MASK_REG = SDCard_SPIM_SPI_DEFAULT_INTR_SPI_EC_MASK;
  78              		.loc 1 195 0
  79 0046 184B     		ldr	r3, .L2+44
  80 0048 0022     		movs	r2, #0
  81 004a 1A60     		str	r2, [r3]
 196:Generated_Source\PSoC4/SDCard_SPIM_SPI.c ****         SDCard_SPIM_INTR_SLAVE_MASK_REG  = SDCard_SPIM_SPI_DEFAULT_INTR_SLAVE_MASK;
  82              		.loc 1 196 0
  83 004c 174B     		ldr	r3, .L2+48
  84 004e 0022     		movs	r2, #0
  85 0050 1A60     		str	r2, [r3]
 197:Generated_Source\PSoC4/SDCard_SPIM_SPI.c ****         SDCard_SPIM_INTR_MASTER_MASK_REG = SDCard_SPIM_SPI_DEFAULT_INTR_MASTER_MASK;
  86              		.loc 1 197 0
  87 0052 174B     		ldr	r3, .L2+52
  88 0054 0022     		movs	r2, #0
ARM GAS  C:\Users\freem\AppData\Local\Temp\ccbPYJ7e.s 			page 6


  89 0056 1A60     		str	r2, [r3]
 198:Generated_Source\PSoC4/SDCard_SPIM_SPI.c ****         SDCard_SPIM_INTR_RX_MASK_REG     = SDCard_SPIM_SPI_DEFAULT_INTR_RX_MASK;
  90              		.loc 1 198 0
  91 0058 164B     		ldr	r3, .L2+56
  92 005a 0022     		movs	r2, #0
  93 005c 1A60     		str	r2, [r3]
 199:Generated_Source\PSoC4/SDCard_SPIM_SPI.c ****         SDCard_SPIM_INTR_TX_MASK_REG     = SDCard_SPIM_SPI_DEFAULT_INTR_TX_MASK;
  94              		.loc 1 199 0
  95 005e 164B     		ldr	r3, .L2+60
  96 0060 0022     		movs	r2, #0
  97 0062 1A60     		str	r2, [r3]
 200:Generated_Source\PSoC4/SDCard_SPIM_SPI.c **** 
 201:Generated_Source\PSoC4/SDCard_SPIM_SPI.c ****         /* Configure TX interrupt sources to restore. */
 202:Generated_Source\PSoC4/SDCard_SPIM_SPI.c ****         SDCard_SPIM_IntrTxMask = LO16(SDCard_SPIM_INTR_TX_MASK_REG);
  98              		.loc 1 202 0
  99 0064 144B     		ldr	r3, .L2+60
 100 0066 1B68     		ldr	r3, [r3]
 101 0068 9AB2     		uxth	r2, r3
 102 006a 144B     		ldr	r3, .L2+64
 103 006c 1A80     		strh	r2, [r3]
 203:Generated_Source\PSoC4/SDCard_SPIM_SPI.c ****             
 204:Generated_Source\PSoC4/SDCard_SPIM_SPI.c ****         /* Set active SS0 for master */
 205:Generated_Source\PSoC4/SDCard_SPIM_SPI.c ****     #if (SDCard_SPIM_SPI_MASTER_CONST)
 206:Generated_Source\PSoC4/SDCard_SPIM_SPI.c ****         SDCard_SPIM_SpiSetActiveSlaveSelect(SDCard_SPIM_SPI_SLAVE_SELECT0);
 104              		.loc 1 206 0
 105 006e 0120     		movs	r0, #1
 106 0070 FFF7FEFF 		bl	SDCard_SPIM_SpiSetActiveSlaveSelect
 207:Generated_Source\PSoC4/SDCard_SPIM_SPI.c ****     #endif /* (SDCard_SPIM_SPI_MASTER_CONST) */
 208:Generated_Source\PSoC4/SDCard_SPIM_SPI.c **** 
 209:Generated_Source\PSoC4/SDCard_SPIM_SPI.c ****     #if(SDCard_SPIM_INTERNAL_RX_SW_BUFFER_CONST)
 210:Generated_Source\PSoC4/SDCard_SPIM_SPI.c ****         SDCard_SPIM_rxBufferHead     = 0u;
 211:Generated_Source\PSoC4/SDCard_SPIM_SPI.c ****         SDCard_SPIM_rxBufferTail     = 0u;
 212:Generated_Source\PSoC4/SDCard_SPIM_SPI.c ****         SDCard_SPIM_rxBufferOverflow = 0u;
 213:Generated_Source\PSoC4/SDCard_SPIM_SPI.c ****     #endif /* (SDCard_SPIM_INTERNAL_RX_SW_BUFFER_CONST) */
 214:Generated_Source\PSoC4/SDCard_SPIM_SPI.c **** 
 215:Generated_Source\PSoC4/SDCard_SPIM_SPI.c ****     #if(SDCard_SPIM_INTERNAL_TX_SW_BUFFER_CONST)
 216:Generated_Source\PSoC4/SDCard_SPIM_SPI.c ****         SDCard_SPIM_txBufferHead = 0u;
 217:Generated_Source\PSoC4/SDCard_SPIM_SPI.c ****         SDCard_SPIM_txBufferTail = 0u;
 218:Generated_Source\PSoC4/SDCard_SPIM_SPI.c ****     #endif /* (SDCard_SPIM_INTERNAL_TX_SW_BUFFER_CONST) */
 219:Generated_Source\PSoC4/SDCard_SPIM_SPI.c ****     }
 107              		.loc 1 219 0
 108 0074 C046     		nop
 109 0076 BD46     		mov	sp, r7
 110              		@ sp needed
 111 0078 80BD     		pop	{r7, pc}
 112              	.L3:
 113 007a C046     		.align	2
 114              	.L2:
 115 007c 00002440 		.word	1076101120
 116 0080 05000001 		.word	16777221
 117 0084 20002440 		.word	1076101152
 118 0088 11000080 		.word	-2147483631
 119 008c 00032440 		.word	1076101888
 120 0090 07010080 		.word	-2147483385
 121 0094 04032440 		.word	1076101892
 122 0098 00022440 		.word	1076101632
 123 009c 04022440 		.word	1076101636
ARM GAS  C:\Users\freem\AppData\Local\Temp\ccbPYJ7e.s 			page 7


 124 00a0 00000000 		.word	SDCard_SPIM_SPI_UART_ISR
 125 00a4 880E2440 		.word	1076104840
 126 00a8 C80E2440 		.word	1076104904
 127 00ac 480F2440 		.word	1076105032
 128 00b0 080F2440 		.word	1076104968
 129 00b4 C80F2440 		.word	1076105160
 130 00b8 880F2440 		.word	1076105096
 131 00bc 00000000 		.word	SDCard_SPIM_IntrTxMask
 132              		.cfi_endproc
 133              	.LFE2:
 134              		.size	SDCard_SPIM_SpiInit, .-SDCard_SPIM_SpiInit
 135              		.section	.text.SDCard_SPIM_SpiPostEnable,"ax",%progbits
 136              		.align	2
 137              		.global	SDCard_SPIM_SpiPostEnable
 138              		.code	16
 139              		.thumb_func
 140              		.type	SDCard_SPIM_SpiPostEnable, %function
 141              	SDCard_SPIM_SpiPostEnable:
 142              	.LFB3:
 220:Generated_Source\PSoC4/SDCard_SPIM_SPI.c **** #endif /* (SDCard_SPIM_SCB_MODE_UNCONFIG_CONST_CFG) */
 221:Generated_Source\PSoC4/SDCard_SPIM_SPI.c **** 
 222:Generated_Source\PSoC4/SDCard_SPIM_SPI.c **** 
 223:Generated_Source\PSoC4/SDCard_SPIM_SPI.c **** /*******************************************************************************
 224:Generated_Source\PSoC4/SDCard_SPIM_SPI.c **** * Function Name: SDCard_SPIM_SpiPostEnable
 225:Generated_Source\PSoC4/SDCard_SPIM_SPI.c **** ****************************************************************************//**
 226:Generated_Source\PSoC4/SDCard_SPIM_SPI.c **** *
 227:Generated_Source\PSoC4/SDCard_SPIM_SPI.c **** *  Restores HSIOM settings for the SPI master output pins (SCLK and/or SS0-SS3) 
 228:Generated_Source\PSoC4/SDCard_SPIM_SPI.c **** *  to be controlled by the SCB SPI.
 229:Generated_Source\PSoC4/SDCard_SPIM_SPI.c **** *
 230:Generated_Source\PSoC4/SDCard_SPIM_SPI.c **** *******************************************************************************/
 231:Generated_Source\PSoC4/SDCard_SPIM_SPI.c **** void SDCard_SPIM_SpiPostEnable(void)
 232:Generated_Source\PSoC4/SDCard_SPIM_SPI.c **** {
 143              		.loc 1 232 0
 144              		.cfi_startproc
 145              		@ args = 0, pretend = 0, frame = 0
 146              		@ frame_needed = 1, uses_anonymous_args = 0
 147 0000 80B5     		push	{r7, lr}
 148              		.cfi_def_cfa_offset 8
 149              		.cfi_offset 7, -8
 150              		.cfi_offset 14, -4
 151 0002 00AF     		add	r7, sp, #0
 152              		.cfi_def_cfa_register 7
 233:Generated_Source\PSoC4/SDCard_SPIM_SPI.c **** #if(SDCard_SPIM_SCB_MODE_UNCONFIG_CONST_CFG)
 234:Generated_Source\PSoC4/SDCard_SPIM_SPI.c **** 
 235:Generated_Source\PSoC4/SDCard_SPIM_SPI.c ****     if (SDCard_SPIM_CHECK_SPI_MASTER)
 236:Generated_Source\PSoC4/SDCard_SPIM_SPI.c ****     {
 237:Generated_Source\PSoC4/SDCard_SPIM_SPI.c ****     #if (SDCard_SPIM_CTS_SCLK_PIN)
 238:Generated_Source\PSoC4/SDCard_SPIM_SPI.c ****         /* Set SCB SPI to drive output pin */
 239:Generated_Source\PSoC4/SDCard_SPIM_SPI.c ****         SDCard_SPIM_SET_HSIOM_SEL(SDCard_SPIM_CTS_SCLK_HSIOM_REG, SDCard_SPIM_CTS_SCLK_HSIOM_MASK,
 240:Generated_Source\PSoC4/SDCard_SPIM_SPI.c ****                                        SDCard_SPIM_CTS_SCLK_HSIOM_POS, SDCard_SPIM_CTS_SCLK_HSIOM_S
 241:Generated_Source\PSoC4/SDCard_SPIM_SPI.c ****     #endif /* (SDCard_SPIM_CTS_SCLK_PIN) */
 242:Generated_Source\PSoC4/SDCard_SPIM_SPI.c **** 
 243:Generated_Source\PSoC4/SDCard_SPIM_SPI.c ****     #if (SDCard_SPIM_RTS_SS0_PIN)
 244:Generated_Source\PSoC4/SDCard_SPIM_SPI.c ****         /* Set SCB SPI to drive output pin */
 245:Generated_Source\PSoC4/SDCard_SPIM_SPI.c ****         SDCard_SPIM_SET_HSIOM_SEL(SDCard_SPIM_RTS_SS0_HSIOM_REG, SDCard_SPIM_RTS_SS0_HSIOM_MASK,
 246:Generated_Source\PSoC4/SDCard_SPIM_SPI.c ****                                        SDCard_SPIM_RTS_SS0_HSIOM_POS, SDCard_SPIM_RTS_SS0_HSIOM_SEL
 247:Generated_Source\PSoC4/SDCard_SPIM_SPI.c ****     #endif /* (SDCard_SPIM_RTS_SS0_PIN) */
ARM GAS  C:\Users\freem\AppData\Local\Temp\ccbPYJ7e.s 			page 8


 248:Generated_Source\PSoC4/SDCard_SPIM_SPI.c **** 
 249:Generated_Source\PSoC4/SDCard_SPIM_SPI.c ****     #if (SDCard_SPIM_SS1_PIN)
 250:Generated_Source\PSoC4/SDCard_SPIM_SPI.c ****         /* Set SCB SPI to drive output pin */
 251:Generated_Source\PSoC4/SDCard_SPIM_SPI.c ****         SDCard_SPIM_SET_HSIOM_SEL(SDCard_SPIM_SS1_HSIOM_REG, SDCard_SPIM_SS1_HSIOM_MASK,
 252:Generated_Source\PSoC4/SDCard_SPIM_SPI.c ****                                        SDCard_SPIM_SS1_HSIOM_POS, SDCard_SPIM_SS1_HSIOM_SEL_SPI);
 253:Generated_Source\PSoC4/SDCard_SPIM_SPI.c ****     #endif /* (SDCard_SPIM_SS1_PIN) */
 254:Generated_Source\PSoC4/SDCard_SPIM_SPI.c **** 
 255:Generated_Source\PSoC4/SDCard_SPIM_SPI.c ****     #if (SDCard_SPIM_SS2_PIN)
 256:Generated_Source\PSoC4/SDCard_SPIM_SPI.c ****         /* Set SCB SPI to drive output pin */
 257:Generated_Source\PSoC4/SDCard_SPIM_SPI.c ****         SDCard_SPIM_SET_HSIOM_SEL(SDCard_SPIM_SS2_HSIOM_REG, SDCard_SPIM_SS2_HSIOM_MASK,
 258:Generated_Source\PSoC4/SDCard_SPIM_SPI.c ****                                        SDCard_SPIM_SS2_HSIOM_POS, SDCard_SPIM_SS2_HSIOM_SEL_SPI);
 259:Generated_Source\PSoC4/SDCard_SPIM_SPI.c ****     #endif /* (SDCard_SPIM_SS2_PIN) */
 260:Generated_Source\PSoC4/SDCard_SPIM_SPI.c **** 
 261:Generated_Source\PSoC4/SDCard_SPIM_SPI.c ****     #if (SDCard_SPIM_SS3_PIN)
 262:Generated_Source\PSoC4/SDCard_SPIM_SPI.c ****         /* Set SCB SPI to drive output pin */
 263:Generated_Source\PSoC4/SDCard_SPIM_SPI.c ****         SDCard_SPIM_SET_HSIOM_SEL(SDCard_SPIM_SS3_HSIOM_REG, SDCard_SPIM_SS3_HSIOM_MASK,
 264:Generated_Source\PSoC4/SDCard_SPIM_SPI.c ****                                        SDCard_SPIM_SS3_HSIOM_POS, SDCard_SPIM_SS3_HSIOM_SEL_SPI);
 265:Generated_Source\PSoC4/SDCard_SPIM_SPI.c ****     #endif /* (SDCard_SPIM_SS3_PIN) */
 266:Generated_Source\PSoC4/SDCard_SPIM_SPI.c ****     }
 267:Generated_Source\PSoC4/SDCard_SPIM_SPI.c **** 
 268:Generated_Source\PSoC4/SDCard_SPIM_SPI.c **** #else
 269:Generated_Source\PSoC4/SDCard_SPIM_SPI.c **** 
 270:Generated_Source\PSoC4/SDCard_SPIM_SPI.c ****     #if (SDCard_SPIM_SPI_MASTER_SCLK_PIN)
 271:Generated_Source\PSoC4/SDCard_SPIM_SPI.c ****         /* Set SCB SPI to drive output pin */
 272:Generated_Source\PSoC4/SDCard_SPIM_SPI.c ****         SDCard_SPIM_SET_HSIOM_SEL(SDCard_SPIM_SCLK_M_HSIOM_REG, SDCard_SPIM_SCLK_M_HSIOM_MASK,
 153              		.loc 1 272 0
 154 0004 094B     		ldr	r3, .L5
 155 0006 094A     		ldr	r2, .L5
 156 0008 1268     		ldr	r2, [r2]
 157 000a F021     		movs	r1, #240
 158 000c 0906     		lsls	r1, r1, #24
 159 000e 0A43     		orrs	r2, r1
 160 0010 1A60     		str	r2, [r3]
 273:Generated_Source\PSoC4/SDCard_SPIM_SPI.c ****                                        SDCard_SPIM_SCLK_M_HSIOM_POS, SDCard_SPIM_SCLK_M_HSIOM_SEL_S
 274:Generated_Source\PSoC4/SDCard_SPIM_SPI.c ****     #endif /* (SDCard_SPIM_MISO_SDA_TX_PIN_PIN) */
 275:Generated_Source\PSoC4/SDCard_SPIM_SPI.c **** 
 276:Generated_Source\PSoC4/SDCard_SPIM_SPI.c ****     #if (SDCard_SPIM_SPI_MASTER_SS0_PIN)
 277:Generated_Source\PSoC4/SDCard_SPIM_SPI.c ****         /* Set SCB SPI to drive output pin */
 278:Generated_Source\PSoC4/SDCard_SPIM_SPI.c ****         SDCard_SPIM_SET_HSIOM_SEL(SDCard_SPIM_SS0_M_HSIOM_REG, SDCard_SPIM_SS0_M_HSIOM_MASK,
 161              		.loc 1 278 0
 162 0012 074B     		ldr	r3, .L5+4
 163 0014 064A     		ldr	r2, .L5+4
 164 0016 1268     		ldr	r2, [r2]
 165 0018 0F21     		movs	r1, #15
 166 001a 0A43     		orrs	r2, r1
 167 001c 1A60     		str	r2, [r3]
 279:Generated_Source\PSoC4/SDCard_SPIM_SPI.c ****                                        SDCard_SPIM_SS0_M_HSIOM_POS, SDCard_SPIM_SS0_M_HSIOM_SEL_SPI
 280:Generated_Source\PSoC4/SDCard_SPIM_SPI.c ****     #endif /* (SDCard_SPIM_SPI_MASTER_SS0_PIN) */
 281:Generated_Source\PSoC4/SDCard_SPIM_SPI.c **** 
 282:Generated_Source\PSoC4/SDCard_SPIM_SPI.c ****     #if (SDCard_SPIM_SPI_MASTER_SS1_PIN)
 283:Generated_Source\PSoC4/SDCard_SPIM_SPI.c ****         /* Set SCB SPI to drive output pin */
 284:Generated_Source\PSoC4/SDCard_SPIM_SPI.c ****         SDCard_SPIM_SET_HSIOM_SEL(SDCard_SPIM_SS1_M_HSIOM_REG, SDCard_SPIM_SS1_M_HSIOM_MASK,
 285:Generated_Source\PSoC4/SDCard_SPIM_SPI.c ****                                        SDCard_SPIM_SS1_M_HSIOM_POS, SDCard_SPIM_SS1_M_HSIOM_SEL_SPI
 286:Generated_Source\PSoC4/SDCard_SPIM_SPI.c ****     #endif /* (SDCard_SPIM_SPI_MASTER_SS1_PIN) */
 287:Generated_Source\PSoC4/SDCard_SPIM_SPI.c **** 
 288:Generated_Source\PSoC4/SDCard_SPIM_SPI.c ****     #if (SDCard_SPIM_SPI_MASTER_SS2_PIN)
 289:Generated_Source\PSoC4/SDCard_SPIM_SPI.c ****         /* Set SCB SPI to drive output pin */
ARM GAS  C:\Users\freem\AppData\Local\Temp\ccbPYJ7e.s 			page 9


 290:Generated_Source\PSoC4/SDCard_SPIM_SPI.c ****         SDCard_SPIM_SET_HSIOM_SEL(SDCard_SPIM_SS2_M_HSIOM_REG, SDCard_SPIM_SS2_M_HSIOM_MASK,
 291:Generated_Source\PSoC4/SDCard_SPIM_SPI.c ****                                        SDCard_SPIM_SS2_M_HSIOM_POS, SDCard_SPIM_SS2_M_HSIOM_SEL_SPI
 292:Generated_Source\PSoC4/SDCard_SPIM_SPI.c ****     #endif /* (SDCard_SPIM_SPI_MASTER_SS2_PIN) */
 293:Generated_Source\PSoC4/SDCard_SPIM_SPI.c **** 
 294:Generated_Source\PSoC4/SDCard_SPIM_SPI.c ****     #if (SDCard_SPIM_SPI_MASTER_SS3_PIN)
 295:Generated_Source\PSoC4/SDCard_SPIM_SPI.c ****         /* Set SCB SPI to drive output pin */
 296:Generated_Source\PSoC4/SDCard_SPIM_SPI.c ****         SDCard_SPIM_SET_HSIOM_SEL(SDCard_SPIM_SS3_M_HSIOM_REG, SDCard_SPIM_SS3_M_HSIOM_MASK,
 297:Generated_Source\PSoC4/SDCard_SPIM_SPI.c ****                                        SDCard_SPIM_SS3_M_HSIOM_POS, SDCard_SPIM_SS3_M_HSIOM_SEL_SPI
 298:Generated_Source\PSoC4/SDCard_SPIM_SPI.c ****     #endif /* (SDCard_SPIM_SPI_MASTER_SS3_PIN) */
 299:Generated_Source\PSoC4/SDCard_SPIM_SPI.c **** 
 300:Generated_Source\PSoC4/SDCard_SPIM_SPI.c **** #endif /* (SDCard_SPIM_SCB_MODE_UNCONFIG_CONST_CFG) */
 301:Generated_Source\PSoC4/SDCard_SPIM_SPI.c **** 
 302:Generated_Source\PSoC4/SDCard_SPIM_SPI.c ****     /* Restore TX interrupt sources. */
 303:Generated_Source\PSoC4/SDCard_SPIM_SPI.c ****     SDCard_SPIM_SetTxInterruptMode(SDCard_SPIM_IntrTxMask);
 168              		.loc 1 303 0
 169 001e 054B     		ldr	r3, .L5+8
 170 0020 054A     		ldr	r2, .L5+12
 171 0022 1288     		ldrh	r2, [r2]
 172 0024 1A60     		str	r2, [r3]
 304:Generated_Source\PSoC4/SDCard_SPIM_SPI.c **** }
 173              		.loc 1 304 0
 174 0026 C046     		nop
 175 0028 BD46     		mov	sp, r7
 176              		@ sp needed
 177 002a 80BD     		pop	{r7, pc}
 178              	.L6:
 179              		.align	2
 180              	.L5:
 181 002c 00010240 		.word	1073873152
 182 0030 00020240 		.word	1073873408
 183 0034 880F2440 		.word	1076105096
 184 0038 00000000 		.word	SDCard_SPIM_IntrTxMask
 185              		.cfi_endproc
 186              	.LFE3:
 187              		.size	SDCard_SPIM_SpiPostEnable, .-SDCard_SPIM_SpiPostEnable
 188              		.section	.text.SDCard_SPIM_SpiStop,"ax",%progbits
 189              		.align	2
 190              		.global	SDCard_SPIM_SpiStop
 191              		.code	16
 192              		.thumb_func
 193              		.type	SDCard_SPIM_SpiStop, %function
 194              	SDCard_SPIM_SpiStop:
 195              	.LFB4:
 305:Generated_Source\PSoC4/SDCard_SPIM_SPI.c **** 
 306:Generated_Source\PSoC4/SDCard_SPIM_SPI.c **** 
 307:Generated_Source\PSoC4/SDCard_SPIM_SPI.c **** /*******************************************************************************
 308:Generated_Source\PSoC4/SDCard_SPIM_SPI.c **** * Function Name: SDCard_SPIM_SpiStop
 309:Generated_Source\PSoC4/SDCard_SPIM_SPI.c **** ****************************************************************************//**
 310:Generated_Source\PSoC4/SDCard_SPIM_SPI.c **** *
 311:Generated_Source\PSoC4/SDCard_SPIM_SPI.c **** *  Changes the HSIOM settings for the SPI master output pins 
 312:Generated_Source\PSoC4/SDCard_SPIM_SPI.c **** *  (SCLK and/or SS0-SS3) to keep them inactive after the block is disabled. 
 313:Generated_Source\PSoC4/SDCard_SPIM_SPI.c **** *  The output pins are controlled by the GPIO data register.
 314:Generated_Source\PSoC4/SDCard_SPIM_SPI.c **** *
 315:Generated_Source\PSoC4/SDCard_SPIM_SPI.c **** *******************************************************************************/
 316:Generated_Source\PSoC4/SDCard_SPIM_SPI.c **** void SDCard_SPIM_SpiStop(void)
 317:Generated_Source\PSoC4/SDCard_SPIM_SPI.c **** {
 196              		.loc 1 317 0
ARM GAS  C:\Users\freem\AppData\Local\Temp\ccbPYJ7e.s 			page 10


 197              		.cfi_startproc
 198              		@ args = 0, pretend = 0, frame = 0
 199              		@ frame_needed = 1, uses_anonymous_args = 0
 200 0000 80B5     		push	{r7, lr}
 201              		.cfi_def_cfa_offset 8
 202              		.cfi_offset 7, -8
 203              		.cfi_offset 14, -4
 204 0002 00AF     		add	r7, sp, #0
 205              		.cfi_def_cfa_register 7
 318:Generated_Source\PSoC4/SDCard_SPIM_SPI.c **** #if(SDCard_SPIM_SCB_MODE_UNCONFIG_CONST_CFG)
 319:Generated_Source\PSoC4/SDCard_SPIM_SPI.c **** 
 320:Generated_Source\PSoC4/SDCard_SPIM_SPI.c ****     if (SDCard_SPIM_CHECK_SPI_MASTER)
 321:Generated_Source\PSoC4/SDCard_SPIM_SPI.c ****     {
 322:Generated_Source\PSoC4/SDCard_SPIM_SPI.c ****     #if (SDCard_SPIM_CTS_SCLK_PIN)
 323:Generated_Source\PSoC4/SDCard_SPIM_SPI.c ****         /* Set output pin state after block is disabled */
 324:Generated_Source\PSoC4/SDCard_SPIM_SPI.c ****         SDCard_SPIM_uart_cts_spi_sclk_Write(SDCard_SPIM_GET_SPI_SCLK_INACTIVE);
 325:Generated_Source\PSoC4/SDCard_SPIM_SPI.c **** 
 326:Generated_Source\PSoC4/SDCard_SPIM_SPI.c ****         /* Set GPIO to drive output pin */
 327:Generated_Source\PSoC4/SDCard_SPIM_SPI.c ****         SDCard_SPIM_SET_HSIOM_SEL(SDCard_SPIM_CTS_SCLK_HSIOM_REG, SDCard_SPIM_CTS_SCLK_HSIOM_MASK,
 328:Generated_Source\PSoC4/SDCard_SPIM_SPI.c ****                                        SDCard_SPIM_CTS_SCLK_HSIOM_POS, SDCard_SPIM_CTS_SCLK_HSIOM_S
 329:Generated_Source\PSoC4/SDCard_SPIM_SPI.c ****     #endif /* (SDCard_SPIM_uart_cts_spi_sclk_PIN) */
 330:Generated_Source\PSoC4/SDCard_SPIM_SPI.c **** 
 331:Generated_Source\PSoC4/SDCard_SPIM_SPI.c ****     #if (SDCard_SPIM_RTS_SS0_PIN)
 332:Generated_Source\PSoC4/SDCard_SPIM_SPI.c ****         /* Set output pin state after block is disabled */
 333:Generated_Source\PSoC4/SDCard_SPIM_SPI.c ****         SDCard_SPIM_uart_rts_spi_ss0_Write(SDCard_SPIM_GET_SPI_SS0_INACTIVE);
 334:Generated_Source\PSoC4/SDCard_SPIM_SPI.c **** 
 335:Generated_Source\PSoC4/SDCard_SPIM_SPI.c ****         /* Set GPIO to drive output pin */
 336:Generated_Source\PSoC4/SDCard_SPIM_SPI.c ****         SDCard_SPIM_SET_HSIOM_SEL(SDCard_SPIM_RTS_SS0_HSIOM_REG, SDCard_SPIM_RTS_SS0_HSIOM_MASK,
 337:Generated_Source\PSoC4/SDCard_SPIM_SPI.c ****                                        SDCard_SPIM_RTS_SS0_HSIOM_POS, SDCard_SPIM_RTS_SS0_HSIOM_SEL
 338:Generated_Source\PSoC4/SDCard_SPIM_SPI.c ****     #endif /* (SDCard_SPIM_uart_rts_spi_ss0_PIN) */
 339:Generated_Source\PSoC4/SDCard_SPIM_SPI.c **** 
 340:Generated_Source\PSoC4/SDCard_SPIM_SPI.c ****     #if (SDCard_SPIM_SS1_PIN)
 341:Generated_Source\PSoC4/SDCard_SPIM_SPI.c ****         /* Set output pin state after block is disabled */
 342:Generated_Source\PSoC4/SDCard_SPIM_SPI.c ****         SDCard_SPIM_spi_ss1_Write(SDCard_SPIM_GET_SPI_SS1_INACTIVE);
 343:Generated_Source\PSoC4/SDCard_SPIM_SPI.c **** 
 344:Generated_Source\PSoC4/SDCard_SPIM_SPI.c ****         /* Set GPIO to drive output pin */
 345:Generated_Source\PSoC4/SDCard_SPIM_SPI.c ****         SDCard_SPIM_SET_HSIOM_SEL(SDCard_SPIM_SS1_HSIOM_REG, SDCard_SPIM_SS1_HSIOM_MASK,
 346:Generated_Source\PSoC4/SDCard_SPIM_SPI.c ****                                        SDCard_SPIM_SS1_HSIOM_POS, SDCard_SPIM_SS1_HSIOM_SEL_GPIO);
 347:Generated_Source\PSoC4/SDCard_SPIM_SPI.c ****     #endif /* (SDCard_SPIM_SS1_PIN) */
 348:Generated_Source\PSoC4/SDCard_SPIM_SPI.c **** 
 349:Generated_Source\PSoC4/SDCard_SPIM_SPI.c ****     #if (SDCard_SPIM_SS2_PIN)
 350:Generated_Source\PSoC4/SDCard_SPIM_SPI.c ****         /* Set output pin state after block is disabled */
 351:Generated_Source\PSoC4/SDCard_SPIM_SPI.c ****         SDCard_SPIM_spi_ss2_Write(SDCard_SPIM_GET_SPI_SS2_INACTIVE);
 352:Generated_Source\PSoC4/SDCard_SPIM_SPI.c **** 
 353:Generated_Source\PSoC4/SDCard_SPIM_SPI.c ****         /* Set GPIO to drive output pin */
 354:Generated_Source\PSoC4/SDCard_SPIM_SPI.c ****         SDCard_SPIM_SET_HSIOM_SEL(SDCard_SPIM_SS2_HSIOM_REG, SDCard_SPIM_SS2_HSIOM_MASK,
 355:Generated_Source\PSoC4/SDCard_SPIM_SPI.c ****                                        SDCard_SPIM_SS2_HSIOM_POS, SDCard_SPIM_SS2_HSIOM_SEL_GPIO);
 356:Generated_Source\PSoC4/SDCard_SPIM_SPI.c ****     #endif /* (SDCard_SPIM_SS2_PIN) */
 357:Generated_Source\PSoC4/SDCard_SPIM_SPI.c **** 
 358:Generated_Source\PSoC4/SDCard_SPIM_SPI.c ****     #if (SDCard_SPIM_SS3_PIN)
 359:Generated_Source\PSoC4/SDCard_SPIM_SPI.c ****         /* Set output pin state after block is disabled */
 360:Generated_Source\PSoC4/SDCard_SPIM_SPI.c ****         SDCard_SPIM_spi_ss3_Write(SDCard_SPIM_GET_SPI_SS3_INACTIVE);
 361:Generated_Source\PSoC4/SDCard_SPIM_SPI.c **** 
 362:Generated_Source\PSoC4/SDCard_SPIM_SPI.c ****         /* Set GPIO to drive output pin */
 363:Generated_Source\PSoC4/SDCard_SPIM_SPI.c ****         SDCard_SPIM_SET_HSIOM_SEL(SDCard_SPIM_SS3_HSIOM_REG, SDCard_SPIM_SS3_HSIOM_MASK,
 364:Generated_Source\PSoC4/SDCard_SPIM_SPI.c ****                                        SDCard_SPIM_SS3_HSIOM_POS, SDCard_SPIM_SS3_HSIOM_SEL_GPIO);
 365:Generated_Source\PSoC4/SDCard_SPIM_SPI.c ****     #endif /* (SDCard_SPIM_SS3_PIN) */
ARM GAS  C:\Users\freem\AppData\Local\Temp\ccbPYJ7e.s 			page 11


 366:Generated_Source\PSoC4/SDCard_SPIM_SPI.c ****     
 367:Generated_Source\PSoC4/SDCard_SPIM_SPI.c ****         /* Store TX interrupt sources (exclude level triggered) for master. */
 368:Generated_Source\PSoC4/SDCard_SPIM_SPI.c ****         SDCard_SPIM_IntrTxMask = LO16(SDCard_SPIM_GetTxInterruptMode() & SDCard_SPIM_INTR_SPIM_TX_R
 369:Generated_Source\PSoC4/SDCard_SPIM_SPI.c ****     }
 370:Generated_Source\PSoC4/SDCard_SPIM_SPI.c ****     else
 371:Generated_Source\PSoC4/SDCard_SPIM_SPI.c ****     {
 372:Generated_Source\PSoC4/SDCard_SPIM_SPI.c ****         /* Store TX interrupt sources (exclude level triggered) for slave. */
 373:Generated_Source\PSoC4/SDCard_SPIM_SPI.c ****         SDCard_SPIM_IntrTxMask = LO16(SDCard_SPIM_GetTxInterruptMode() & SDCard_SPIM_INTR_SPIS_TX_R
 374:Generated_Source\PSoC4/SDCard_SPIM_SPI.c ****     }
 375:Generated_Source\PSoC4/SDCard_SPIM_SPI.c **** 
 376:Generated_Source\PSoC4/SDCard_SPIM_SPI.c **** #else
 377:Generated_Source\PSoC4/SDCard_SPIM_SPI.c **** 
 378:Generated_Source\PSoC4/SDCard_SPIM_SPI.c **** #if (SDCard_SPIM_SPI_MASTER_SCLK_PIN)
 379:Generated_Source\PSoC4/SDCard_SPIM_SPI.c ****     /* Set output pin state after block is disabled */
 380:Generated_Source\PSoC4/SDCard_SPIM_SPI.c ****     SDCard_SPIM_sclk_m_Write(SDCard_SPIM_GET_SPI_SCLK_INACTIVE);
 206              		.loc 1 380 0
 207 0004 154B     		ldr	r3, .L8
 208 0006 1B68     		ldr	r3, [r3]
 209 0008 0822     		movs	r2, #8
 210 000a 1340     		ands	r3, r2
 211 000c 5A1E     		subs	r2, r3, #1
 212 000e 9341     		sbcs	r3, r3, r2
 213 0010 DBB2     		uxtb	r3, r3
 214 0012 1800     		movs	r0, r3
 215 0014 FFF7FEFF 		bl	SDCard_SPIM_sclk_m_Write
 381:Generated_Source\PSoC4/SDCard_SPIM_SPI.c **** 
 382:Generated_Source\PSoC4/SDCard_SPIM_SPI.c ****     /* Set GPIO to drive output pin */
 383:Generated_Source\PSoC4/SDCard_SPIM_SPI.c ****     SDCard_SPIM_SET_HSIOM_SEL(SDCard_SPIM_SCLK_M_HSIOM_REG, SDCard_SPIM_SCLK_M_HSIOM_MASK,
 216              		.loc 1 383 0
 217 0018 114B     		ldr	r3, .L8+4
 218 001a 114A     		ldr	r2, .L8+4
 219 001c 1268     		ldr	r2, [r2]
 220 001e 1201     		lsls	r2, r2, #4
 221 0020 1209     		lsrs	r2, r2, #4
 222 0022 1A60     		str	r2, [r3]
 384:Generated_Source\PSoC4/SDCard_SPIM_SPI.c ****                                    SDCard_SPIM_SCLK_M_HSIOM_POS, SDCard_SPIM_SCLK_M_HSIOM_SEL_GPIO)
 385:Generated_Source\PSoC4/SDCard_SPIM_SPI.c **** #endif /* (SDCard_SPIM_MISO_SDA_TX_PIN_PIN) */
 386:Generated_Source\PSoC4/SDCard_SPIM_SPI.c **** 
 387:Generated_Source\PSoC4/SDCard_SPIM_SPI.c **** #if (SDCard_SPIM_SPI_MASTER_SS0_PIN)
 388:Generated_Source\PSoC4/SDCard_SPIM_SPI.c ****     /* Set output pin state after block is disabled */
 389:Generated_Source\PSoC4/SDCard_SPIM_SPI.c ****     SDCard_SPIM_ss0_m_Write(SDCard_SPIM_GET_SPI_SS0_INACTIVE);
 223              		.loc 1 389 0
 224 0024 0D4B     		ldr	r3, .L8
 225 0026 1A68     		ldr	r2, [r3]
 226 0028 8023     		movs	r3, #128
 227 002a 5B00     		lsls	r3, r3, #1
 228 002c 1340     		ands	r3, r2
 229 002e 5A42     		rsbs	r2, r3, #0
 230 0030 5341     		adcs	r3, r3, r2
 231 0032 DBB2     		uxtb	r3, r3
 232 0034 1800     		movs	r0, r3
 233 0036 FFF7FEFF 		bl	SDCard_SPIM_ss0_m_Write
 390:Generated_Source\PSoC4/SDCard_SPIM_SPI.c **** 
 391:Generated_Source\PSoC4/SDCard_SPIM_SPI.c ****     /* Set GPIO to drive output pin */
 392:Generated_Source\PSoC4/SDCard_SPIM_SPI.c ****     SDCard_SPIM_SET_HSIOM_SEL(SDCard_SPIM_SS0_M_HSIOM_REG, SDCard_SPIM_SS0_M_HSIOM_MASK,
 234              		.loc 1 392 0
 235 003a 0A4B     		ldr	r3, .L8+8
ARM GAS  C:\Users\freem\AppData\Local\Temp\ccbPYJ7e.s 			page 12


 236 003c 094A     		ldr	r2, .L8+8
 237 003e 1268     		ldr	r2, [r2]
 238 0040 0F21     		movs	r1, #15
 239 0042 8A43     		bics	r2, r1
 240 0044 1A60     		str	r2, [r3]
 393:Generated_Source\PSoC4/SDCard_SPIM_SPI.c ****                                    SDCard_SPIM_SS0_M_HSIOM_POS, SDCard_SPIM_SS0_M_HSIOM_SEL_GPIO);
 394:Generated_Source\PSoC4/SDCard_SPIM_SPI.c **** #endif /* (SDCard_SPIM_SPI_MASTER_SS0_PIN) */
 395:Generated_Source\PSoC4/SDCard_SPIM_SPI.c **** 
 396:Generated_Source\PSoC4/SDCard_SPIM_SPI.c **** #if (SDCard_SPIM_SPI_MASTER_SS1_PIN)
 397:Generated_Source\PSoC4/SDCard_SPIM_SPI.c ****     /* Set output pin state after block is disabled */
 398:Generated_Source\PSoC4/SDCard_SPIM_SPI.c ****     SDCard_SPIM_ss1_m_Write(SDCard_SPIM_GET_SPI_SS1_INACTIVE);
 399:Generated_Source\PSoC4/SDCard_SPIM_SPI.c **** 
 400:Generated_Source\PSoC4/SDCard_SPIM_SPI.c ****     /* Set GPIO to drive output pin */
 401:Generated_Source\PSoC4/SDCard_SPIM_SPI.c ****     SDCard_SPIM_SET_HSIOM_SEL(SDCard_SPIM_SS1_M_HSIOM_REG, SDCard_SPIM_SS1_M_HSIOM_MASK,
 402:Generated_Source\PSoC4/SDCard_SPIM_SPI.c ****                                    SDCard_SPIM_SS1_M_HSIOM_POS, SDCard_SPIM_SS1_M_HSIOM_SEL_GPIO);
 403:Generated_Source\PSoC4/SDCard_SPIM_SPI.c **** #endif /* (SDCard_SPIM_SPI_MASTER_SS1_PIN) */
 404:Generated_Source\PSoC4/SDCard_SPIM_SPI.c **** 
 405:Generated_Source\PSoC4/SDCard_SPIM_SPI.c **** #if (SDCard_SPIM_SPI_MASTER_SS2_PIN)
 406:Generated_Source\PSoC4/SDCard_SPIM_SPI.c ****     /* Set output pin state after block is disabled */
 407:Generated_Source\PSoC4/SDCard_SPIM_SPI.c ****     SDCard_SPIM_ss2_m_Write(SDCard_SPIM_GET_SPI_SS2_INACTIVE);
 408:Generated_Source\PSoC4/SDCard_SPIM_SPI.c **** 
 409:Generated_Source\PSoC4/SDCard_SPIM_SPI.c ****     /* Set GPIO to drive output pin */
 410:Generated_Source\PSoC4/SDCard_SPIM_SPI.c ****     SDCard_SPIM_SET_HSIOM_SEL(SDCard_SPIM_SS2_M_HSIOM_REG, SDCard_SPIM_SS2_M_HSIOM_MASK,
 411:Generated_Source\PSoC4/SDCard_SPIM_SPI.c ****                                    SDCard_SPIM_SS2_M_HSIOM_POS, SDCard_SPIM_SS2_M_HSIOM_SEL_GPIO);
 412:Generated_Source\PSoC4/SDCard_SPIM_SPI.c **** #endif /* (SDCard_SPIM_SPI_MASTER_SS2_PIN) */
 413:Generated_Source\PSoC4/SDCard_SPIM_SPI.c **** 
 414:Generated_Source\PSoC4/SDCard_SPIM_SPI.c **** #if (SDCard_SPIM_SPI_MASTER_SS3_PIN)
 415:Generated_Source\PSoC4/SDCard_SPIM_SPI.c ****     /* Set output pin state after block is disabled */
 416:Generated_Source\PSoC4/SDCard_SPIM_SPI.c ****     SDCard_SPIM_ss3_m_Write(SDCard_SPIM_GET_SPI_SS3_INACTIVE);
 417:Generated_Source\PSoC4/SDCard_SPIM_SPI.c **** 
 418:Generated_Source\PSoC4/SDCard_SPIM_SPI.c ****     /* Set GPIO to drive output pin */
 419:Generated_Source\PSoC4/SDCard_SPIM_SPI.c ****     SDCard_SPIM_SET_HSIOM_SEL(SDCard_SPIM_SS3_M_HSIOM_REG, SDCard_SPIM_SS3_M_HSIOM_MASK,
 420:Generated_Source\PSoC4/SDCard_SPIM_SPI.c ****                                    SDCard_SPIM_SS3_M_HSIOM_POS, SDCard_SPIM_SS3_M_HSIOM_SEL_GPIO);
 421:Generated_Source\PSoC4/SDCard_SPIM_SPI.c **** #endif /* (SDCard_SPIM_SPI_MASTER_SS3_PIN) */
 422:Generated_Source\PSoC4/SDCard_SPIM_SPI.c **** 
 423:Generated_Source\PSoC4/SDCard_SPIM_SPI.c ****     #if (SDCard_SPIM_SPI_MASTER_CONST)
 424:Generated_Source\PSoC4/SDCard_SPIM_SPI.c ****         /* Store TX interrupt sources (exclude level triggered). */
 425:Generated_Source\PSoC4/SDCard_SPIM_SPI.c ****         SDCard_SPIM_IntrTxMask = LO16(SDCard_SPIM_GetTxInterruptMode() & SDCard_SPIM_INTR_SPIM_TX_R
 241              		.loc 1 425 0
 242 0046 084B     		ldr	r3, .L8+12
 243 0048 1B68     		ldr	r3, [r3]
 244 004a 9BB2     		uxth	r3, r3
 245 004c 2022     		movs	r2, #32
 246 004e 1340     		ands	r3, r2
 247 0050 9AB2     		uxth	r2, r3
 248 0052 064B     		ldr	r3, .L8+16
 249 0054 1A80     		strh	r2, [r3]
 426:Generated_Source\PSoC4/SDCard_SPIM_SPI.c ****     #else
 427:Generated_Source\PSoC4/SDCard_SPIM_SPI.c ****         /* Store TX interrupt sources (exclude level triggered). */
 428:Generated_Source\PSoC4/SDCard_SPIM_SPI.c ****         SDCard_SPIM_IntrTxMask = LO16(SDCard_SPIM_GetTxInterruptMode() & SDCard_SPIM_INTR_SPIS_TX_R
 429:Generated_Source\PSoC4/SDCard_SPIM_SPI.c ****     #endif /* (SDCard_SPIM_SPI_MASTER_CONST) */
 430:Generated_Source\PSoC4/SDCard_SPIM_SPI.c **** 
 431:Generated_Source\PSoC4/SDCard_SPIM_SPI.c **** #endif /* (SDCard_SPIM_SCB_MODE_UNCONFIG_CONST_CFG) */
 432:Generated_Source\PSoC4/SDCard_SPIM_SPI.c **** }
 250              		.loc 1 432 0
 251 0056 C046     		nop
 252 0058 BD46     		mov	sp, r7
ARM GAS  C:\Users\freem\AppData\Local\Temp\ccbPYJ7e.s 			page 13


 253              		@ sp needed
 254 005a 80BD     		pop	{r7, pc}
 255              	.L9:
 256              		.align	2
 257              	.L8:
 258 005c 20002440 		.word	1076101152
 259 0060 00010240 		.word	1073873152
 260 0064 00020240 		.word	1073873408
 261 0068 880F2440 		.word	1076105096
 262 006c 00000000 		.word	SDCard_SPIM_IntrTxMask
 263              		.cfi_endproc
 264              	.LFE4:
 265              		.size	SDCard_SPIM_SpiStop, .-SDCard_SPIM_SpiStop
 266              		.section	.text.SDCard_SPIM_SpiSetActiveSlaveSelect,"ax",%progbits
 267              		.align	2
 268              		.global	SDCard_SPIM_SpiSetActiveSlaveSelect
 269              		.code	16
 270              		.thumb_func
 271              		.type	SDCard_SPIM_SpiSetActiveSlaveSelect, %function
 272              	SDCard_SPIM_SpiSetActiveSlaveSelect:
 273              	.LFB5:
 433:Generated_Source\PSoC4/SDCard_SPIM_SPI.c **** 
 434:Generated_Source\PSoC4/SDCard_SPIM_SPI.c **** 
 435:Generated_Source\PSoC4/SDCard_SPIM_SPI.c **** #if (SDCard_SPIM_SPI_MASTER_CONST)
 436:Generated_Source\PSoC4/SDCard_SPIM_SPI.c ****     /*******************************************************************************
 437:Generated_Source\PSoC4/SDCard_SPIM_SPI.c ****     * Function Name: SDCard_SPIM_SetActiveSlaveSelect
 438:Generated_Source\PSoC4/SDCard_SPIM_SPI.c ****     ****************************************************************************//**
 439:Generated_Source\PSoC4/SDCard_SPIM_SPI.c ****     *
 440:Generated_Source\PSoC4/SDCard_SPIM_SPI.c ****     *  Selects one of the four slave select lines to be active during the transfer.
 441:Generated_Source\PSoC4/SDCard_SPIM_SPI.c ****     *  After initialization the active slave select line is 0.
 442:Generated_Source\PSoC4/SDCard_SPIM_SPI.c ****     *  The component should be in one of the following states to change the active
 443:Generated_Source\PSoC4/SDCard_SPIM_SPI.c ****     *  slave select signal source correctly:
 444:Generated_Source\PSoC4/SDCard_SPIM_SPI.c ****     *   - The component is disabled.
 445:Generated_Source\PSoC4/SDCard_SPIM_SPI.c ****     *   - The component has completed transfer (TX FIFO is empty and the
 446:Generated_Source\PSoC4/SDCard_SPIM_SPI.c ****     *     SCB_INTR_MASTER_SPI_DONE status is set).
 447:Generated_Source\PSoC4/SDCard_SPIM_SPI.c ****     *
 448:Generated_Source\PSoC4/SDCard_SPIM_SPI.c ****     *  This function does not check that these conditions are met.
 449:Generated_Source\PSoC4/SDCard_SPIM_SPI.c ****     *  This function is only applicable to SPI Master mode of operation.
 450:Generated_Source\PSoC4/SDCard_SPIM_SPI.c ****     *
 451:Generated_Source\PSoC4/SDCard_SPIM_SPI.c ****     *  \param slaveSelect: slave select line which will be active while the following
 452:Generated_Source\PSoC4/SDCard_SPIM_SPI.c ****     *   transfer.
 453:Generated_Source\PSoC4/SDCard_SPIM_SPI.c ****     *   - SDCard_SPIM_SPI_SLAVE_SELECT0 - Slave select 0.
 454:Generated_Source\PSoC4/SDCard_SPIM_SPI.c ****     *   - SDCard_SPIM_SPI_SLAVE_SELECT1 - Slave select 1.
 455:Generated_Source\PSoC4/SDCard_SPIM_SPI.c ****     *   - SDCard_SPIM_SPI_SLAVE_SELECT2 - Slave select 2.
 456:Generated_Source\PSoC4/SDCard_SPIM_SPI.c ****     *   - SDCard_SPIM_SPI_SLAVE_SELECT3 - Slave select 3.
 457:Generated_Source\PSoC4/SDCard_SPIM_SPI.c ****     *
 458:Generated_Source\PSoC4/SDCard_SPIM_SPI.c ****     *******************************************************************************/
 459:Generated_Source\PSoC4/SDCard_SPIM_SPI.c ****     void SDCard_SPIM_SpiSetActiveSlaveSelect(uint32 slaveSelect)
 460:Generated_Source\PSoC4/SDCard_SPIM_SPI.c ****     {
 274              		.loc 1 460 0
 275              		.cfi_startproc
 276              		@ args = 0, pretend = 0, frame = 16
 277              		@ frame_needed = 1, uses_anonymous_args = 0
 278 0000 80B5     		push	{r7, lr}
 279              		.cfi_def_cfa_offset 8
 280              		.cfi_offset 7, -8
 281              		.cfi_offset 14, -4
ARM GAS  C:\Users\freem\AppData\Local\Temp\ccbPYJ7e.s 			page 14


 282 0002 84B0     		sub	sp, sp, #16
 283              		.cfi_def_cfa_offset 24
 284 0004 00AF     		add	r7, sp, #0
 285              		.cfi_def_cfa_register 7
 286 0006 7860     		str	r0, [r7, #4]
 461:Generated_Source\PSoC4/SDCard_SPIM_SPI.c ****         uint32 spiCtrl;
 462:Generated_Source\PSoC4/SDCard_SPIM_SPI.c **** 
 463:Generated_Source\PSoC4/SDCard_SPIM_SPI.c ****         spiCtrl = SDCard_SPIM_SPI_CTRL_REG;
 287              		.loc 1 463 0
 288 0008 0A4B     		ldr	r3, .L11
 289 000a 1B68     		ldr	r3, [r3]
 290 000c FB60     		str	r3, [r7, #12]
 464:Generated_Source\PSoC4/SDCard_SPIM_SPI.c **** 
 465:Generated_Source\PSoC4/SDCard_SPIM_SPI.c ****         spiCtrl &= (uint32) ~SDCard_SPIM_SPI_CTRL_SLAVE_SELECT_MASK;
 291              		.loc 1 465 0
 292 000e FB68     		ldr	r3, [r7, #12]
 293 0010 094A     		ldr	r2, .L11+4
 294 0012 1340     		ands	r3, r2
 295 0014 FB60     		str	r3, [r7, #12]
 466:Generated_Source\PSoC4/SDCard_SPIM_SPI.c ****         spiCtrl |= (uint32)  SDCard_SPIM_GET_SPI_CTRL_SS(slaveSelect);
 296              		.loc 1 466 0
 297 0016 7B68     		ldr	r3, [r7, #4]
 298 0018 9A06     		lsls	r2, r3, #26
 299 001a C023     		movs	r3, #192
 300 001c 1B05     		lsls	r3, r3, #20
 301 001e 1340     		ands	r3, r2
 302 0020 FA68     		ldr	r2, [r7, #12]
 303 0022 1343     		orrs	r3, r2
 304 0024 FB60     		str	r3, [r7, #12]
 467:Generated_Source\PSoC4/SDCard_SPIM_SPI.c **** 
 468:Generated_Source\PSoC4/SDCard_SPIM_SPI.c ****         SDCard_SPIM_SPI_CTRL_REG = spiCtrl;
 305              		.loc 1 468 0
 306 0026 034B     		ldr	r3, .L11
 307 0028 FA68     		ldr	r2, [r7, #12]
 308 002a 1A60     		str	r2, [r3]
 469:Generated_Source\PSoC4/SDCard_SPIM_SPI.c ****     }
 309              		.loc 1 469 0
 310 002c C046     		nop
 311 002e BD46     		mov	sp, r7
 312 0030 04B0     		add	sp, sp, #16
 313              		@ sp needed
 314 0032 80BD     		pop	{r7, pc}
 315              	.L12:
 316              		.align	2
 317              	.L11:
 318 0034 20002440 		.word	1076101152
 319 0038 FFFFFFF3 		.word	-201326593
 320              		.cfi_endproc
 321              	.LFE5:
 322              		.size	SDCard_SPIM_SpiSetActiveSlaveSelect, .-SDCard_SPIM_SpiSetActiveSlaveSelect
 323              		.section	.text.SDCard_SPIM_SpiSetSlaveSelectPolarity,"ax",%progbits
 324              		.align	2
 325              		.global	SDCard_SPIM_SpiSetSlaveSelectPolarity
 326              		.code	16
 327              		.thumb_func
 328              		.type	SDCard_SPIM_SpiSetSlaveSelectPolarity, %function
 329              	SDCard_SPIM_SpiSetSlaveSelectPolarity:
ARM GAS  C:\Users\freem\AppData\Local\Temp\ccbPYJ7e.s 			page 15


 330              	.LFB6:
 470:Generated_Source\PSoC4/SDCard_SPIM_SPI.c **** #endif /* (SDCard_SPIM_SPI_MASTER_CONST) */
 471:Generated_Source\PSoC4/SDCard_SPIM_SPI.c **** 
 472:Generated_Source\PSoC4/SDCard_SPIM_SPI.c **** 
 473:Generated_Source\PSoC4/SDCard_SPIM_SPI.c **** #if !(SDCard_SPIM_CY_SCBIP_V0 || SDCard_SPIM_CY_SCBIP_V1)
 474:Generated_Source\PSoC4/SDCard_SPIM_SPI.c ****     /*******************************************************************************
 475:Generated_Source\PSoC4/SDCard_SPIM_SPI.c ****     * Function Name: SDCard_SPIM_SpiSetSlaveSelectPolarity
 476:Generated_Source\PSoC4/SDCard_SPIM_SPI.c ****     ****************************************************************************//**
 477:Generated_Source\PSoC4/SDCard_SPIM_SPI.c ****     *
 478:Generated_Source\PSoC4/SDCard_SPIM_SPI.c ****     *  Sets active polarity for slave select line.
 479:Generated_Source\PSoC4/SDCard_SPIM_SPI.c ****     *  The component should be in one of the following states to change the active
 480:Generated_Source\PSoC4/SDCard_SPIM_SPI.c ****     *  slave select signal source correctly:
 481:Generated_Source\PSoC4/SDCard_SPIM_SPI.c ****     *   - The component is disabled.
 482:Generated_Source\PSoC4/SDCard_SPIM_SPI.c ****     *   - The component has completed transfer.
 483:Generated_Source\PSoC4/SDCard_SPIM_SPI.c ****     *  
 484:Generated_Source\PSoC4/SDCard_SPIM_SPI.c ****     *  This function does not check that these conditions are met.
 485:Generated_Source\PSoC4/SDCard_SPIM_SPI.c ****     *
 486:Generated_Source\PSoC4/SDCard_SPIM_SPI.c ****     *  \param slaveSelect: slave select line to change active polarity.
 487:Generated_Source\PSoC4/SDCard_SPIM_SPI.c ****     *   - SDCard_SPIM_SPI_SLAVE_SELECT0 - Slave select 0.
 488:Generated_Source\PSoC4/SDCard_SPIM_SPI.c ****     *   - SDCard_SPIM_SPI_SLAVE_SELECT1 - Slave select 1.
 489:Generated_Source\PSoC4/SDCard_SPIM_SPI.c ****     *   - SDCard_SPIM_SPI_SLAVE_SELECT2 - Slave select 2.
 490:Generated_Source\PSoC4/SDCard_SPIM_SPI.c ****     *   - SDCard_SPIM_SPI_SLAVE_SELECT3 - Slave select 3.
 491:Generated_Source\PSoC4/SDCard_SPIM_SPI.c ****     *
 492:Generated_Source\PSoC4/SDCard_SPIM_SPI.c ****     *  \param polarity: active polarity of slave select line.
 493:Generated_Source\PSoC4/SDCard_SPIM_SPI.c ****     *   - SDCard_SPIM_SPI_SS_ACTIVE_LOW  - Slave select is active low.
 494:Generated_Source\PSoC4/SDCard_SPIM_SPI.c ****     *   - SDCard_SPIM_SPI_SS_ACTIVE_HIGH - Slave select is active high.
 495:Generated_Source\PSoC4/SDCard_SPIM_SPI.c ****     *
 496:Generated_Source\PSoC4/SDCard_SPIM_SPI.c ****     *******************************************************************************/
 497:Generated_Source\PSoC4/SDCard_SPIM_SPI.c ****     void SDCard_SPIM_SpiSetSlaveSelectPolarity(uint32 slaveSelect, uint32 polarity)
 498:Generated_Source\PSoC4/SDCard_SPIM_SPI.c ****     {
 331              		.loc 1 498 0
 332              		.cfi_startproc
 333              		@ args = 0, pretend = 0, frame = 16
 334              		@ frame_needed = 1, uses_anonymous_args = 0
 335 0000 80B5     		push	{r7, lr}
 336              		.cfi_def_cfa_offset 8
 337              		.cfi_offset 7, -8
 338              		.cfi_offset 14, -4
 339 0002 84B0     		sub	sp, sp, #16
 340              		.cfi_def_cfa_offset 24
 341 0004 00AF     		add	r7, sp, #0
 342              		.cfi_def_cfa_register 7
 343 0006 7860     		str	r0, [r7, #4]
 344 0008 3960     		str	r1, [r7]
 499:Generated_Source\PSoC4/SDCard_SPIM_SPI.c ****         uint32 ssPolarity;
 500:Generated_Source\PSoC4/SDCard_SPIM_SPI.c **** 
 501:Generated_Source\PSoC4/SDCard_SPIM_SPI.c ****         /* Get position of the polarity bit associated with slave select line */
 502:Generated_Source\PSoC4/SDCard_SPIM_SPI.c ****         ssPolarity = SDCard_SPIM_GET_SPI_CTRL_SSEL_POLARITY((uint32) 1u << slaveSelect);
 345              		.loc 1 502 0
 346 000a 0122     		movs	r2, #1
 347 000c 7B68     		ldr	r3, [r7, #4]
 348 000e 9A40     		lsls	r2, r2, r3
 349 0010 1300     		movs	r3, r2
 350 0012 1A02     		lsls	r2, r3, #8
 351 0014 F023     		movs	r3, #240
 352 0016 1B01     		lsls	r3, r3, #4
 353 0018 1340     		ands	r3, r2
ARM GAS  C:\Users\freem\AppData\Local\Temp\ccbPYJ7e.s 			page 16


 354 001a FB60     		str	r3, [r7, #12]
 503:Generated_Source\PSoC4/SDCard_SPIM_SPI.c **** 
 504:Generated_Source\PSoC4/SDCard_SPIM_SPI.c ****         if (0u != polarity)
 355              		.loc 1 504 0
 356 001c 3B68     		ldr	r3, [r7]
 357 001e 002B     		cmp	r3, #0
 358 0020 06D0     		beq	.L14
 505:Generated_Source\PSoC4/SDCard_SPIM_SPI.c ****         {
 506:Generated_Source\PSoC4/SDCard_SPIM_SPI.c ****             SDCard_SPIM_SPI_CTRL_REG |= (uint32)  ssPolarity;
 359              		.loc 1 506 0
 360 0022 094B     		ldr	r3, .L17
 361 0024 084A     		ldr	r2, .L17
 362 0026 1168     		ldr	r1, [r2]
 363 0028 FA68     		ldr	r2, [r7, #12]
 364 002a 0A43     		orrs	r2, r1
 365 002c 1A60     		str	r2, [r3]
 507:Generated_Source\PSoC4/SDCard_SPIM_SPI.c ****         }
 508:Generated_Source\PSoC4/SDCard_SPIM_SPI.c ****         else
 509:Generated_Source\PSoC4/SDCard_SPIM_SPI.c ****         {
 510:Generated_Source\PSoC4/SDCard_SPIM_SPI.c ****             SDCard_SPIM_SPI_CTRL_REG &= (uint32) ~ssPolarity;
 511:Generated_Source\PSoC4/SDCard_SPIM_SPI.c ****         }
 512:Generated_Source\PSoC4/SDCard_SPIM_SPI.c ****     }
 366              		.loc 1 512 0
 367 002e 06E0     		b	.L16
 368              	.L14:
 510:Generated_Source\PSoC4/SDCard_SPIM_SPI.c ****         }
 369              		.loc 1 510 0
 370 0030 054B     		ldr	r3, .L17
 371 0032 054A     		ldr	r2, .L17
 372 0034 1268     		ldr	r2, [r2]
 373 0036 F968     		ldr	r1, [r7, #12]
 374 0038 C943     		mvns	r1, r1
 375 003a 0A40     		ands	r2, r1
 376 003c 1A60     		str	r2, [r3]
 377              	.L16:
 378              		.loc 1 512 0
 379 003e C046     		nop
 380 0040 BD46     		mov	sp, r7
 381 0042 04B0     		add	sp, sp, #16
 382              		@ sp needed
 383 0044 80BD     		pop	{r7, pc}
 384              	.L18:
 385 0046 C046     		.align	2
 386              	.L17:
 387 0048 20002440 		.word	1076101152
 388              		.cfi_endproc
 389              	.LFE6:
 390              		.size	SDCard_SPIM_SpiSetSlaveSelectPolarity, .-SDCard_SPIM_SpiSetSlaveSelectPolarity
 391              		.text
 392              	.Letext0:
 393              		.file 2 "Generated_Source\\PSoC4/cytypes.h"
 394              		.file 3 "Generated_Source\\PSoC4\\SDCard_SPIM_PVT.h"
 395              		.section	.debug_info,"",%progbits
 396              	.Ldebug_info0:
 397 0000 78010000 		.4byte	0x178
 398 0004 0400     		.2byte	0x4
 399 0006 00000000 		.4byte	.Ldebug_abbrev0
ARM GAS  C:\Users\freem\AppData\Local\Temp\ccbPYJ7e.s 			page 17


 400 000a 04       		.byte	0x4
 401 000b 01       		.uleb128 0x1
 402 000c A0000000 		.4byte	.LASF27
 403 0010 0C       		.byte	0xc
 404 0011 51000000 		.4byte	.LASF28
 405 0015 68010000 		.4byte	.LASF29
 406 0019 00000000 		.4byte	.Ldebug_ranges0+0
 407 001d 00000000 		.4byte	0
 408 0021 00000000 		.4byte	.Ldebug_line0
 409 0025 02       		.uleb128 0x2
 410 0026 01       		.byte	0x1
 411 0027 06       		.byte	0x6
 412 0028 91020000 		.4byte	.LASF0
 413 002c 02       		.uleb128 0x2
 414 002d 01       		.byte	0x1
 415 002e 08       		.byte	0x8
 416 002f 7A000000 		.4byte	.LASF1
 417 0033 02       		.uleb128 0x2
 418 0034 02       		.byte	0x2
 419 0035 05       		.byte	0x5
 420 0036 72020000 		.4byte	.LASF2
 421 003a 02       		.uleb128 0x2
 422 003b 02       		.byte	0x2
 423 003c 07       		.byte	0x7
 424 003d 26000000 		.4byte	.LASF3
 425 0041 02       		.uleb128 0x2
 426 0042 04       		.byte	0x4
 427 0043 05       		.byte	0x5
 428 0044 7C020000 		.4byte	.LASF4
 429 0048 02       		.uleb128 0x2
 430 0049 04       		.byte	0x4
 431 004a 07       		.byte	0x7
 432 004b 88000000 		.4byte	.LASF5
 433 004f 02       		.uleb128 0x2
 434 0050 08       		.byte	0x8
 435 0051 05       		.byte	0x5
 436 0052 57020000 		.4byte	.LASF6
 437 0056 02       		.uleb128 0x2
 438 0057 08       		.byte	0x8
 439 0058 07       		.byte	0x7
 440 0059 17020000 		.4byte	.LASF7
 441 005d 03       		.uleb128 0x3
 442 005e 04       		.byte	0x4
 443 005f 05       		.byte	0x5
 444 0060 696E7400 		.ascii	"int\000"
 445 0064 02       		.uleb128 0x2
 446 0065 04       		.byte	0x4
 447 0066 07       		.byte	0x7
 448 0067 E6010000 		.4byte	.LASF8
 449 006b 04       		.uleb128 0x4
 450 006c 9A000000 		.4byte	.LASF9
 451 0070 02       		.byte	0x2
 452 0071 FC01     		.2byte	0x1fc
 453 0073 2C000000 		.4byte	0x2c
 454 0077 04       		.uleb128 0x4
 455 0078 BE010000 		.4byte	.LASF10
 456 007c 02       		.byte	0x2
ARM GAS  C:\Users\freem\AppData\Local\Temp\ccbPYJ7e.s 			page 18


 457 007d FD01     		.2byte	0x1fd
 458 007f 3A000000 		.4byte	0x3a
 459 0083 04       		.uleb128 0x4
 460 0084 DF010000 		.4byte	.LASF11
 461 0088 02       		.byte	0x2
 462 0089 FE01     		.2byte	0x1fe
 463 008b 48000000 		.4byte	0x48
 464 008f 02       		.uleb128 0x2
 465 0090 04       		.byte	0x4
 466 0091 04       		.byte	0x4
 467 0092 4B000000 		.4byte	.LASF12
 468 0096 02       		.uleb128 0x2
 469 0097 08       		.byte	0x8
 470 0098 04       		.byte	0x4
 471 0099 44000000 		.4byte	.LASF13
 472 009d 02       		.uleb128 0x2
 473 009e 01       		.byte	0x1
 474 009f 08       		.byte	0x8
 475 00a0 65020000 		.4byte	.LASF14
 476 00a4 04       		.uleb128 0x4
 477 00a5 00000000 		.4byte	.LASF15
 478 00a9 02       		.byte	0x2
 479 00aa A802     		.2byte	0x2a8
 480 00ac B0000000 		.4byte	0xb0
 481 00b0 05       		.uleb128 0x5
 482 00b1 83000000 		.4byte	0x83
 483 00b5 02       		.uleb128 0x2
 484 00b6 08       		.byte	0x8
 485 00b7 04       		.byte	0x4
 486 00b8 85020000 		.4byte	.LASF16
 487 00bc 02       		.uleb128 0x2
 488 00bd 04       		.byte	0x4
 489 00be 07       		.byte	0x7
 490 00bf 4E020000 		.4byte	.LASF17
 491 00c3 06       		.uleb128 0x6
 492 00c4 12000000 		.4byte	.LASF18
 493 00c8 01       		.byte	0x1
 494 00c9 AC       		.byte	0xac
 495 00ca 00000000 		.4byte	.LFB2
 496 00ce C0000000 		.4byte	.LFE2-.LFB2
 497 00d2 01       		.uleb128 0x1
 498 00d3 9C       		.byte	0x9c
 499 00d4 07       		.uleb128 0x7
 500 00d5 C5010000 		.4byte	.LASF19
 501 00d9 01       		.byte	0x1
 502 00da E7       		.byte	0xe7
 503 00db 00000000 		.4byte	.LFB3
 504 00df 3C000000 		.4byte	.LFE3-.LFB3
 505 00e3 01       		.uleb128 0x1
 506 00e4 9C       		.byte	0x9c
 507 00e5 08       		.uleb128 0x8
 508 00e6 54010000 		.4byte	.LASF20
 509 00ea 01       		.byte	0x1
 510 00eb 3C01     		.2byte	0x13c
 511 00ed 00000000 		.4byte	.LFB4
 512 00f1 70000000 		.4byte	.LFE4-.LFB4
 513 00f5 01       		.uleb128 0x1
ARM GAS  C:\Users\freem\AppData\Local\Temp\ccbPYJ7e.s 			page 19


 514 00f6 9C       		.byte	0x9c
 515 00f7 09       		.uleb128 0x9
 516 00f8 F3010000 		.4byte	.LASF21
 517 00fc 01       		.byte	0x1
 518 00fd CB01     		.2byte	0x1cb
 519 00ff 00000000 		.4byte	.LFB5
 520 0103 3C000000 		.4byte	.LFE5-.LFB5
 521 0107 01       		.uleb128 0x1
 522 0108 9C       		.byte	0x9c
 523 0109 2C010000 		.4byte	0x12c
 524 010d 0A       		.uleb128 0xa
 525 010e 06000000 		.4byte	.LASF23
 526 0112 01       		.byte	0x1
 527 0113 CB01     		.2byte	0x1cb
 528 0115 83000000 		.4byte	0x83
 529 0119 02       		.uleb128 0x2
 530 011a 91       		.byte	0x91
 531 011b 6C       		.sleb128 -20
 532 011c 0B       		.uleb128 0xb
 533 011d 6A020000 		.4byte	.LASF25
 534 0121 01       		.byte	0x1
 535 0122 CD01     		.2byte	0x1cd
 536 0124 83000000 		.4byte	0x83
 537 0128 02       		.uleb128 0x2
 538 0129 91       		.byte	0x91
 539 012a 74       		.sleb128 -12
 540 012b 00       		.byte	0
 541 012c 09       		.uleb128 0x9
 542 012d 2E010000 		.4byte	.LASF22
 543 0131 01       		.byte	0x1
 544 0132 F101     		.2byte	0x1f1
 545 0134 00000000 		.4byte	.LFB6
 546 0138 4C000000 		.4byte	.LFE6-.LFB6
 547 013c 01       		.uleb128 0x1
 548 013d 9C       		.byte	0x9c
 549 013e 70010000 		.4byte	0x170
 550 0142 0A       		.uleb128 0xa
 551 0143 06000000 		.4byte	.LASF23
 552 0147 01       		.byte	0x1
 553 0148 F101     		.2byte	0x1f1
 554 014a 83000000 		.4byte	0x83
 555 014e 02       		.uleb128 0x2
 556 014f 91       		.byte	0x91
 557 0150 6C       		.sleb128 -20
 558 0151 0A       		.uleb128 0xa
 559 0152 45020000 		.4byte	.LASF24
 560 0156 01       		.byte	0x1
 561 0157 F101     		.2byte	0x1f1
 562 0159 83000000 		.4byte	0x83
 563 015d 02       		.uleb128 0x2
 564 015e 91       		.byte	0x91
 565 015f 68       		.sleb128 -24
 566 0160 0B       		.uleb128 0xb
 567 0161 39000000 		.4byte	.LASF26
 568 0165 01       		.byte	0x1
 569 0166 F301     		.2byte	0x1f3
 570 0168 83000000 		.4byte	0x83
ARM GAS  C:\Users\freem\AppData\Local\Temp\ccbPYJ7e.s 			page 20


 571 016c 02       		.uleb128 0x2
 572 016d 91       		.byte	0x91
 573 016e 74       		.sleb128 -12
 574 016f 00       		.byte	0
 575 0170 0C       		.uleb128 0xc
 576 0171 2E020000 		.4byte	.LASF30
 577 0175 03       		.byte	0x3
 578 0176 5B       		.byte	0x5b
 579 0177 77000000 		.4byte	0x77
 580 017b 00       		.byte	0
 581              		.section	.debug_abbrev,"",%progbits
 582              	.Ldebug_abbrev0:
 583 0000 01       		.uleb128 0x1
 584 0001 11       		.uleb128 0x11
 585 0002 01       		.byte	0x1
 586 0003 25       		.uleb128 0x25
 587 0004 0E       		.uleb128 0xe
 588 0005 13       		.uleb128 0x13
 589 0006 0B       		.uleb128 0xb
 590 0007 03       		.uleb128 0x3
 591 0008 0E       		.uleb128 0xe
 592 0009 1B       		.uleb128 0x1b
 593 000a 0E       		.uleb128 0xe
 594 000b 55       		.uleb128 0x55
 595 000c 17       		.uleb128 0x17
 596 000d 11       		.uleb128 0x11
 597 000e 01       		.uleb128 0x1
 598 000f 10       		.uleb128 0x10
 599 0010 17       		.uleb128 0x17
 600 0011 00       		.byte	0
 601 0012 00       		.byte	0
 602 0013 02       		.uleb128 0x2
 603 0014 24       		.uleb128 0x24
 604 0015 00       		.byte	0
 605 0016 0B       		.uleb128 0xb
 606 0017 0B       		.uleb128 0xb
 607 0018 3E       		.uleb128 0x3e
 608 0019 0B       		.uleb128 0xb
 609 001a 03       		.uleb128 0x3
 610 001b 0E       		.uleb128 0xe
 611 001c 00       		.byte	0
 612 001d 00       		.byte	0
 613 001e 03       		.uleb128 0x3
 614 001f 24       		.uleb128 0x24
 615 0020 00       		.byte	0
 616 0021 0B       		.uleb128 0xb
 617 0022 0B       		.uleb128 0xb
 618 0023 3E       		.uleb128 0x3e
 619 0024 0B       		.uleb128 0xb
 620 0025 03       		.uleb128 0x3
 621 0026 08       		.uleb128 0x8
 622 0027 00       		.byte	0
 623 0028 00       		.byte	0
 624 0029 04       		.uleb128 0x4
 625 002a 16       		.uleb128 0x16
 626 002b 00       		.byte	0
 627 002c 03       		.uleb128 0x3
ARM GAS  C:\Users\freem\AppData\Local\Temp\ccbPYJ7e.s 			page 21


 628 002d 0E       		.uleb128 0xe
 629 002e 3A       		.uleb128 0x3a
 630 002f 0B       		.uleb128 0xb
 631 0030 3B       		.uleb128 0x3b
 632 0031 05       		.uleb128 0x5
 633 0032 49       		.uleb128 0x49
 634 0033 13       		.uleb128 0x13
 635 0034 00       		.byte	0
 636 0035 00       		.byte	0
 637 0036 05       		.uleb128 0x5
 638 0037 35       		.uleb128 0x35
 639 0038 00       		.byte	0
 640 0039 49       		.uleb128 0x49
 641 003a 13       		.uleb128 0x13
 642 003b 00       		.byte	0
 643 003c 00       		.byte	0
 644 003d 06       		.uleb128 0x6
 645 003e 2E       		.uleb128 0x2e
 646 003f 00       		.byte	0
 647 0040 3F       		.uleb128 0x3f
 648 0041 19       		.uleb128 0x19
 649 0042 03       		.uleb128 0x3
 650 0043 0E       		.uleb128 0xe
 651 0044 3A       		.uleb128 0x3a
 652 0045 0B       		.uleb128 0xb
 653 0046 3B       		.uleb128 0x3b
 654 0047 0B       		.uleb128 0xb
 655 0048 27       		.uleb128 0x27
 656 0049 19       		.uleb128 0x19
 657 004a 11       		.uleb128 0x11
 658 004b 01       		.uleb128 0x1
 659 004c 12       		.uleb128 0x12
 660 004d 06       		.uleb128 0x6
 661 004e 40       		.uleb128 0x40
 662 004f 18       		.uleb128 0x18
 663 0050 9642     		.uleb128 0x2116
 664 0052 19       		.uleb128 0x19
 665 0053 00       		.byte	0
 666 0054 00       		.byte	0
 667 0055 07       		.uleb128 0x7
 668 0056 2E       		.uleb128 0x2e
 669 0057 00       		.byte	0
 670 0058 3F       		.uleb128 0x3f
 671 0059 19       		.uleb128 0x19
 672 005a 03       		.uleb128 0x3
 673 005b 0E       		.uleb128 0xe
 674 005c 3A       		.uleb128 0x3a
 675 005d 0B       		.uleb128 0xb
 676 005e 3B       		.uleb128 0x3b
 677 005f 0B       		.uleb128 0xb
 678 0060 27       		.uleb128 0x27
 679 0061 19       		.uleb128 0x19
 680 0062 11       		.uleb128 0x11
 681 0063 01       		.uleb128 0x1
 682 0064 12       		.uleb128 0x12
 683 0065 06       		.uleb128 0x6
 684 0066 40       		.uleb128 0x40
ARM GAS  C:\Users\freem\AppData\Local\Temp\ccbPYJ7e.s 			page 22


 685 0067 18       		.uleb128 0x18
 686 0068 9742     		.uleb128 0x2117
 687 006a 19       		.uleb128 0x19
 688 006b 00       		.byte	0
 689 006c 00       		.byte	0
 690 006d 08       		.uleb128 0x8
 691 006e 2E       		.uleb128 0x2e
 692 006f 00       		.byte	0
 693 0070 3F       		.uleb128 0x3f
 694 0071 19       		.uleb128 0x19
 695 0072 03       		.uleb128 0x3
 696 0073 0E       		.uleb128 0xe
 697 0074 3A       		.uleb128 0x3a
 698 0075 0B       		.uleb128 0xb
 699 0076 3B       		.uleb128 0x3b
 700 0077 05       		.uleb128 0x5
 701 0078 27       		.uleb128 0x27
 702 0079 19       		.uleb128 0x19
 703 007a 11       		.uleb128 0x11
 704 007b 01       		.uleb128 0x1
 705 007c 12       		.uleb128 0x12
 706 007d 06       		.uleb128 0x6
 707 007e 40       		.uleb128 0x40
 708 007f 18       		.uleb128 0x18
 709 0080 9642     		.uleb128 0x2116
 710 0082 19       		.uleb128 0x19
 711 0083 00       		.byte	0
 712 0084 00       		.byte	0
 713 0085 09       		.uleb128 0x9
 714 0086 2E       		.uleb128 0x2e
 715 0087 01       		.byte	0x1
 716 0088 3F       		.uleb128 0x3f
 717 0089 19       		.uleb128 0x19
 718 008a 03       		.uleb128 0x3
 719 008b 0E       		.uleb128 0xe
 720 008c 3A       		.uleb128 0x3a
 721 008d 0B       		.uleb128 0xb
 722 008e 3B       		.uleb128 0x3b
 723 008f 05       		.uleb128 0x5
 724 0090 27       		.uleb128 0x27
 725 0091 19       		.uleb128 0x19
 726 0092 11       		.uleb128 0x11
 727 0093 01       		.uleb128 0x1
 728 0094 12       		.uleb128 0x12
 729 0095 06       		.uleb128 0x6
 730 0096 40       		.uleb128 0x40
 731 0097 18       		.uleb128 0x18
 732 0098 9742     		.uleb128 0x2117
 733 009a 19       		.uleb128 0x19
 734 009b 01       		.uleb128 0x1
 735 009c 13       		.uleb128 0x13
 736 009d 00       		.byte	0
 737 009e 00       		.byte	0
 738 009f 0A       		.uleb128 0xa
 739 00a0 05       		.uleb128 0x5
 740 00a1 00       		.byte	0
 741 00a2 03       		.uleb128 0x3
ARM GAS  C:\Users\freem\AppData\Local\Temp\ccbPYJ7e.s 			page 23


 742 00a3 0E       		.uleb128 0xe
 743 00a4 3A       		.uleb128 0x3a
 744 00a5 0B       		.uleb128 0xb
 745 00a6 3B       		.uleb128 0x3b
 746 00a7 05       		.uleb128 0x5
 747 00a8 49       		.uleb128 0x49
 748 00a9 13       		.uleb128 0x13
 749 00aa 02       		.uleb128 0x2
 750 00ab 18       		.uleb128 0x18
 751 00ac 00       		.byte	0
 752 00ad 00       		.byte	0
 753 00ae 0B       		.uleb128 0xb
 754 00af 34       		.uleb128 0x34
 755 00b0 00       		.byte	0
 756 00b1 03       		.uleb128 0x3
 757 00b2 0E       		.uleb128 0xe
 758 00b3 3A       		.uleb128 0x3a
 759 00b4 0B       		.uleb128 0xb
 760 00b5 3B       		.uleb128 0x3b
 761 00b6 05       		.uleb128 0x5
 762 00b7 49       		.uleb128 0x49
 763 00b8 13       		.uleb128 0x13
 764 00b9 02       		.uleb128 0x2
 765 00ba 18       		.uleb128 0x18
 766 00bb 00       		.byte	0
 767 00bc 00       		.byte	0
 768 00bd 0C       		.uleb128 0xc
 769 00be 34       		.uleb128 0x34
 770 00bf 00       		.byte	0
 771 00c0 03       		.uleb128 0x3
 772 00c1 0E       		.uleb128 0xe
 773 00c2 3A       		.uleb128 0x3a
 774 00c3 0B       		.uleb128 0xb
 775 00c4 3B       		.uleb128 0x3b
 776 00c5 0B       		.uleb128 0xb
 777 00c6 49       		.uleb128 0x49
 778 00c7 13       		.uleb128 0x13
 779 00c8 3F       		.uleb128 0x3f
 780 00c9 19       		.uleb128 0x19
 781 00ca 3C       		.uleb128 0x3c
 782 00cb 19       		.uleb128 0x19
 783 00cc 00       		.byte	0
 784 00cd 00       		.byte	0
 785 00ce 00       		.byte	0
 786              		.section	.debug_aranges,"",%progbits
 787 0000 3C000000 		.4byte	0x3c
 788 0004 0200     		.2byte	0x2
 789 0006 00000000 		.4byte	.Ldebug_info0
 790 000a 04       		.byte	0x4
 791 000b 00       		.byte	0
 792 000c 0000     		.2byte	0
 793 000e 0000     		.2byte	0
 794 0010 00000000 		.4byte	.LFB2
 795 0014 C0000000 		.4byte	.LFE2-.LFB2
 796 0018 00000000 		.4byte	.LFB3
 797 001c 3C000000 		.4byte	.LFE3-.LFB3
 798 0020 00000000 		.4byte	.LFB4
ARM GAS  C:\Users\freem\AppData\Local\Temp\ccbPYJ7e.s 			page 24


 799 0024 70000000 		.4byte	.LFE4-.LFB4
 800 0028 00000000 		.4byte	.LFB5
 801 002c 3C000000 		.4byte	.LFE5-.LFB5
 802 0030 00000000 		.4byte	.LFB6
 803 0034 4C000000 		.4byte	.LFE6-.LFB6
 804 0038 00000000 		.4byte	0
 805 003c 00000000 		.4byte	0
 806              		.section	.debug_ranges,"",%progbits
 807              	.Ldebug_ranges0:
 808 0000 00000000 		.4byte	.LFB2
 809 0004 C0000000 		.4byte	.LFE2
 810 0008 00000000 		.4byte	.LFB3
 811 000c 3C000000 		.4byte	.LFE3
 812 0010 00000000 		.4byte	.LFB4
 813 0014 70000000 		.4byte	.LFE4
 814 0018 00000000 		.4byte	.LFB5
 815 001c 3C000000 		.4byte	.LFE5
 816 0020 00000000 		.4byte	.LFB6
 817 0024 4C000000 		.4byte	.LFE6
 818 0028 00000000 		.4byte	0
 819 002c 00000000 		.4byte	0
 820              		.section	.debug_line,"",%progbits
 821              	.Ldebug_line0:
 822 0000 E8000000 		.section	.debug_str,"MS",%progbits,1
 822      02006100 
 822      00000201 
 822      FB0E0D00 
 822      01010101 
 823              	.LASF15:
 824 0000 72656733 		.ascii	"reg32\000"
 824      3200
 825              	.LASF23:
 826 0006 736C6176 		.ascii	"slaveSelect\000"
 826      6553656C 
 826      65637400 
 827              	.LASF18:
 828 0012 53444361 		.ascii	"SDCard_SPIM_SpiInit\000"
 828      72645F53 
 828      50494D5F 
 828      53706949 
 828      6E697400 
 829              	.LASF3:
 830 0026 73686F72 		.ascii	"short unsigned int\000"
 830      7420756E 
 830      7369676E 
 830      65642069 
 830      6E7400
 831              	.LASF26:
 832 0039 7373506F 		.ascii	"ssPolarity\000"
 832      6C617269 
 832      747900
 833              	.LASF13:
 834 0044 646F7562 		.ascii	"double\000"
 834      6C6500
 835              	.LASF12:
 836 004b 666C6F61 		.ascii	"float\000"
 836      7400
ARM GAS  C:\Users\freem\AppData\Local\Temp\ccbPYJ7e.s 			page 25


 837              	.LASF28:
 838 0051 47656E65 		.ascii	"Generated_Source\\PSoC4\\SDCard_SPIM_SPI.c\000"
 838      72617465 
 838      645F536F 
 838      75726365 
 838      5C50536F 
 839              	.LASF1:
 840 007a 756E7369 		.ascii	"unsigned char\000"
 840      676E6564 
 840      20636861 
 840      7200
 841              	.LASF5:
 842 0088 6C6F6E67 		.ascii	"long unsigned int\000"
 842      20756E73 
 842      69676E65 
 842      6420696E 
 842      7400
 843              	.LASF9:
 844 009a 75696E74 		.ascii	"uint8\000"
 844      3800
 845              	.LASF27:
 846 00a0 474E5520 		.ascii	"GNU C11 5.4.1 20160609 (release) [ARM/embedded-5-br"
 846      43313120 
 846      352E342E 
 846      31203230 
 846      31363036 
 847 00d3 616E6368 		.ascii	"anch revision 237715] -mcpu=cortex-m0 -mthumb -g -O"
 847      20726576 
 847      6973696F 
 847      6E203233 
 847      37373135 
 848 0106 30202D66 		.ascii	"0 -ffunction-sections -ffat-lto-objects\000"
 848      66756E63 
 848      74696F6E 
 848      2D736563 
 848      74696F6E 
 849              	.LASF22:
 850 012e 53444361 		.ascii	"SDCard_SPIM_SpiSetSlaveSelectPolarity\000"
 850      72645F53 
 850      50494D5F 
 850      53706953 
 850      6574536C 
 851              	.LASF20:
 852 0154 53444361 		.ascii	"SDCard_SPIM_SpiStop\000"
 852      72645F53 
 852      50494D5F 
 852      53706953 
 852      746F7000 
 853              	.LASF29:
 854 0168 433A5C55 		.ascii	"C:\\Users\\freem\\OneDrive\\Documents\\ECE\\ECE 405"
 854      73657273 
 854      5C667265 
 854      656D5C4F 
 854      6E654472 
 855 0195 5F343036 		.ascii	"_406\\SD_Card_Interface\\SDCard_Demo.cydsn\000"
 855      5C53445F 
 855      43617264 
ARM GAS  C:\Users\freem\AppData\Local\Temp\ccbPYJ7e.s 			page 26


 855      5F496E74 
 855      65726661 
 856              	.LASF10:
 857 01be 75696E74 		.ascii	"uint16\000"
 857      313600
 858              	.LASF19:
 859 01c5 53444361 		.ascii	"SDCard_SPIM_SpiPostEnable\000"
 859      72645F53 
 859      50494D5F 
 859      53706950 
 859      6F737445 
 860              	.LASF11:
 861 01df 75696E74 		.ascii	"uint32\000"
 861      333200
 862              	.LASF8:
 863 01e6 756E7369 		.ascii	"unsigned int\000"
 863      676E6564 
 863      20696E74 
 863      00
 864              	.LASF21:
 865 01f3 53444361 		.ascii	"SDCard_SPIM_SpiSetActiveSlaveSelect\000"
 865      72645F53 
 865      50494D5F 
 865      53706953 
 865      65744163 
 866              	.LASF7:
 867 0217 6C6F6E67 		.ascii	"long long unsigned int\000"
 867      206C6F6E 
 867      6720756E 
 867      7369676E 
 867      65642069 
 868              	.LASF30:
 869 022e 53444361 		.ascii	"SDCard_SPIM_IntrTxMask\000"
 869      72645F53 
 869      50494D5F 
 869      496E7472 
 869      54784D61 
 870              	.LASF24:
 871 0245 706F6C61 		.ascii	"polarity\000"
 871      72697479 
 871      00
 872              	.LASF17:
 873 024e 73697A65 		.ascii	"sizetype\000"
 873      74797065 
 873      00
 874              	.LASF6:
 875 0257 6C6F6E67 		.ascii	"long long int\000"
 875      206C6F6E 
 875      6720696E 
 875      7400
 876              	.LASF14:
 877 0265 63686172 		.ascii	"char\000"
 877      00
 878              	.LASF25:
 879 026a 73706943 		.ascii	"spiCtrl\000"
 879      74726C00 
 880              	.LASF2:
ARM GAS  C:\Users\freem\AppData\Local\Temp\ccbPYJ7e.s 			page 27


 881 0272 73686F72 		.ascii	"short int\000"
 881      7420696E 
 881      7400
 882              	.LASF4:
 883 027c 6C6F6E67 		.ascii	"long int\000"
 883      20696E74 
 883      00
 884              	.LASF16:
 885 0285 6C6F6E67 		.ascii	"long double\000"
 885      20646F75 
 885      626C6500 
 886              	.LASF0:
 887 0291 7369676E 		.ascii	"signed char\000"
 887      65642063 
 887      68617200 
 888              		.ident	"GCC: (GNU Tools for ARM Embedded Processors) 5.4.1 20160609 (release) [ARM/embedded-5-bran
