--------------- Build Started: 03/22/2023 23:22:18 Project: PSoc4_FatFs, Configuration: ARM GCC 5.4-2016-q2-update Debug ---------------
The code generation step is up to date.
arm-none-eabi-gcc.exe -mcpu=cortex-m0 -mthumb -I. -IGenerated_Source\PSoC4 -Wa,-alh=.\CortexM0\ARM_GCC_541\Debug/main.lst -g -D DEBUG -Wall -ffunction-sections -ffat-lto-objects -O0 -c main.c -o .\CortexM0\ARM_GCC_541\Debug\main.o
main.c: In function 'Test_A':
main.c:105:9: warning: unused variable 'fileO' [-Wunused-variable]
     FIL fileO;
         ^
main.c: In function 'Test_B':
main.c:214:39: warning: unused variable 'totalsectors' [-Wunused-variable]
     uint32 freeclusters, freesectors, totalsectors;
                                       ^
main.c:214:26: warning: unused variable 'freesectors' [-Wunused-variable]
     uint32 freeclusters, freesectors, totalsectors;
                          ^
main.c:214:12: warning: unused variable 'freeclusters' [-Wunused-variable]
     uint32 freeclusters, freesectors, totalsectors;
            ^
main.c:213:10: warning: unused variable 'str' [-Wunused-variable]
     char str[100];
          ^
main.c:210:13: warning: unused variable 'fileInfo' [-Wunused-variable]
     FILINFO fileInfo;
             ^
main.c:209:9: warning: unused variable 'directoryO' [-Wunused-variable]
     DIR directoryO;
         ^
arm-none-eabi-gcc.exe -mcpu=cortex-m0 -mthumb -I. -IGenerated_Source\PSoC4 -Wa,-alh=.\CortexM0\ARM_GCC_541\Debug/rtc.lst -g -D DEBUG -Wall -ffunction-sections -ffat-lto-objects -O0 -c rtc.c -o .\CortexM0\ARM_GCC_541\Debug\rtc.o
arm-none-eabi-gcc.exe -mcpu=cortex-m0 -mthumb -I. -IGenerated_Source\PSoC4 -Wa,-alh=.\CortexM0\ARM_GCC_541\Debug/sdcard.lst -g -D DEBUG -Wall -ffunction-sections -ffat-lto-objects -O0 -c ..\..\..\PSoC_FatFs_Library\sdcard.c -o .\CortexM0\ARM_GCC_541\Debug\sdcard.o
arm-none-eabi-gcc.exe -mcpu=cortex-m0 -mthumb -I. -IGenerated_Source\PSoC4 -Wa,-alh=.\CortexM0\ARM_GCC_541\Debug/ff.lst -g -D DEBUG -Wall -ffunction-sections -ffat-lto-objects -O0 -c ..\..\..\PSoC_FatFs_Library\ff.c -o .\CortexM0\ARM_GCC_541\Debug\ff.o
arm-none-eabi-ar.exe -rs .\CortexM0\ARM_GCC_541\Debug\PSoc4_FatFs.a .\CortexM0\ARM_GCC_541\Debug\SPI.o .\CortexM0\ARM_GCC_541\Debug\SPI_SPI_UART.o .\CortexM0\ARM_GCC_541\Debug\SPI_PM.o .\CortexM0\ARM_GCC_541\Debug\SPI_SPI.o .\CortexM0\ARM_GCC_541\Debug\SPI_BOOT.o .\CortexM0\ARM_GCC_541\Debug\SPI_SPI_BOOT.o .\CortexM0\ARM_GCC_541\Debug\UART.o .\CortexM0\ARM_GCC_541\Debug\UART_SPI_UART.o .\CortexM0\ARM_GCC_541\Debug\UART_SPI_UART_INT.o .\CortexM0\ARM_GCC_541\Debug\UART_PM.o .\CortexM0\ARM_GCC_541\Debug\UART_UART.o .\CortexM0\ARM_GCC_541\Debug\UART_BOOT.o .\CortexM0\ARM_GCC_541\Debug\UART_UART_BOOT.o .\CortexM0\ARM_GCC_541\Debug\SPI_SCBCLK.o .\CortexM0\ARM_GCC_541\Debug\SPI_sclk_m.o .\CortexM0\ARM_GCC_541\Debug\SPI_sclk_m_PM.o .\CortexM0\ARM_GCC_541\Debug\SPI_miso_m.o .\CortexM0\ARM_GCC_541\Debug\SPI_miso_m_PM.o .\CortexM0\ARM_GCC_541\Debug\SPI_mosi_m.o .\CortexM0\ARM_GCC_541\Debug\SPI_mosi_m_PM.o .\CortexM0\ARM_GCC_541\Debug\SPI_ss0_m.o .\CortexM0\ARM_GCC_541\Debug\SPI_ss0_m_PM.o .\CortexM0\ARM_GCC_541\Debug\UART_SCBCLK.o .\CortexM0\ARM_GCC_541\Debug\UART_tx.o .\CortexM0\ARM_GCC_541\Debug\UART_tx_PM.o .\CortexM0\ARM_GCC_541\Debug\UART_rx.o .\CortexM0\ARM_GCC_541\Debug\UART_rx_PM.o .\CortexM0\ARM_GCC_541\Debug\CyFlash.o .\CortexM0\ARM_GCC_541\Debug\CyLib.o .\CortexM0\ARM_GCC_541\Debug\cyPm.o .\CortexM0\ARM_GCC_541\Debug\cyutils.o .\CortexM0\ARM_GCC_541\Debug\CyDMA.o .\CortexM0\ARM_GCC_541\Debug\CyLFClk.o .\CortexM0\ARM_GCC_541\Debug\cy_em_eeprom.o .\CortexM0\ARM_GCC_541\Debug\CyBootAsmGnu.o
arm-none-eabi-ar.exe: creating .\CortexM0\ARM_GCC_541\Debug\PSoc4_FatFs.a
arm-none-eabi-gcc.exe -Wl,--start-group -o "C:\Users\freem\OneDrive\Documents\ECE\ECE 405_406\PSoC_FatFs-master\Examples\PSoC4_FatFs\PSoc4_FatFs.cydsn\CortexM0\ARM_GCC_541\Debug\PSoc4_FatFs.elf" .\CortexM0\ARM_GCC_541\Debug\main.o .\CortexM0\ARM_GCC_541\Debug\rtc.o .\CortexM0\ARM_GCC_541\Debug\sdcard.o .\CortexM0\ARM_GCC_541\Debug\ff.o .\CortexM0\ARM_GCC_541\Debug\cyfitter_cfg.o .\CortexM0\ARM_GCC_541\Debug\cymetadata.o .\CortexM0\ARM_GCC_541\Debug\Cm0Start.o .\CortexM0\ARM_GCC_541\Debug\PSoc4_FatFs.a -mcpu=cortex-m0 -mthumb -L Generated_Source\PSoC4 -Wl,-Map,.\CortexM0\ARM_GCC_541\Debug/PSoc4_FatFs.map -T Generated_Source\PSoC4\cm0gcc.ld -specs=nano.specs -Wl,--gc-sections -g -ffunction-sections -O0 -ffat-lto-objects -Wl,--end-group
cyelftool.exe -C "C:\Users\freem\OneDrive\Documents\ECE\ECE 405_406\PSoC_FatFs-master\Examples\PSoC4_FatFs\PSoc4_FatFs.cydsn\CortexM0\ARM_GCC_541\Debug\PSoc4_FatFs.elf" --flash_row_size 256 --flash_size 262144 --flash_offset 0x00000000
No ELF section .cychecksum found, creating one
Application checksum calculated and stored in ELF section .cychecksum
Checksum calculated and stored in ELF section .cymeta
cyelftool.exe -S "C:\Users\freem\OneDrive\Documents\ECE\ECE 405_406\PSoC_FatFs-master\Examples\PSoC4_FatFs\PSoc4_FatFs.cydsn\CortexM0\ARM_GCC_541\Debug\PSoc4_FatFs.elf"
Flash used: 23824 of 262144 bytes (9.1%).
SRAM used: 1524 of 32768 bytes (4.7%). Stack: 1024 bytes. Heap: 128 bytes.
--------------- Build Succeeded: 03/22/2023 23:22:19 ---------------
