--------------- Build Started: 03/22/2023 22:42:00 Project: SDCard_Demo, Configuration: ARM GCC 5.4-2016-q2-update Debug ---------------
cydsfit.exe -.appdatapath "C:\Users\freem\AppData\Local\Cypress Semiconductor\PSoC Creator\4.4" -.fdsnotice -.fdswarpdepfile=warp_dependencies.txt -.fdselabdepfile=elab_dependencies.txt -.fdsbldfile=generated_files.txt -.fdsreffile=referenced_files.txt -p "C:\Users\freem\OneDrive\Documents\ECE\ECE 405_406\SD_Card_Interface\SDCard_Demo.cydsn\SDCard_Demo.cyprj" -d CY8C4248LQI-BL583 -s "C:\Users\freem\OneDrive\Documents\ECE\ECE 405_406\SD_Card_Interface\SDCard_Demo.cydsn\Generated_Source\PSoC4" -- -yv2 -q10 -ygs -o2 -v3 -.fftcfgtype=LE
Elaborating Design...
HDL Generation...
Synthesis...
Tech Mapping...
ADD: pft.M0040: information: The following 1 pin(s) will be assigned a location by the fitter: \SDCard:SPIM:ss0_m(0)\
Analog Placement...
Analog Routing...
Analog Code Generation...
Digital Placement...
Digital Routing...
Bitstream Generation...
Bitstream Verification...
Static timing analysis...
API Generation...
Dependency Generation...
Cleanup...
The compile step is up to date, no work needs to be done.
The link step is up to date, no work needs to be done.
--------------- Build Succeeded: 03/22/2023 22:42:06 ---------------
